{"/Users/polonsky/git/dynamoose/packages/dynamoose/dist/Condition.js": {"path":"/Users/polonsky/git/dynamoose/packages/dynamoose/dist/Condition.js","statementMap":{"0":{"start":{"line":2,"column":0},"end":{"line":2,"column":62}},"1":{"start":{"line":3,"column":0},"end":{"line":3,"column":27}},"2":{"start":{"line":4,"column":15},"end":{"line":4,"column":32}},"3":{"start":{"line":5,"column":16},"end":{"line":5,"column":34}},"4":{"start":{"line":6,"column":16},"end":{"line":6,"column":34}},"5":{"start":{"line":7,"column":11},"end":{"line":7,"column":23}},"6":{"start":{"line":8,"column":19},"end":{"line":8,"column":40}},"7":{"start":{"line":9,"column":34},"end":{"line":9,"column":70}},"8":{"start":{"line":10,"column":31},"end":{"line":10,"column":57}},"9":{"start":{"line":11,"column":29},"end":{"line":11,"column":209}},"10":{"start":{"line":11,"column":41},"end":{"line":11,"column":209}},"11":{"start":{"line":11,"column":151},"end":{"line":11,"column":208}},"12":{"start":{"line":13,"column":0},"end":{"line":25,"column":82}},"13":{"start":{"line":14,"column":4},"end":{"line":14,"column":55}},"14":{"start":{"line":15,"column":4},"end":{"line":15,"column":58}},"15":{"start":{"line":16,"column":4},"end":{"line":16,"column":57}},"16":{"start":{"line":17,"column":4},"end":{"line":17,"column":63}},"17":{"start":{"line":18,"column":4},"end":{"line":18,"column":60}},"18":{"start":{"line":19,"column":4},"end":{"line":19,"column":66}},"19":{"start":{"line":20,"column":4},"end":{"line":20,"column":67}},"20":{"start":{"line":21,"column":4},"end":{"line":21,"column":63}},"21":{"start":{"line":22,"column":4},"end":{"line":22,"column":59}},"22":{"start":{"line":23,"column":4},"end":{"line":23,"column":51}},"23":{"start":{"line":24,"column":4},"end":{"line":24,"column":61}},"24":{"start":{"line":27,"column":0},"end":{"line":41,"column":94}},"25":{"start":{"line":28,"column":4},"end":{"line":28,"column":61}},"26":{"start":{"line":29,"column":4},"end":{"line":29,"column":64}},"27":{"start":{"line":30,"column":4},"end":{"line":30,"column":63}},"28":{"start":{"line":31,"column":4},"end":{"line":31,"column":69}},"29":{"start":{"line":32,"column":4},"end":{"line":32,"column":66}},"30":{"start":{"line":33,"column":4},"end":{"line":33,"column":72}},"31":{"start":{"line":34,"column":4},"end":{"line":34,"column":74}},"32":{"start":{"line":35,"column":4},"end":{"line":35,"column":69}},"33":{"start":{"line":36,"column":4},"end":{"line":36,"column":76}},"34":{"start":{"line":37,"column":4},"end":{"line":37,"column":65}},"35":{"start":{"line":38,"column":4},"end":{"line":38,"column":72}},"36":{"start":{"line":39,"column":4},"end":{"line":39,"column":57}},"37":{"start":{"line":40,"column":4},"end":{"line":40,"column":67}},"38":{"start":{"line":42,"column":14},"end":{"line":54,"column":1}},"39":{"start":{"line":62,"column":8},"end":{"line":62,"column":16}},"40":{"start":{"line":63,"column":8},"end":{"line":192,"column":11}},"41":{"start":{"line":65,"column":33},"end":{"line":76,"column":17}},"42":{"start":{"line":66,"column":35},"end":{"line":66,"column":183}},"43":{"start":{"line":67,"column":39},"end":{"line":67,"column":58}},"44":{"start":{"line":74,"column":37},"end":{"line":74,"column":58}},"45":{"start":{"line":75,"column":20},"end":{"line":75,"column":85}},"46":{"start":{"line":77,"column":16},"end":{"line":89,"column":17}},"47":{"start":{"line":78,"column":20},"end":{"line":85,"column":84}},"48":{"start":{"line":79,"column":45},"end":{"line":79,"column":50}},"49":{"start":{"line":81,"column":24},"end":{"line":83,"column":25}},"50":{"start":{"line":82,"column":28},"end":{"line":82,"column":92}},"51":{"start":{"line":84,"column":24},"end":{"line":84,"column":35}},"52":{"start":{"line":87,"column":21},"end":{"line":89,"column":17}},"53":{"start":{"line":88,"column":20},"end":{"line":88,"column":30}},"54":{"start":{"line":90,"column":28},"end":{"line":90,"column":61}},"55":{"start":{"line":91,"column":33},"end":{"line":94,"column":17}},"56":{"start":{"line":92,"column":20},"end":{"line":92,"column":30}},"57":{"start":{"line":93,"column":20},"end":{"line":93,"column":89}},"58":{"start":{"line":96,"column":20},"end":{"line":179,"column":172}},"59":{"start":{"line":97,"column":41},"end":{"line":97,"column":43}},"60":{"start":{"line":98,"column":24},"end":{"line":165,"column":25}},"61":{"start":{"line":99,"column":43},"end":{"line":99,"column":60}},"62":{"start":{"line":100,"column":44},"end":{"line":100,"column":171}},"63":{"start":{"line":101,"column":49},"end":{"line":101,"column":144}},"64":{"start":{"line":102,"column":28},"end":{"line":102,"column":159}},"65":{"start":{"line":103,"column":28},"end":{"line":103,"column":92}},"66":{"start":{"line":105,"column":29},"end":{"line":165,"column":25}},"67":{"start":{"line":106,"column":52},"end":{"line":106,"column":76}},"68":{"start":{"line":107,"column":40},"end":{"line":107,"column":140}},"69":{"start":{"line":108,"column":46},"end":{"line":108,"column":64}},"70":{"start":{"line":109,"column":46},"end":{"line":109,"column":55}},"71":{"start":{"line":110,"column":41},"end":{"line":110,"column":88}},"72":{"start":{"line":111,"column":28},"end":{"line":111,"column":46}},"73":{"start":{"line":112,"column":45},"end":{"line":112,"column":59}},"74":{"start":{"line":113,"column":28},"end":{"line":123,"column":29}},"75":{"start":{"line":114,"column":32},"end":{"line":114,"column":81}},"76":{"start":{"line":117,"column":32},"end":{"line":122,"column":49}},"77":{"start":{"line":118,"column":49},"end":{"line":118,"column":72}},"78":{"start":{"line":119,"column":36},"end":{"line":119,"column":81}},"79":{"start":{"line":120,"column":36},"end":{"line":120,"column":57}},"80":{"start":{"line":121,"column":36},"end":{"line":121,"column":53}},"81":{"start":{"line":124,"column":28},"end":{"line":124,"column":102}},"82":{"start":{"line":125,"column":28},"end":{"line":161,"column":29}},"83":{"start":{"line":128,"column":36},"end":{"line":128,"column":118}},"84":{"start":{"line":129,"column":36},"end":{"line":129,"column":42}},"85":{"start":{"line":131,"column":36},"end":{"line":131,"column":88}},"86":{"start":{"line":132,"column":36},"end":{"line":132,"column":130}},"87":{"start":{"line":132,"column":90},"end":{"line":132,"column":114}},"88":{"start":{"line":133,"column":36},"end":{"line":135,"column":40}},"89":{"start":{"line":134,"column":40},"end":{"line":134,"column":132}},"90":{"start":{"line":136,"column":36},"end":{"line":136,"column":42}},"91":{"start":{"line":141,"column":36},"end":{"line":141,"column":166}},"92":{"start":{"line":142,"column":36},"end":{"line":142,"column":42}},"93":{"start":{"line":144,"column":36},"end":{"line":144,"column":108}},"94":{"start":{"line":145,"column":36},"end":{"line":145,"column":120}},"95":{"start":{"line":146,"column":36},"end":{"line":146,"column":120}},"96":{"start":{"line":147,"column":36},"end":{"line":147,"column":88}},"97":{"start":{"line":148,"column":36},"end":{"line":148,"column":42}},"98":{"start":{"line":151,"column":36},"end":{"line":151,"column":140}},"99":{"start":{"line":152,"column":36},"end":{"line":152,"column":42}},"100":{"start":{"line":155,"column":36},"end":{"line":155,"column":131}},"101":{"start":{"line":156,"column":36},"end":{"line":156,"column":88}},"102":{"start":{"line":157,"column":36},"end":{"line":157,"column":42}},"103":{"start":{"line":159,"column":36},"end":{"line":159,"column":93}},"104":{"start":{"line":160,"column":36},"end":{"line":160,"column":42}},"105":{"start":{"line":164,"column":28},"end":{"line":164,"column":42}},"106":{"start":{"line":166,"column":56},"end":{"line":166,"column":68}},"107":{"start":{"line":167,"column":24},"end":{"line":169,"column":25}},"108":{"start":{"line":168,"column":28},"end":{"line":168,"column":101}},"109":{"start":{"line":170,"column":24},"end":{"line":177,"column":27}},"110":{"start":{"line":171,"column":28},"end":{"line":176,"column":29}},"111":{"start":{"line":172,"column":32},"end":{"line":172,"column":112}},"112":{"start":{"line":175,"column":32},"end":{"line":175,"column":112}},"113":{"start":{"line":178,"column":24},"end":{"line":178,"column":38}},"114":{"start":{"line":181,"column":16},"end":{"line":181,"column":139}},"115":{"start":{"line":184,"column":40},"end":{"line":189,"column":22}},"116":{"start":{"line":185,"column":35},"end":{"line":185,"column":58}},"117":{"start":{"line":186,"column":32},"end":{"line":186,"column":41}},"118":{"start":{"line":187,"column":20},"end":{"line":187,"column":58}},"119":{"start":{"line":188,"column":20},"end":{"line":188,"column":31}},"120":{"start":{"line":190,"column":16},"end":{"line":190,"column":143}},"121":{"start":{"line":193,"column":8},"end":{"line":227,"column":9}},"122":{"start":{"line":194,"column":12},"end":{"line":194,"column":235}},"123":{"start":{"line":197,"column":12},"end":{"line":200,"column":22}},"124":{"start":{"line":201,"column":12},"end":{"line":223,"column":13}},"125":{"start":{"line":202,"column":16},"end":{"line":217,"column":17}},"126":{"start":{"line":203,"column":20},"end":{"line":216,"column":23}},"127":{"start":{"line":204,"column":38},"end":{"line":204,"column":49}},"128":{"start":{"line":205,"column":42},"end":{"line":205,"column":131}},"129":{"start":{"line":206,"column":47},"end":{"line":206,"column":92}},"130":{"start":{"line":206,"column":68},"end":{"line":206,"column":91}},"131":{"start":{"line":207,"column":24},"end":{"line":209,"column":25}},"132":{"start":{"line":208,"column":28},"end":{"line":208,"column":116}},"133":{"start":{"line":210,"column":24},"end":{"line":215,"column":27}},"134":{"start":{"line":219,"column":17},"end":{"line":223,"column":13}},"135":{"start":{"line":220,"column":49},"end":{"line":220,"column":95}},"136":{"start":{"line":221,"column":16},"end":{"line":221,"column":71}},"137":{"start":{"line":222,"column":16},"end":{"line":222,"column":89}},"138":{"start":{"line":224,"column":45},"end":{"line":224,"column":91}},"139":{"start":{"line":225,"column":12},"end":{"line":225,"column":59}},"140":{"start":{"line":226,"column":12},"end":{"line":226,"column":85}},"141":{"start":{"line":228,"column":8},"end":{"line":228,"column":20}},"142":{"start":{"line":239,"column":8},"end":{"line":239,"column":84}},"143":{"start":{"line":240,"column":8},"end":{"line":240,"column":20}},"144":{"start":{"line":253,"column":8},"end":{"line":253,"column":20}},"145":{"start":{"line":282,"column":8},"end":{"line":282,"column":147}},"146":{"start":{"line":283,"column":8},"end":{"line":283,"column":20}},"147":{"start":{"line":299,"column":8},"end":{"line":299,"column":93}},"148":{"start":{"line":300,"column":27},"end":{"line":300,"column":98}},"149":{"start":{"line":301,"column":8},"end":{"line":301,"column":92}},"150":{"start":{"line":302,"column":8},"end":{"line":302,"column":20}},"151":{"start":{"line":318,"column":8},"end":{"line":318,"column":43}},"152":{"start":{"line":321,"column":0},"end":{"line":321,"column":30}},"153":{"start":{"line":323,"column":20},"end":{"line":323,"column":87}},"154":{"start":{"line":325,"column":4},"end":{"line":333,"column":5}},"155":{"start":{"line":326,"column":8},"end":{"line":328,"column":9}},"156":{"start":{"line":327,"column":12},"end":{"line":327,"column":111}},"157":{"start":{"line":329,"column":8},"end":{"line":329,"column":42}},"158":{"start":{"line":332,"column":8},"end":{"line":332,"column":47}},"159":{"start":{"line":334,"column":4},"end":{"line":339,"column":7}},"160":{"start":{"line":340,"column":4},"end":{"line":340,"column":77}},"161":{"start":{"line":342,"column":0},"end":{"line":345,"column":2}},"162":{"start":{"line":343,"column":4},"end":{"line":343,"column":78}},"163":{"start":{"line":344,"column":4},"end":{"line":344,"column":16}},"164":{"start":{"line":347,"column":0},"end":{"line":357,"column":3}},"165":{"start":{"line":348,"column":4},"end":{"line":356,"column":6}},"166":{"start":{"line":349,"column":8},"end":{"line":351,"column":9}},"167":{"start":{"line":350,"column":12},"end":{"line":350,"column":435}},"168":{"start":{"line":352,"column":8},"end":{"line":352,"column":120}},"169":{"start":{"line":353,"column":8},"end":{"line":353,"column":84}},"170":{"start":{"line":354,"column":8},"end":{"line":354,"column":30}},"171":{"start":{"line":355,"column":8},"end":{"line":355,"column":20}}},"fnMap":{"0":{"name":"(anonymous_0)","decl":{"start":{"line":11,"column":29},"end":{"line":11,"column":30}},"loc":{"start":{"line":11,"column":41},"end":{"line":11,"column":209}},"line":11},"1":{"name":"(anonymous_1)","decl":{"start":{"line":11,"column":141},"end":{"line":11,"column":142}},"loc":{"start":{"line":11,"column":151},"end":{"line":11,"column":208}},"line":11},"2":{"name":"(anonymous_2)","decl":{"start":{"line":13,"column":1},"end":{"line":13,"column":2}},"loc":{"start":{"line":13,"column":46},"end":{"line":25,"column":1}},"line":13},"3":{"name":"(anonymous_3)","decl":{"start":{"line":27,"column":1},"end":{"line":27,"column":2}},"loc":{"start":{"line":27,"column":52},"end":{"line":41,"column":1}},"line":27},"4":{"name":"(anonymous_4)","decl":{"start":{"line":61,"column":4},"end":{"line":61,"column":5}},"loc":{"start":{"line":61,"column":24},"end":{"line":229,"column":5}},"line":61},"5":{"name":"(anonymous_5)","decl":{"start":{"line":64,"column":29},"end":{"line":64,"column":30}},"loc":{"start":{"line":64,"column":136},"end":{"line":182,"column":13}},"line":64},"6":{"name":"(anonymous_6)","decl":{"start":{"line":65,"column":33},"end":{"line":65,"column":34}},"loc":{"start":{"line":65,"column":55},"end":{"line":76,"column":17}},"line":65},"7":{"name":"(anonymous_7)","decl":{"start":{"line":78,"column":159},"end":{"line":78,"column":160}},"loc":{"start":{"line":78,"column":181},"end":{"line":85,"column":21}},"line":78},"8":{"name":"(anonymous_8)","decl":{"start":{"line":91,"column":33},"end":{"line":91,"column":34}},"loc":{"start":{"line":91,"column":40},"end":{"line":94,"column":17}},"line":91},"9":{"name":"main","decl":{"start":{"line":95,"column":31},"end":{"line":95,"column":35}},"loc":{"start":{"line":95,"column":43},"end":{"line":180,"column":17}},"line":95},"10":{"name":"(anonymous_10)","decl":{"start":{"line":96,"column":63},"end":{"line":96,"column":64}},"loc":{"start":{"line":96,"column":96},"end":{"line":179,"column":21}},"line":96},"11":{"name":"(anonymous_11)","decl":{"start":{"line":117,"column":60},"end":{"line":117,"column":61}},"loc":{"start":{"line":117,"column":88},"end":{"line":122,"column":33}},"line":117},"12":{"name":"(anonymous_12)","decl":{"start":{"line":132,"column":79},"end":{"line":132,"column":80}},"loc":{"start":{"line":132,"column":90},"end":{"line":132,"column":114}},"line":132},"13":{"name":"(anonymous_13)","decl":{"start":{"line":133,"column":64},"end":{"line":133,"column":65}},"loc":{"start":{"line":133,"column":88},"end":{"line":135,"column":37}},"line":133},"14":{"name":"(anonymous_14)","decl":{"start":{"line":170,"column":56},"end":{"line":170,"column":57}},"loc":{"start":{"line":170,"column":66},"end":{"line":177,"column":25}},"line":170},"15":{"name":"(anonymous_15)","decl":{"start":{"line":183,"column":31},"end":{"line":183,"column":32}},"loc":{"start":{"line":183,"column":42},"end":{"line":191,"column":13}},"line":183},"16":{"name":"(anonymous_16)","decl":{"start":{"line":184,"column":114},"end":{"line":184,"column":115}},"loc":{"start":{"line":184,"column":129},"end":{"line":189,"column":17}},"line":184},"17":{"name":"(anonymous_17)","decl":{"start":{"line":203,"column":48},"end":{"line":203,"column":49}},"loc":{"start":{"line":203,"column":57},"end":{"line":216,"column":21}},"line":203},"18":{"name":"(anonymous_18)","decl":{"start":{"line":206,"column":58},"end":{"line":206,"column":59}},"loc":{"start":{"line":206,"column":68},"end":{"line":206,"column":91}},"line":206},"19":{"name":"(anonymous_19)","decl":{"start":{"line":238,"column":4},"end":{"line":238,"column":5}},"loc":{"start":{"line":238,"column":9},"end":{"line":241,"column":5}},"line":238},"20":{"name":"(anonymous_20)","decl":{"start":{"line":252,"column":4},"end":{"line":252,"column":5}},"loc":{"start":{"line":252,"column":10},"end":{"line":254,"column":5}},"line":252},"21":{"name":"(anonymous_21)","decl":{"start":{"line":281,"column":4},"end":{"line":281,"column":5}},"loc":{"start":{"line":281,"column":10},"end":{"line":284,"column":5}},"line":281},"22":{"name":"(anonymous_22)","decl":{"start":{"line":298,"column":4},"end":{"line":298,"column":5}},"loc":{"start":{"line":298,"column":27},"end":{"line":303,"column":5}},"line":298},"23":{"name":"(anonymous_23)","decl":{"start":{"line":317,"column":4},"end":{"line":317,"column":5}},"loc":{"start":{"line":317,"column":21},"end":{"line":319,"column":5}},"line":317},"24":{"name":"finalizePending","decl":{"start":{"line":322,"column":9},"end":{"line":322,"column":24}},"loc":{"start":{"line":322,"column":35},"end":{"line":341,"column":1}},"line":322},"25":{"name":"(anonymous_25)","decl":{"start":{"line":342,"column":89},"end":{"line":342,"column":90}},"loc":{"start":{"line":342,"column":104},"end":{"line":345,"column":1}},"line":342},"26":{"name":"(anonymous_26)","decl":{"start":{"line":347,"column":14},"end":{"line":347,"column":15}},"loc":{"start":{"line":347,"column":24},"end":{"line":357,"column":1}},"line":347},"27":{"name":"(anonymous_27)","decl":{"start":{"line":348,"column":37},"end":{"line":348,"column":38}},"loc":{"start":{"line":348,"column":56},"end":{"line":356,"column":5}},"line":348}},"branchMap":{"0":{"loc":{"start":{"line":11,"column":41},"end":{"line":11,"column":209}},"type":"binary-expr","locations":[{"start":{"line":11,"column":41},"end":{"line":11,"column":73}},{"start":{"line":11,"column":77},"end":{"line":11,"column":209}}],"line":11},"1":{"loc":{"start":{"line":11,"column":151},"end":{"line":11,"column":208}},"type":"binary-expr","locations":[{"start":{"line":11,"column":151},"end":{"line":11,"column":172}},{"start":{"line":11,"column":176},"end":{"line":11,"column":208}}],"line":11},"2":{"loc":{"start":{"line":25,"column":3},"end":{"line":25,"column":80}},"type":"binary-expr","locations":[{"start":{"line":25,"column":3},"end":{"line":25,"column":36}},{"start":{"line":25,"column":41},"end":{"line":25,"column":79}}],"line":25},"3":{"loc":{"start":{"line":41,"column":3},"end":{"line":41,"column":92}},"type":"binary-expr","locations":[{"start":{"line":41,"column":3},"end":{"line":41,"column":42}},{"start":{"line":41,"column":47},"end":{"line":41,"column":91}}],"line":41},"4":{"loc":{"start":{"line":64,"column":43},"end":{"line":64,"column":131}},"type":"default-arg","locations":[{"start":{"line":64,"column":54},"end":{"line":64,"column":131}}],"line":64},"5":{"loc":{"start":{"line":77,"column":16},"end":{"line":89,"column":17}},"type":"if","locations":[{"start":{"line":77,"column":16},"end":{"line":89,"column":17}},{"start":{"line":87,"column":21},"end":{"line":89,"column":17}}],"line":77},"6":{"loc":{"start":{"line":77,"column":20},"end":{"line":77,"column":285}},"type":"binary-expr","locations":[{"start":{"line":77,"column":20},"end":{"line":77,"column":79}},{"start":{"line":77,"column":83},"end":{"line":77,"column":285}}],"line":77},"7":{"loc":{"start":{"line":81,"column":24},"end":{"line":83,"column":25}},"type":"if","locations":[{"start":{"line":81,"column":24},"end":{"line":83,"column":25}},{"start":{},"end":{}}],"line":81},"8":{"loc":{"start":{"line":87,"column":21},"end":{"line":89,"column":17}},"type":"if","locations":[{"start":{"line":87,"column":21},"end":{"line":89,"column":17}},{"start":{},"end":{}}],"line":87},"9":{"loc":{"start":{"line":90,"column":28},"end":{"line":90,"column":61}},"type":"binary-expr","locations":[{"start":{"line":90,"column":28},"end":{"line":90,"column":56}},{"start":{"line":90,"column":60},"end":{"line":90,"column":61}}],"line":90},"10":{"loc":{"start":{"line":90,"column":29},"end":{"line":90,"column":49}},"type":"binary-expr","locations":[{"start":{"line":90,"column":29},"end":{"line":90,"column":43}},{"start":{"line":90,"column":47},"end":{"line":90,"column":49}}],"line":90},"11":{"loc":{"start":{"line":93,"column":21},"end":{"line":93,"column":80}},"type":"binary-expr","locations":[{"start":{"line":93,"column":21},"end":{"line":93,"column":35}},{"start":{"line":93,"column":39},"end":{"line":93,"column":80}}],"line":93},"12":{"loc":{"start":{"line":98,"column":24},"end":{"line":165,"column":25}},"type":"if","locations":[{"start":{"line":98,"column":24},"end":{"line":165,"column":25}},{"start":{"line":105,"column":29},"end":{"line":165,"column":25}}],"line":98},"13":{"loc":{"start":{"line":102,"column":41},"end":{"line":102,"column":158}},"type":"cond-expr","locations":[{"start":{"line":102,"column":84},"end":{"line":102,"column":116}},{"start":{"line":102,"column":119},"end":{"line":102,"column":158}}],"line":102},"14":{"loc":{"start":{"line":105,"column":29},"end":{"line":165,"column":25}},"type":"if","locations":[{"start":{"line":105,"column":29},"end":{"line":165,"column":25}},{"start":{"line":163,"column":29},"end":{"line":165,"column":25}}],"line":105},"15":{"loc":{"start":{"line":113,"column":28},"end":{"line":123,"column":29}},"type":"if","locations":[{"start":{"line":113,"column":28},"end":{"line":123,"column":29}},{"start":{"line":116,"column":33},"end":{"line":123,"column":29}}],"line":113},"16":{"loc":{"start":{"line":125,"column":28},"end":{"line":161,"column":29}},"type":"switch","locations":[{"start":{"line":126,"column":32},"end":{"line":126,"column":42}},{"start":{"line":127,"column":32},"end":{"line":129,"column":42}},{"start":{"line":130,"column":32},"end":{"line":136,"column":42}},{"start":{"line":137,"column":32},"end":{"line":137,"column":42}},{"start":{"line":138,"column":32},"end":{"line":138,"column":42}},{"start":{"line":139,"column":32},"end":{"line":139,"column":42}},{"start":{"line":140,"column":32},"end":{"line":142,"column":42}},{"start":{"line":143,"column":32},"end":{"line":148,"column":42}},{"start":{"line":149,"column":32},"end":{"line":149,"column":48}},{"start":{"line":150,"column":32},"end":{"line":152,"column":42}},{"start":{"line":153,"column":32},"end":{"line":153,"column":46}},{"start":{"line":154,"column":32},"end":{"line":157,"column":42}},{"start":{"line":158,"column":32},"end":{"line":160,"column":42}}],"line":125},"17":{"loc":{"start":{"line":128,"column":65},"end":{"line":128,"column":101}},"type":"cond-expr","locations":[{"start":{"line":128,"column":91},"end":{"line":128,"column":94}},{"start":{"line":128,"column":97},"end":{"line":128,"column":101}}],"line":128},"18":{"loc":{"start":{"line":141,"column":65},"end":{"line":141,"column":107}},"type":"cond-expr","locations":[{"start":{"line":141,"column":98},"end":{"line":141,"column":101}},{"start":{"line":141,"column":104},"end":{"line":141,"column":107}}],"line":141},"19":{"loc":{"start":{"line":141,"column":110},"end":{"line":141,"column":149}},"type":"cond-expr","locations":[{"start":{"line":141,"column":141},"end":{"line":141,"column":144}},{"start":{"line":141,"column":147},"end":{"line":141,"column":149}}],"line":141},"20":{"loc":{"start":{"line":151,"column":52},"end":{"line":151,"column":99}},"type":"cond-expr","locations":[{"start":{"line":151,"column":88},"end":{"line":151,"column":94}},{"start":{"line":151,"column":97},"end":{"line":151,"column":99}}],"line":151},"21":{"loc":{"start":{"line":155,"column":62},"end":{"line":155,"column":107}},"type":"cond-expr","locations":[{"start":{"line":155,"column":96},"end":{"line":155,"column":102}},{"start":{"line":155,"column":105},"end":{"line":155,"column":107}}],"line":155},"22":{"loc":{"start":{"line":167,"column":24},"end":{"line":169,"column":25}},"type":"if","locations":[{"start":{"line":167,"column":24},"end":{"line":169,"column":25}},{"start":{},"end":{}}],"line":167},"23":{"loc":{"start":{"line":168,"column":64},"end":{"line":168,"column":96}},"type":"cond-expr","locations":[{"start":{"line":168,"column":84},"end":{"line":168,"column":88}},{"start":{"line":168,"column":91},"end":{"line":168,"column":96}}],"line":168},"24":{"loc":{"start":{"line":171,"column":28},"end":{"line":176,"column":29}},"type":"if","locations":[{"start":{"line":171,"column":28},"end":{"line":176,"column":29}},{"start":{"line":174,"column":33},"end":{"line":176,"column":29}}],"line":171},"25":{"loc":{"start":{"line":175,"column":70},"end":{"line":175,"column":110}},"type":"cond-expr","locations":[{"start":{"line":175,"column":92},"end":{"line":175,"column":96}},{"start":{"line":175,"column":99},"end":{"line":175,"column":110}}],"line":175},"26":{"loc":{"start":{"line":179,"column":53},"end":{"line":179,"column":103}},"type":"cond-expr","locations":[{"start":{"line":179,"column":96},"end":{"line":179,"column":98}},{"start":{"line":179,"column":101},"end":{"line":179,"column":103}}],"line":179},"27":{"loc":{"start":{"line":193,"column":8},"end":{"line":227,"column":9}},"type":"if","locations":[{"start":{"line":193,"column":8},"end":{"line":227,"column":9}},{"start":{"line":196,"column":13},"end":{"line":227,"column":9}}],"line":193},"28":{"loc":{"start":{"line":201,"column":12},"end":{"line":223,"column":13}},"type":"if","locations":[{"start":{"line":201,"column":12},"end":{"line":223,"column":13}},{"start":{"line":219,"column":17},"end":{"line":223,"column":13}}],"line":201},"29":{"loc":{"start":{"line":202,"column":16},"end":{"line":217,"column":17}},"type":"if","locations":[{"start":{"line":202,"column":16},"end":{"line":217,"column":17}},{"start":{},"end":{}}],"line":202},"30":{"loc":{"start":{"line":205,"column":42},"end":{"line":205,"column":131}},"type":"cond-expr","locations":[{"start":{"line":205,"column":103},"end":{"line":205,"column":124}},{"start":{"line":205,"column":127},"end":{"line":205,"column":131}}],"line":205},"31":{"loc":{"start":{"line":205,"column":42},"end":{"line":205,"column":100}},"type":"binary-expr","locations":[{"start":{"line":205,"column":42},"end":{"line":205,"column":67}},{"start":{"line":205,"column":71},"end":{"line":205,"column":100}}],"line":205},"32":{"loc":{"start":{"line":207,"column":24},"end":{"line":209,"column":25}},"type":"if","locations":[{"start":{"line":207,"column":24},"end":{"line":209,"column":25}},{"start":{},"end":{}}],"line":207},"33":{"loc":{"start":{"line":213,"column":41},"end":{"line":213,"column":136}},"type":"cond-expr","locations":[{"start":{"line":213,"column":112},"end":{"line":213,"column":128}},{"start":{"line":213,"column":131},"end":{"line":213,"column":136}}],"line":213},"34":{"loc":{"start":{"line":213,"column":41},"end":{"line":213,"column":109}},"type":"binary-expr","locations":[{"start":{"line":213,"column":41},"end":{"line":213,"column":80}},{"start":{"line":213,"column":84},"end":{"line":213,"column":109}}],"line":213},"35":{"loc":{"start":{"line":219,"column":17},"end":{"line":223,"column":13}},"type":"if","locations":[{"start":{"line":219,"column":17},"end":{"line":223,"column":13}},{"start":{},"end":{}}],"line":219},"36":{"loc":{"start":{"line":299,"column":20},"end":{"line":299,"column":92}},"type":"cond-expr","locations":[{"start":{"line":299,"column":54},"end":{"line":299,"column":80}},{"start":{"line":299,"column":83},"end":{"line":299,"column":92}}],"line":299},"37":{"loc":{"start":{"line":325,"column":4},"end":{"line":333,"column":5}},"type":"if","locations":[{"start":{"line":325,"column":4},"end":{"line":333,"column":5}},{"start":{"line":331,"column":9},"end":{"line":333,"column":5}}],"line":325},"38":{"loc":{"start":{"line":326,"column":8},"end":{"line":328,"column":9}},"type":"if","locations":[{"start":{"line":326,"column":8},"end":{"line":328,"column":9}},{"start":{},"end":{}}],"line":326},"39":{"loc":{"start":{"line":349,"column":8},"end":{"line":351,"column":9}},"type":"if","locations":[{"start":{"line":349,"column":8},"end":{"line":351,"column":9}},{"start":{},"end":{}}],"line":349},"40":{"loc":{"start":{"line":352,"column":80},"end":{"line":352,"column":119}},"type":"cond-expr","locations":[{"start":{"line":352,"column":105},"end":{"line":352,"column":109}},{"start":{"line":352,"column":112},"end":{"line":352,"column":119}}],"line":352}},"s":{"0":31,"1":31,"2":31,"3":31,"4":31,"5":31,"6":31,"7":31,"8":31,"9":31,"10":73,"11":22,"12":31,"13":31,"14":31,"15":31,"16":31,"17":31,"18":31,"19":31,"20":31,"21":31,"22":31,"23":31,"24":31,"25":31,"26":31,"27":31,"28":31,"29":31,"30":31,"31":31,"32":31,"33":31,"34":31,"35":31,"36":31,"37":31,"38":31,"39":643,"40":643,"41":279,"42":367,"43":367,"44":367,"45":367,"46":279,"47":9,"48":9,"49":9,"50":3,"51":9,"52":270,"53":42,"54":228,"55":228,"56":334,"57":334,"58":253,"59":367,"60":367,"61":25,"62":25,"63":25,"64":25,"65":25,"66":342,"67":334,"68":334,"69":334,"70":334,"71":334,"72":334,"73":334,"74":334,"75":333,"76":1,"77":2,"78":2,"79":2,"80":2,"81":334,"82":334,"83":264,"84":264,"85":3,"86":3,"87":8,"88":3,"89":8,"90":3,"91":37,"92":37,"93":11,"94":11,"95":11,"96":11,"97":11,"98":6,"99":6,"100":9,"101":9,"102":9,"103":4,"104":4,"105":8,"106":359,"107":359,"108":106,"109":359,"110":465,"111":89,"112":376,"113":359,"114":228,"115":135,"116":204,"117":204,"118":204,"119":204,"120":135,"121":643,"122":10,"123":633,"124":633,"125":73,"126":62,"127":88,"128":88,"129":88,"130":163,"131":88,"132":3,"133":85,"134":560,"135":248,"136":248,"137":248,"138":630,"139":630,"140":630,"141":640,"142":8,"143":8,"144":24,"145":42,"146":42,"147":25,"148":25,"149":25,"150":25,"151":14,"152":31,"153":465,"154":465,"155":34,"156":9,"157":25,"158":431,"159":456,"160":456,"161":31,"162":215,"163":215,"164":31,"165":341,"166":465,"167":1,"168":465,"169":465,"170":465,"171":456},"f":{"0":73,"1":22,"2":31,"3":31,"4":643,"5":279,"6":367,"7":9,"8":334,"9":253,"10":367,"11":2,"12":8,"13":8,"14":465,"15":135,"16":204,"17":88,"18":163,"19":8,"20":24,"21":42,"22":25,"23":14,"24":465,"25":215,"26":341,"27":465},"b":{"0":[73,11],"1":[22,22],"2":[31,31],"3":[31,31],"4":[51],"5":[9,270],"6":[279,199],"7":[3,6],"8":[42,228],"9":[228,228],"10":[228,226],"11":[334,332],"12":[25,342],"13":[9,16],"14":[334,8],"15":[333,1],"16":[260,264,3,8,12,20,37,11,4,6,7,9,4],"17":[260,4],"18":[12,25],"19":[21,16],"20":[2,4],"21":[2,7],"22":[106,253],"23":[8,98],"24":[89,376],"25":[9,367],"26":[188,65],"27":[10,633],"28":[73,560],"29":[62,11],"30":[66,22],"31":[88,66],"32":[3,85],"33":[63,22],"34":[85,63],"35":[248,312],"36":[11,14],"37":[34,431],"38":[9,25],"39":[1,464],"40":[20,445]},"_coverageSchema":"1a1c01bbd47fc00a2c39e90264f33305004495a9","hash":"ee3b216e6cca606f86fc699199c581ecce6b77d2"}
,"/Users/polonsky/git/dynamoose/packages/dynamoose/dist/Error.js": {"path":"/Users/polonsky/git/dynamoose/packages/dynamoose/dist/Error.js","statementMap":{"0":{"start":{"line":2,"column":0},"end":{"line":2,"column":62}},"1":{"start":{"line":3,"column":26},"end":{"line":3,"column":52}},"2":{"start":{"line":4,"column":0},"end":{"line":4,"column":48}}},"fnMap":{},"branchMap":{},"s":{"0":31,"1":31,"2":31},"f":{},"b":{},"_coverageSchema":"1a1c01bbd47fc00a2c39e90264f33305004495a9","hash":"b179d28f3d6008dcb11f8353d5f130236f221b20"}
,"/Users/polonsky/git/dynamoose/packages/dynamoose/dist/General.js": {"path":"/Users/polonsky/git/dynamoose/packages/dynamoose/dist/General.js","statementMap":{"0":{"start":{"line":2,"column":0},"end":{"line":2,"column":62}},"1":{"start":{"line":3,"column":0},"end":{"line":3,"column":27}},"2":{"start":{"line":5,"column":0},"end":{"line":14,"column":62}},"3":{"start":{"line":9,"column":4},"end":{"line":9,"column":41}},"4":{"start":{"line":13,"column":4},"end":{"line":13,"column":43}}},"fnMap":{"0":{"name":"(anonymous_0)","decl":{"start":{"line":5,"column":1},"end":{"line":5,"column":2}},"loc":{"start":{"line":5,"column":22},"end":{"line":14,"column":1}},"line":5}},"branchMap":{"0":{"loc":{"start":{"line":14,"column":15},"end":{"line":14,"column":60}},"type":"binary-expr","locations":[{"start":{"line":14,"column":15},"end":{"line":14,"column":32}},{"start":{"line":14,"column":37},"end":{"line":14,"column":59}}],"line":14}},"s":{"0":31,"1":31,"2":31,"3":31,"4":31},"f":{"0":31},"b":{"0":[31,31]},"_coverageSchema":"1a1c01bbd47fc00a2c39e90264f33305004495a9","hash":"cf4a5219629134e688f8c35023b09a0352dbf81f"}
,"/Users/polonsky/git/dynamoose/packages/dynamoose/dist/Instance.js": {"path":"/Users/polonsky/git/dynamoose/packages/dynamoose/dist/Instance.js","statementMap":{"0":{"start":{"line":2,"column":0},"end":{"line":2,"column":62}},"1":{"start":{"line":3,"column":0},"end":{"line":3,"column":26}},"2":{"start":{"line":4,"column":14},"end":{"line":4,"column":30}},"3":{"start":{"line":5,"column":16},"end":{"line":5,"column":34}},"4":{"start":{"line":17,"column":8},"end":{"line":17,"column":35}},"5":{"start":{"line":18,"column":8},"end":{"line":18,"column":44}},"6":{"start":{"line":21,"column":0},"end":{"line":21,"column":28}},"7":{"start":{"line":22,"column":0},"end":{"line":22,"column":34}},"8":{"start":{"line":26,"column":12},"end":{"line":26,"column":51}},"9":{"start":{"line":29,"column":4},"end":{"line":29,"column":17}}},"fnMap":{"0":{"name":"(anonymous_0)","decl":{"start":{"line":16,"column":4},"end":{"line":16,"column":5}},"loc":{"start":{"line":16,"column":18},"end":{"line":19,"column":5}},"line":16},"1":{"name":"getInstanceTable","decl":{"start":{"line":23,"column":9},"end":{"line":23,"column":25}},"loc":{"start":{"line":23,"column":36},"end":{"line":30,"column":1}},"line":23},"2":{"name":"(anonymous_2)","decl":{"start":{"line":25,"column":8},"end":{"line":25,"column":9}},"loc":{"start":{"line":25,"column":43},"end":{"line":27,"column":9}},"line":25}},"branchMap":{},"s":{"0":31,"1":31,"2":31,"3":31,"4":56,"5":56,"6":31,"7":31,"8":2407,"9":56},"f":{"0":56,"1":56,"2":2407},"b":{},"_coverageSchema":"1a1c01bbd47fc00a2c39e90264f33305004495a9","hash":"f5c214d5552c62eb25ef388464bcf558fd3d6543"}
,"/Users/polonsky/git/dynamoose/packages/dynamoose/dist/Internal.js": {"path":"/Users/polonsky/git/dynamoose/packages/dynamoose/dist/Internal.js","statementMap":{"0":{"start":{"line":2,"column":0},"end":{"line":2,"column":62}},"1":{"start":{"line":3,"column":0},"end":{"line":13,"column":2}}},"fnMap":{},"branchMap":{},"s":{"0":31,"1":31},"f":{},"b":{},"_coverageSchema":"1a1c01bbd47fc00a2c39e90264f33305004495a9","hash":"2ec7f5e8646d19944be84fb9a046cf9848aa0019"}
,"/Users/polonsky/git/dynamoose/packages/dynamoose/dist/InternalPropertiesClass.js": {"path":"/Users/polonsky/git/dynamoose/packages/dynamoose/dist/InternalPropertiesClass.js","statementMap":{"0":{"start":{"line":2,"column":29},"end":{"line":6,"column":1}},"1":{"start":{"line":3,"column":4},"end":{"line":3,"column":97}},"2":{"start":{"line":3,"column":28},"end":{"line":3,"column":97}},"3":{"start":{"line":4,"column":4},"end":{"line":4,"column":183}},"4":{"start":{"line":4,"column":87},"end":{"line":4,"column":183}},"5":{"start":{"line":5,"column":4},"end":{"line":5,"column":98}},"6":{"start":{"line":7,"column":29},"end":{"line":12,"column":1}},"7":{"start":{"line":8,"column":4},"end":{"line":8,"column":76}},"8":{"start":{"line":8,"column":22},"end":{"line":8,"column":76}},"9":{"start":{"line":9,"column":4},"end":{"line":9,"column":97}},"10":{"start":{"line":9,"column":28},"end":{"line":9,"column":97}},"11":{"start":{"line":10,"column":4},"end":{"line":10,"column":182}},"12":{"start":{"line":10,"column":87},"end":{"line":10,"column":182}},"13":{"start":{"line":11,"column":4},"end":{"line":11,"column":110}},"14":{"start":{"line":14,"column":0},"end":{"line":14,"column":62}},"15":{"start":{"line":15,"column":0},"end":{"line":15,"column":41}},"16":{"start":{"line":16,"column":16},"end":{"line":16,"column":34}},"17":{"start":{"line":17,"column":19},"end":{"line":17,"column":40}},"18":{"start":{"line":18,"column":31},"end":{"line":18,"column":57}},"19":{"start":{"line":21,"column":8},"end":{"line":21,"column":70}},"20":{"start":{"line":24,"column":8},"end":{"line":29,"column":9}},"21":{"start":{"line":25,"column":12},"end":{"line":25,"column":118}},"22":{"start":{"line":28,"column":12},"end":{"line":28,"column":98}},"23":{"start":{"line":32,"column":8},"end":{"line":37,"column":9}},"24":{"start":{"line":33,"column":12},"end":{"line":33,"column":115}},"25":{"start":{"line":36,"column":12},"end":{"line":36,"column":98}},"26":{"start":{"line":40,"column":0},"end":{"line":40,"column":58}},"27":{"start":{"line":41,"column":0},"end":{"line":41,"column":60}}},"fnMap":{"0":{"name":"(anonymous_0)","decl":{"start":{"line":2,"column":70},"end":{"line":2,"column":71}},"loc":{"start":{"line":2,"column":106},"end":{"line":6,"column":1}},"line":2},"1":{"name":"(anonymous_1)","decl":{"start":{"line":7,"column":70},"end":{"line":7,"column":71}},"loc":{"start":{"line":7,"column":113},"end":{"line":12,"column":1}},"line":7},"2":{"name":"(anonymous_2)","decl":{"start":{"line":20,"column":4},"end":{"line":20,"column":5}},"loc":{"start":{"line":20,"column":18},"end":{"line":22,"column":5}},"line":20},"3":{"name":"(anonymous_3)","decl":{"start":{"line":23,"column":4},"end":{"line":23,"column":5}},"loc":{"start":{"line":23,"column":31},"end":{"line":30,"column":5}},"line":23},"4":{"name":"(anonymous_4)","decl":{"start":{"line":31,"column":4},"end":{"line":31,"column":5}},"loc":{"start":{"line":31,"column":38},"end":{"line":38,"column":5}},"line":31}},"branchMap":{"0":{"loc":{"start":{"line":2,"column":29},"end":{"line":6,"column":1}},"type":"binary-expr","locations":[{"start":{"line":2,"column":30},"end":{"line":2,"column":34}},{"start":{"line":2,"column":38},"end":{"line":2,"column":65}},{"start":{"line":2,"column":70},"end":{"line":6,"column":1}}],"line":2},"1":{"loc":{"start":{"line":3,"column":4},"end":{"line":3,"column":97}},"type":"if","locations":[{"start":{"line":3,"column":4},"end":{"line":3,"column":97}},{"start":{},"end":{}}],"line":3},"2":{"loc":{"start":{"line":3,"column":8},"end":{"line":3,"column":26}},"type":"binary-expr","locations":[{"start":{"line":3,"column":8},"end":{"line":3,"column":20}},{"start":{"line":3,"column":24},"end":{"line":3,"column":26}}],"line":3},"3":{"loc":{"start":{"line":4,"column":4},"end":{"line":4,"column":183}},"type":"if","locations":[{"start":{"line":4,"column":4},"end":{"line":4,"column":183}},{"start":{},"end":{}}],"line":4},"4":{"loc":{"start":{"line":4,"column":8},"end":{"line":4,"column":85}},"type":"cond-expr","locations":[{"start":{"line":4,"column":38},"end":{"line":4,"column":62}},{"start":{"line":4,"column":65},"end":{"line":4,"column":85}}],"line":4},"5":{"loc":{"start":{"line":4,"column":38},"end":{"line":4,"column":62}},"type":"binary-expr","locations":[{"start":{"line":4,"column":38},"end":{"line":4,"column":56}},{"start":{"line":4,"column":60},"end":{"line":4,"column":62}}],"line":4},"6":{"loc":{"start":{"line":5,"column":11},"end":{"line":5,"column":97}},"type":"cond-expr","locations":[{"start":{"line":5,"column":26},"end":{"line":5,"column":27}},{"start":{"line":5,"column":30},"end":{"line":5,"column":97}}],"line":5},"7":{"loc":{"start":{"line":5,"column":30},"end":{"line":5,"column":97}},"type":"cond-expr","locations":[{"start":{"line":5,"column":45},"end":{"line":5,"column":61}},{"start":{"line":5,"column":64},"end":{"line":5,"column":97}}],"line":5},"8":{"loc":{"start":{"line":5,"column":64},"end":{"line":5,"column":97}},"type":"cond-expr","locations":[{"start":{"line":5,"column":68},"end":{"line":5,"column":75}},{"start":{"line":5,"column":78},"end":{"line":5,"column":97}}],"line":5},"9":{"loc":{"start":{"line":7,"column":29},"end":{"line":12,"column":1}},"type":"binary-expr","locations":[{"start":{"line":7,"column":30},"end":{"line":7,"column":34}},{"start":{"line":7,"column":38},"end":{"line":7,"column":65}},{"start":{"line":7,"column":70},"end":{"line":12,"column":1}}],"line":7},"10":{"loc":{"start":{"line":8,"column":4},"end":{"line":8,"column":76}},"type":"if","locations":[{"start":{"line":8,"column":4},"end":{"line":8,"column":76}},{"start":{},"end":{}}],"line":8},"11":{"loc":{"start":{"line":9,"column":4},"end":{"line":9,"column":97}},"type":"if","locations":[{"start":{"line":9,"column":4},"end":{"line":9,"column":97}},{"start":{},"end":{}}],"line":9},"12":{"loc":{"start":{"line":9,"column":8},"end":{"line":9,"column":26}},"type":"binary-expr","locations":[{"start":{"line":9,"column":8},"end":{"line":9,"column":20}},{"start":{"line":9,"column":24},"end":{"line":9,"column":26}}],"line":9},"13":{"loc":{"start":{"line":10,"column":4},"end":{"line":10,"column":182}},"type":"if","locations":[{"start":{"line":10,"column":4},"end":{"line":10,"column":182}},{"start":{},"end":{}}],"line":10},"14":{"loc":{"start":{"line":10,"column":8},"end":{"line":10,"column":85}},"type":"cond-expr","locations":[{"start":{"line":10,"column":38},"end":{"line":10,"column":62}},{"start":{"line":10,"column":65},"end":{"line":10,"column":85}}],"line":10},"15":{"loc":{"start":{"line":10,"column":38},"end":{"line":10,"column":62}},"type":"binary-expr","locations":[{"start":{"line":10,"column":38},"end":{"line":10,"column":56}},{"start":{"line":10,"column":60},"end":{"line":10,"column":62}}],"line":10},"16":{"loc":{"start":{"line":11,"column":12},"end":{"line":11,"column":101}},"type":"cond-expr","locations":[{"start":{"line":11,"column":27},"end":{"line":11,"column":50}},{"start":{"line":11,"column":53},"end":{"line":11,"column":101}}],"line":11},"17":{"loc":{"start":{"line":11,"column":53},"end":{"line":11,"column":101}},"type":"cond-expr","locations":[{"start":{"line":11,"column":57},"end":{"line":11,"column":72}},{"start":{"line":11,"column":75},"end":{"line":11,"column":101}}],"line":11},"18":{"loc":{"start":{"line":24,"column":8},"end":{"line":29,"column":9}},"type":"if","locations":[{"start":{"line":24,"column":8},"end":{"line":29,"column":9}},{"start":{"line":27,"column":13},"end":{"line":29,"column":9}}],"line":24},"19":{"loc":{"start":{"line":32,"column":8},"end":{"line":37,"column":9}},"type":"if","locations":[{"start":{"line":32,"column":8},"end":{"line":37,"column":9}},{"start":{"line":35,"column":13},"end":{"line":37,"column":9}}],"line":32}},"s":{"0":31,"1":627843,"2":0,"3":627843,"4":0,"5":627843,"6":31,"7":22019,"8":0,"9":22019,"10":0,"11":22019,"12":0,"13":22019,"14":31,"15":31,"16":31,"17":31,"18":31,"19":12986,"20":627844,"21":1,"22":627843,"23":22020,"24":1,"25":22019,"26":31,"27":31},"f":{"0":627843,"1":22019,"2":12986,"3":627844,"4":22020},"b":{"0":[31,31,31],"1":[0,627843],"2":[627843,0],"3":[0,627843],"4":[0,627843],"5":[0,0],"6":[0,627843],"7":[0,627843],"8":[0,627843],"9":[31,31,31],"10":[0,22019],"11":[0,22019],"12":[22019,0],"13":[0,22019],"14":[0,22019],"15":[0,0],"16":[0,22019],"17":[0,22019],"18":[1,627843],"19":[1,22019]},"_coverageSchema":"1a1c01bbd47fc00a2c39e90264f33305004495a9","hash":"946ac3e663f90fb229fa230b64a0e5d0080c1701"}
,"/Users/polonsky/git/dynamoose/packages/dynamoose/dist/Item.js": {"path":"/Users/polonsky/git/dynamoose/packages/dynamoose/dist/Item.js","statementMap":{"0":{"start":{"line":2,"column":0},"end":{"line":2,"column":62}},"1":{"start":{"line":3,"column":0},"end":{"line":3,"column":40}},"2":{"start":{"line":4,"column":20},"end":{"line":4,"column":46}},"3":{"start":{"line":5,"column":19},"end":{"line":5,"column":48}},"4":{"start":{"line":6,"column":16},"end":{"line":6,"column":34}},"5":{"start":{"line":7,"column":16},"end":{"line":7,"column":34}},"6":{"start":{"line":8,"column":19},"end":{"line":8,"column":40}},"7":{"start":{"line":9,"column":31},"end":{"line":9,"column":57}},"8":{"start":{"line":10,"column":27},"end":{"line":10,"column":62}},"9":{"start":{"line":11,"column":21},"end":{"line":11,"column":50}},"10":{"start":{"line":12,"column":19},"end":{"line":12,"column":40}},"11":{"start":{"line":13,"column":34},"end":{"line":13,"column":70}},"12":{"start":{"line":14,"column":16},"end":{"line":14,"column":34}},"13":{"start":{"line":24,"column":8},"end":{"line":24,"column":16}},"14":{"start":{"line":25,"column":27},"end":{"line":25,"column":89}},"15":{"start":{"line":26,"column":8},"end":{"line":26,"column":78}},"16":{"start":{"line":26,"column":49},"end":{"line":26,"column":76}},"17":{"start":{"line":27,"column":8},"end":{"line":32,"column":11}},"18":{"start":{"line":35,"column":8},"end":{"line":37,"column":9}},"19":{"start":{"line":36,"column":12},"end":{"line":36,"column":29}},"20":{"start":{"line":38,"column":24},"end":{"line":38,"column":97}},"21":{"start":{"line":39,"column":8},"end":{"line":39,"column":141}},"22":{"start":{"line":42,"column":23},"end":{"line":42,"column":68}},"23":{"start":{"line":43,"column":8},"end":{"line":47,"column":11}},"24":{"start":{"line":44,"column":12},"end":{"line":46,"column":13}},"25":{"start":{"line":45,"column":16},"end":{"line":45,"column":76}},"26":{"start":{"line":48,"column":8},"end":{"line":48,"column":22}},"27":{"start":{"line":53,"column":12},"end":{"line":55,"column":13}},"28":{"start":{"line":54,"column":16},"end":{"line":54,"column":29}},"29":{"start":{"line":56,"column":25},"end":{"line":56,"column":43}},"30":{"start":{"line":57,"column":24},"end":{"line":57,"column":31}},"31":{"start":{"line":58,"column":33},"end":{"line":58,"column":270}},"32":{"start":{"line":58,"column":196},"end":{"line":58,"column":228}},"33":{"start":{"line":59,"column":31},"end":{"line":59,"column":50}},"34":{"start":{"line":60,"column":34},"end":{"line":60,"column":77}},"35":{"start":{"line":61,"column":12},"end":{"line":61,"column":164}},"36":{"start":{"line":63,"column":21},"end":{"line":63,"column":40}},"37":{"start":{"line":64,"column":23},"end":{"line":64,"column":44}},"38":{"start":{"line":65,"column":8},"end":{"line":70,"column":9}},"39":{"start":{"line":66,"column":12},"end":{"line":66,"column":24}},"40":{"start":{"line":69,"column":12},"end":{"line":69,"column":89}},"41":{"start":{"line":69,"column":73},"end":{"line":69,"column":87}},"42":{"start":{"line":74,"column":8},"end":{"line":76,"column":9}},"43":{"start":{"line":75,"column":12},"end":{"line":75,"column":214}},"44":{"start":{"line":77,"column":8},"end":{"line":77,"column":20}},"45":{"start":{"line":93,"column":8},"end":{"line":93,"column":172}},"46":{"start":{"line":116,"column":8},"end":{"line":116,"column":65}},"47":{"start":{"line":136,"column":8},"end":{"line":140,"column":11}},"48":{"start":{"line":144,"column":8},"end":{"line":144,"column":152}},"49":{"start":{"line":147,"column":24},"end":{"line":147,"column":131}},"50":{"start":{"line":148,"column":25},"end":{"line":148,"column":133}},"51":{"start":{"line":149,"column":20},"end":{"line":149,"column":48}},"52":{"start":{"line":150,"column":8},"end":{"line":152,"column":9}},"53":{"start":{"line":151,"column":12},"end":{"line":151,"column":43}},"54":{"start":{"line":153,"column":8},"end":{"line":153,"column":90}},"55":{"start":{"line":156,"column":8},"end":{"line":159,"column":9}},"56":{"start":{"line":157,"column":12},"end":{"line":157,"column":32}},"57":{"start":{"line":158,"column":12},"end":{"line":158,"column":26}},"58":{"start":{"line":160,"column":8},"end":{"line":162,"column":9}},"59":{"start":{"line":161,"column":12},"end":{"line":161,"column":26}},"60":{"start":{"line":163,"column":22},"end":{"line":163,"column":124}},"61":{"start":{"line":165,"column":30},"end":{"line":165,"column":38}},"62":{"start":{"line":166,"column":30},"end":{"line":181,"column":10}},"63":{"start":{"line":167,"column":12},"end":{"line":167,"column":29}},"64":{"start":{"line":168,"column":29},"end":{"line":171,"column":13}},"65":{"start":{"line":172,"column":12},"end":{"line":174,"column":13}},"66":{"start":{"line":173,"column":16},"end":{"line":173,"column":215}},"67":{"start":{"line":175,"column":12},"end":{"line":179,"column":13}},"68":{"start":{"line":176,"column":44},"end":{"line":176,"column":79}},"69":{"start":{"line":177,"column":16},"end":{"line":177,"column":171}},"70":{"start":{"line":178,"column":16},"end":{"line":178,"column":258}},"71":{"start":{"line":180,"column":12},"end":{"line":180,"column":30}},"72":{"start":{"line":182,"column":8},"end":{"line":191,"column":9}},"73":{"start":{"line":183,"column":12},"end":{"line":190,"column":13}},"74":{"start":{"line":184,"column":38},"end":{"line":184,"column":46}},"75":{"start":{"line":185,"column":16},"end":{"line":185,"column":76}},"76":{"start":{"line":185,"column":47},"end":{"line":185,"column":74}},"77":{"start":{"line":186,"column":16},"end":{"line":186,"column":23}},"78":{"start":{"line":189,"column":16},"end":{"line":189,"column":37}},"79":{"start":{"line":192,"column":24},"end":{"line":195,"column":10}},"80":{"start":{"line":193,"column":33},"end":{"line":193,"column":41}},"81":{"start":{"line":194,"column":12},"end":{"line":194,"column":124}},"82":{"start":{"line":196,"column":8},"end":{"line":213,"column":9}},"83":{"start":{"line":197,"column":34},"end":{"line":197,"column":42}},"84":{"start":{"line":198,"column":12},"end":{"line":203,"column":49}},"85":{"start":{"line":199,"column":16},"end":{"line":199,"column":85}},"86":{"start":{"line":200,"column":35},"end":{"line":200,"column":109}},"87":{"start":{"line":201,"column":16},"end":{"line":201,"column":91}},"88":{"start":{"line":202,"column":16},"end":{"line":202,"column":48}},"89":{"start":{"line":203,"column":32},"end":{"line":203,"column":47}},"90":{"start":{"line":206,"column":12},"end":{"line":212,"column":17}},"91":{"start":{"line":207,"column":16},"end":{"line":207,"column":30}},"92":{"start":{"line":208,"column":16},"end":{"line":208,"column":85}},"93":{"start":{"line":209,"column":35},"end":{"line":209,"column":109}},"94":{"start":{"line":210,"column":16},"end":{"line":210,"column":91}},"95":{"start":{"line":211,"column":16},"end":{"line":211,"column":34}},"96":{"start":{"line":216,"column":8},"end":{"line":216,"column":59}},"97":{"start":{"line":219,"column":0},"end":{"line":219,"column":20}},"98":{"start":{"line":222,"column":0},"end":{"line":222,"column":26}},"99":{"start":{"line":224,"column":0},"end":{"line":256,"column":2}},"100":{"start":{"line":225,"column":4},"end":{"line":254,"column":5}},"101":{"start":{"line":226,"column":23},"end":{"line":226,"column":94}},"102":{"start":{"line":227,"column":8},"end":{"line":253,"column":9}},"103":{"start":{"line":228,"column":25},"end":{"line":228,"column":35}},"104":{"start":{"line":229,"column":31},"end":{"line":239,"column":13}},"105":{"start":{"line":230,"column":36},"end":{"line":230,"column":77}},"106":{"start":{"line":231,"column":16},"end":{"line":233,"column":17}},"107":{"start":{"line":232,"column":20},"end":{"line":232,"column":143}},"108":{"start":{"line":234,"column":16},"end":{"line":238,"column":17}},"109":{"start":{"line":235,"column":32},"end":{"line":235,"column":58}},"110":{"start":{"line":236,"column":36},"end":{"line":236,"column":77}},"111":{"start":{"line":237,"column":29},"end":{"line":237,"column":51}},"112":{"start":{"line":240,"column":40},"end":{"line":240,"column":113}},"113":{"start":{"line":241,"column":40},"end":{"line":241,"column":101}},"114":{"start":{"line":241,"column":76},"end":{"line":241,"column":100}},"115":{"start":{"line":242,"column":40},"end":{"line":242,"column":101}},"116":{"start":{"line":242,"column":76},"end":{"line":242,"column":100}},"117":{"start":{"line":243,"column":12},"end":{"line":247,"column":13}},"118":{"start":{"line":244,"column":16},"end":{"line":246,"column":19}},"119":{"start":{"line":245,"column":20},"end":{"line":245,"column":84}},"120":{"start":{"line":248,"column":12},"end":{"line":252,"column":13}},"121":{"start":{"line":249,"column":16},"end":{"line":251,"column":19}},"122":{"start":{"line":250,"column":20},"end":{"line":250,"column":84}},"123":{"start":{"line":255,"column":4},"end":{"line":255,"column":18}},"124":{"start":{"line":259,"column":0},"end":{"line":303,"column":2}},"125":{"start":{"line":260,"column":19},"end":{"line":260,"column":88}},"126":{"start":{"line":261,"column":23},"end":{"line":261,"column":42}},"127":{"start":{"line":263,"column":17},"end":{"line":263,"column":19}},"128":{"start":{"line":264,"column":4},"end":{"line":270,"column":7}},"129":{"start":{"line":265,"column":19},"end":{"line":265,"column":23}},"130":{"start":{"line":266,"column":8},"end":{"line":269,"column":11}},"131":{"start":{"line":267,"column":12},"end":{"line":267,"column":42}},"132":{"start":{"line":268,"column":12},"end":{"line":268,"column":30}},"133":{"start":{"line":273,"column":8},"end":{"line":273,"column":26}},"134":{"start":{"line":274,"column":8},"end":{"line":276,"column":9}},"135":{"start":{"line":275,"column":12},"end":{"line":275,"column":19}},"136":{"start":{"line":277,"column":8},"end":{"line":297,"column":11}},"137":{"start":{"line":278,"column":12},"end":{"line":296,"column":13}},"138":{"start":{"line":280,"column":16},"end":{"line":282,"column":17}},"139":{"start":{"line":281,"column":20},"end":{"line":281,"column":32}},"140":{"start":{"line":283,"column":16},"end":{"line":287,"column":19}},"141":{"start":{"line":284,"column":20},"end":{"line":284,"column":40}},"142":{"start":{"line":285,"column":20},"end":{"line":285,"column":77}},"143":{"start":{"line":286,"column":20},"end":{"line":286,"column":34}},"144":{"start":{"line":290,"column":16},"end":{"line":292,"column":17}},"145":{"start":{"line":291,"column":20},"end":{"line":291,"column":30}},"146":{"start":{"line":293,"column":16},"end":{"line":293,"column":35}},"147":{"start":{"line":294,"column":16},"end":{"line":294,"column":72}},"148":{"start":{"line":295,"column":16},"end":{"line":295,"column":30}},"149":{"start":{"line":299,"column":16},"end":{"line":299,"column":18}},"150":{"start":{"line":300,"column":4},"end":{"line":300,"column":63}},"151":{"start":{"line":300,"column":38},"end":{"line":300,"column":61}},"152":{"start":{"line":301,"column":19},"end":{"line":301,"column":31}},"153":{"start":{"line":302,"column":4},"end":{"line":302,"column":18}},"154":{"start":{"line":305,"column":0},"end":{"line":554,"column":2}},"155":{"start":{"line":306,"column":4},"end":{"line":308,"column":5}},"156":{"start":{"line":307,"column":8},"end":{"line":307,"column":25}},"157":{"start":{"line":309,"column":23},"end":{"line":309,"column":56}},"158":{"start":{"line":310,"column":19},"end":{"line":310,"column":115}},"159":{"start":{"line":311,"column":29},"end":{"line":311,"column":60}},"160":{"start":{"line":313,"column":8},"end":{"line":339,"column":9}},"161":{"start":{"line":314,"column":45},"end":{"line":314,"column":93}},"162":{"start":{"line":315,"column":43},"end":{"line":329,"column":18}},"163":{"start":{"line":316,"column":34},"end":{"line":316,"column":95}},"164":{"start":{"line":317,"column":16},"end":{"line":327,"column":17}},"165":{"start":{"line":318,"column":48},"end":{"line":318,"column":130}},"166":{"start":{"line":319,"column":20},"end":{"line":326,"column":21}},"167":{"start":{"line":320,"column":24},"end":{"line":322,"column":25}},"168":{"start":{"line":321,"column":28},"end":{"line":321,"column":65}},"169":{"start":{"line":325,"column":24},"end":{"line":325,"column":54}},"170":{"start":{"line":328,"column":16},"end":{"line":328,"column":27}},"171":{"start":{"line":330,"column":12},"end":{"line":338,"column":15}},"172":{"start":{"line":331,"column":16},"end":{"line":333,"column":17}},"173":{"start":{"line":332,"column":20},"end":{"line":332,"column":135}},"174":{"start":{"line":334,"column":16},"end":{"line":337,"column":17}},"175":{"start":{"line":335,"column":20},"end":{"line":335,"column":64}},"176":{"start":{"line":336,"column":20},"end":{"line":336,"column":48}},"177":{"start":{"line":342,"column":4},"end":{"line":342,"column":30}},"178":{"start":{"line":344,"column":31},"end":{"line":344,"column":74}},"179":{"start":{"line":345,"column":4},"end":{"line":385,"column":5}},"180":{"start":{"line":346,"column":29},"end":{"line":346,"column":31}},"181":{"start":{"line":347,"column":29},"end":{"line":347,"column":31}},"182":{"start":{"line":348,"column":34},"end":{"line":382,"column":9}},"183":{"start":{"line":349,"column":33},"end":{"line":349,"column":37}},"184":{"start":{"line":350,"column":12},"end":{"line":352,"column":13}},"185":{"start":{"line":350,"column":46},"end":{"line":350,"column":155}},"186":{"start":{"line":351,"column":16},"end":{"line":351,"column":23}},"187":{"start":{"line":353,"column":31},"end":{"line":353,"column":59}},"188":{"start":{"line":354,"column":35},"end":{"line":354,"column":72}},"189":{"start":{"line":355,"column":12},"end":{"line":381,"column":13}},"190":{"start":{"line":356,"column":78},"end":{"line":356,"column":209}},"191":{"start":{"line":357,"column":16},"end":{"line":374,"column":17}},"192":{"start":{"line":358,"column":20},"end":{"line":358,"column":285}},"193":{"start":{"line":358,"column":125},"end":{"line":358,"column":194}},"194":{"start":{"line":360,"column":21},"end":{"line":374,"column":17}},"195":{"start":{"line":361,"column":20},"end":{"line":361,"column":65}},"196":{"start":{"line":363,"column":21},"end":{"line":374,"column":17}},"197":{"start":{"line":365,"column":20},"end":{"line":372,"column":23}},"198":{"start":{"line":366,"column":24},"end":{"line":371,"column":25}},"199":{"start":{"line":367,"column":28},"end":{"line":367,"column":77}},"200":{"start":{"line":369,"column":29},"end":{"line":371,"column":25}},"201":{"start":{"line":370,"column":28},"end":{"line":370,"column":65}},"202":{"start":{"line":373,"column":20},"end":{"line":373,"column":47}},"203":{"start":{"line":378,"column":16},"end":{"line":380,"column":17}},"204":{"start":{"line":379,"column":20},"end":{"line":379,"column":43}},"205":{"start":{"line":383,"column":8},"end":{"line":383,"column":150}},"206":{"start":{"line":383,"column":70},"end":{"line":383,"column":125}},"207":{"start":{"line":384,"column":8},"end":{"line":384,"column":98}},"208":{"start":{"line":384,"column":48},"end":{"line":384,"column":96}},"209":{"start":{"line":386,"column":4},"end":{"line":408,"column":5}},"210":{"start":{"line":387,"column":8},"end":{"line":407,"column":12}},"211":{"start":{"line":388,"column":26},"end":{"line":388,"column":71}},"212":{"start":{"line":389,"column":12},"end":{"line":406,"column":13}},"213":{"start":{"line":390,"column":16},"end":{"line":390,"column":73}},"214":{"start":{"line":393,"column":37},"end":{"line":393,"column":84}},"215":{"start":{"line":394,"column":48},"end":{"line":394,"column":238}},"216":{"start":{"line":394,"column":114},"end":{"line":394,"column":174}},"217":{"start":{"line":395,"column":34},"end":{"line":395,"column":64}},"218":{"start":{"line":396,"column":36},"end":{"line":396,"column":127}},"219":{"start":{"line":397,"column":16},"end":{"line":405,"column":17}},"220":{"start":{"line":398,"column":62},"end":{"line":398,"column":172}},"221":{"start":{"line":399,"column":20},"end":{"line":404,"column":21}},"222":{"start":{"line":400,"column":24},"end":{"line":400,"column":258}},"223":{"start":{"line":400,"column":129},"end":{"line":400,"column":198}},"224":{"start":{"line":402,"column":25},"end":{"line":404,"column":21}},"225":{"start":{"line":403,"column":24},"end":{"line":403,"column":84}},"226":{"start":{"line":410,"column":4},"end":{"line":425,"column":5}},"227":{"start":{"line":411,"column":8},"end":{"line":424,"column":11}},"228":{"start":{"line":412,"column":26},"end":{"line":412,"column":71}},"229":{"start":{"line":413,"column":37},"end":{"line":413,"column":83}},"230":{"start":{"line":414,"column":12},"end":{"line":423,"column":13}},"231":{"start":{"line":415,"column":36},"end":{"line":415,"column":158}},"232":{"start":{"line":416,"column":39},"end":{"line":416,"column":50}},"233":{"start":{"line":417,"column":45},"end":{"line":417,"column":72}},"234":{"start":{"line":418,"column":45},"end":{"line":418,"column":112}},"235":{"start":{"line":419,"column":16},"end":{"line":422,"column":17}},"236":{"start":{"line":420,"column":40},"end":{"line":420,"column":82}},"237":{"start":{"line":421,"column":20},"end":{"line":421,"column":79}},"238":{"start":{"line":427,"column":4},"end":{"line":440,"column":7}},"239":{"start":{"line":427,"column":66},"end":{"line":427,"column":93}},"240":{"start":{"line":428,"column":29},"end":{"line":428,"column":33}},"241":{"start":{"line":430,"column":8},"end":{"line":436,"column":9}},"242":{"start":{"line":431,"column":12},"end":{"line":431,"column":149}},"243":{"start":{"line":434,"column":31},"end":{"line":434,"column":50}},"244":{"start":{"line":435,"column":12},"end":{"line":435,"column":97}},"245":{"start":{"line":437,"column":8},"end":{"line":439,"column":9}},"246":{"start":{"line":438,"column":12},"end":{"line":438,"column":93}},"247":{"start":{"line":441,"column":4},"end":{"line":463,"column":5}},"248":{"start":{"line":442,"column":8},"end":{"line":462,"column":11}},"249":{"start":{"line":443,"column":12},"end":{"line":450,"column":25}},"250":{"start":{"line":444,"column":36},"end":{"line":444,"column":71}},"251":{"start":{"line":445,"column":16},"end":{"line":448,"column":18}},"252":{"start":{"line":452,"column":12},"end":{"line":452,"column":127}},"253":{"start":{"line":452,"column":71},"end":{"line":452,"column":94}},"254":{"start":{"line":454,"column":12},"end":{"line":456,"column":13}},"255":{"start":{"line":455,"column":16},"end":{"line":455,"column":122}},"256":{"start":{"line":457,"column":12},"end":{"line":457,"column":23}},"257":{"start":{"line":459,"column":34},"end":{"line":459,"column":38}},"258":{"start":{"line":460,"column":26},"end":{"line":460,"column":226}},"259":{"start":{"line":460,"column":74},"end":{"line":460,"column":125}},"260":{"start":{"line":460,"column":145},"end":{"line":460,"column":191}},"261":{"start":{"line":461,"column":12},"end":{"line":461,"column":65}},"262":{"start":{"line":464,"column":4},"end":{"line":481,"column":5}},"263":{"start":{"line":465,"column":8},"end":{"line":480,"column":12}},"264":{"start":{"line":466,"column":12},"end":{"line":475,"column":16}},"265":{"start":{"line":467,"column":30},"end":{"line":467,"column":75}},"266":{"start":{"line":468,"column":41},"end":{"line":468,"column":141}},"267":{"start":{"line":469,"column":47},"end":{"line":469,"column":153}},"268":{"start":{"line":469,"column":112},"end":{"line":469,"column":124}},"269":{"start":{"line":470,"column":41},"end":{"line":470,"column":87}},"270":{"start":{"line":471,"column":16},"end":{"line":474,"column":17}},"271":{"start":{"line":472,"column":37},"end":{"line":472,"column":117}},"272":{"start":{"line":473,"column":20},"end":{"line":473,"column":107}},"273":{"start":{"line":476,"column":35},"end":{"line":476,"column":102}},"274":{"start":{"line":477,"column":12},"end":{"line":479,"column":13}},"275":{"start":{"line":478,"column":16},"end":{"line":478,"column":66}},"276":{"start":{"line":482,"column":4},"end":{"line":514,"column":5}},"277":{"start":{"line":483,"column":8},"end":{"line":506,"column":12}},"278":{"start":{"line":484,"column":26},"end":{"line":484,"column":71}},"279":{"start":{"line":485,"column":37},"end":{"line":485,"column":83}},"280":{"start":{"line":486,"column":12},"end":{"line":505,"column":13}},"281":{"start":{"line":487,"column":34},"end":{"line":487,"column":136}},"282":{"start":{"line":488,"column":16},"end":{"line":504,"column":17}},"283":{"start":{"line":490,"column":20},"end":{"line":500,"column":21}},"284":{"start":{"line":491,"column":24},"end":{"line":496,"column":25}},"285":{"start":{"line":492,"column":28},"end":{"line":492,"column":59}},"286":{"start":{"line":495,"column":28},"end":{"line":495,"column":146}},"287":{"start":{"line":499,"column":24},"end":{"line":499,"column":112}},"288":{"start":{"line":501,"column":20},"end":{"line":503,"column":21}},"289":{"start":{"line":502,"column":24},"end":{"line":502,"column":153}},"290":{"start":{"line":507,"column":32},"end":{"line":507,"column":98}},"291":{"start":{"line":508,"column":8},"end":{"line":513,"column":9}},"292":{"start":{"line":509,"column":27},"end":{"line":509,"column":62}},"293":{"start":{"line":510,"column":12},"end":{"line":512,"column":13}},"294":{"start":{"line":511,"column":16},"end":{"line":511,"column":153}},"295":{"start":{"line":515,"column":4},"end":{"line":538,"column":5}},"296":{"start":{"line":516,"column":32},"end":{"line":516,"column":84}},"297":{"start":{"line":517,"column":8},"end":{"line":519,"column":9}},"298":{"start":{"line":518,"column":12},"end":{"line":518,"column":183}},"299":{"start":{"line":518,"column":72},"end":{"line":518,"column":181}},"300":{"start":{"line":518,"column":128},"end":{"line":518,"column":180}},"301":{"start":{"line":520,"column":8},"end":{"line":537,"column":12}},"302":{"start":{"line":521,"column":26},"end":{"line":524,"column":13}},"303":{"start":{"line":522,"column":30},"end":{"line":522,"column":75}},"304":{"start":{"line":523,"column":16},"end":{"line":523,"column":55}},"305":{"start":{"line":525,"column":29},"end":{"line":525,"column":43}},"306":{"start":{"line":526,"column":30},"end":{"line":526,"column":61}},"307":{"start":{"line":527,"column":12},"end":{"line":536,"column":13}},"308":{"start":{"line":528,"column":36},"end":{"line":528,"column":87}},"309":{"start":{"line":529,"column":47},"end":{"line":529,"column":105}},"310":{"start":{"line":530,"column":16},"end":{"line":532,"column":17}},"311":{"start":{"line":531,"column":20},"end":{"line":531,"column":34}},"312":{"start":{"line":535,"column":16},"end":{"line":535,"column":30}},"313":{"start":{"line":539,"column":4},"end":{"line":550,"column":5}},"314":{"start":{"line":540,"column":8},"end":{"line":549,"column":12}},"315":{"start":{"line":541,"column":26},"end":{"line":541,"column":71}},"316":{"start":{"line":542,"column":37},"end":{"line":542,"column":83}},"317":{"start":{"line":543,"column":12},"end":{"line":548,"column":13}},"318":{"start":{"line":544,"column":34},"end":{"line":544,"column":133}},"319":{"start":{"line":545,"column":16},"end":{"line":547,"column":17}},"320":{"start":{"line":546,"column":20},"end":{"line":546,"column":136}},"321":{"start":{"line":552,"column":4},"end":{"line":552,"column":32}},"322":{"start":{"line":553,"column":4},"end":{"line":553,"column":43}},"323":{"start":{"line":555,"column":0},"end":{"line":560,"column":2}},"324":{"start":{"line":556,"column":24},"end":{"line":556,"column":90}},"325":{"start":{"line":557,"column":4},"end":{"line":557,"column":115}},"326":{"start":{"line":558,"column":19},"end":{"line":558,"column":119}},"327":{"start":{"line":559,"column":4},"end":{"line":559,"column":39}},"328":{"start":{"line":562,"column":0},"end":{"line":594,"column":2}},"329":{"start":{"line":563,"column":15},"end":{"line":563,"column":19}},"330":{"start":{"line":564,"column":4},"end":{"line":566,"column":5}},"331":{"start":{"line":565,"column":8},"end":{"line":565,"column":47}},"332":{"start":{"line":567,"column":18},"end":{"line":567,"column":70}},"333":{"start":{"line":568,"column":4},"end":{"line":568,"column":65}},"334":{"start":{"line":569,"column":27},"end":{"line":569,"column":77}},"335":{"start":{"line":570,"column":4},"end":{"line":572,"column":5}},"336":{"start":{"line":571,"column":8},"end":{"line":571,"column":30}},"337":{"start":{"line":573,"column":25},"end":{"line":573,"column":52}},"338":{"start":{"line":574,"column":4},"end":{"line":584,"column":5}},"339":{"start":{"line":575,"column":23},"end":{"line":575,"column":102}},"340":{"start":{"line":576,"column":41},"end":{"line":576,"column":89}},"341":{"start":{"line":577,"column":33},"end":{"line":577,"column":79}},"342":{"start":{"line":578,"column":8},"end":{"line":583,"column":9}},"343":{"start":{"line":579,"column":40},"end":{"line":579,"column":87}},"344":{"start":{"line":580,"column":12},"end":{"line":582,"column":13}},"345":{"start":{"line":581,"column":16},"end":{"line":581,"column":75}},"346":{"start":{"line":585,"column":4},"end":{"line":592,"column":5}},"347":{"start":{"line":586,"column":8},"end":{"line":591,"column":9}},"348":{"start":{"line":587,"column":12},"end":{"line":587,"column":29}},"349":{"start":{"line":589,"column":13},"end":{"line":591,"column":9}},"350":{"start":{"line":590,"column":12},"end":{"line":590,"column":44}},"351":{"start":{"line":593,"column":4},"end":{"line":593,"column":16}}},"fnMap":{"0":{"name":"(anonymous_0)","decl":{"start":{"line":23,"column":4},"end":{"line":23,"column":5}},"loc":{"start":{"line":23,"column":41},"end":{"line":33,"column":5}},"line":23},"1":{"name":"(anonymous_1)","decl":{"start":{"line":26,"column":40},"end":{"line":26,"column":41}},"loc":{"start":{"line":26,"column":49},"end":{"line":26,"column":76}},"line":26},"2":{"name":"(anonymous_2)","decl":{"start":{"line":34,"column":4},"end":{"line":34,"column":5}},"loc":{"start":{"line":34,"column":67},"end":{"line":40,"column":5}},"line":34},"3":{"name":"(anonymous_3)","decl":{"start":{"line":41,"column":4},"end":{"line":41,"column":5}},"loc":{"start":{"line":41,"column":30},"end":{"line":49,"column":5}},"line":41},"4":{"name":"(anonymous_4)","decl":{"start":{"line":43,"column":55},"end":{"line":43,"column":56}},"loc":{"start":{"line":43,"column":73},"end":{"line":47,"column":9}},"line":43},"5":{"name":"(anonymous_5)","decl":{"start":{"line":51,"column":4},"end":{"line":51,"column":5}},"loc":{"start":{"line":51,"column":45},"end":{"line":71,"column":5}},"line":51},"6":{"name":"isValid","decl":{"start":{"line":52,"column":17},"end":{"line":52,"column":24}},"loc":{"start":{"line":52,"column":32},"end":{"line":62,"column":9}},"line":52},"7":{"name":"(anonymous_7)","decl":{"start":{"line":58,"column":185},"end":{"line":58,"column":186}},"loc":{"start":{"line":58,"column":196},"end":{"line":58,"column":228}},"line":58},"8":{"name":"(anonymous_8)","decl":{"start":{"line":69,"column":62},"end":{"line":69,"column":63}},"loc":{"start":{"line":69,"column":73},"end":{"line":69,"column":87}},"line":69},"9":{"name":"(anonymous_9)","decl":{"start":{"line":73,"column":4},"end":{"line":73,"column":5}},"loc":{"start":{"line":73,"column":31},"end":{"line":78,"column":5}},"line":73},"10":{"name":"(anonymous_10)","decl":{"start":{"line":92,"column":4},"end":{"line":92,"column":5}},"loc":{"start":{"line":92,"column":15},"end":{"line":94,"column":5}},"line":92},"11":{"name":"(anonymous_11)","decl":{"start":{"line":115,"column":4},"end":{"line":115,"column":5}},"loc":{"start":{"line":115,"column":13},"end":{"line":117,"column":5}},"line":115},"12":{"name":"(anonymous_12)","decl":{"start":{"line":135,"column":4},"end":{"line":135,"column":5}},"loc":{"start":{"line":135,"column":25},"end":{"line":141,"column":5}},"line":135},"13":{"name":"(anonymous_13)","decl":{"start":{"line":143,"column":4},"end":{"line":143,"column":5}},"loc":{"start":{"line":143,"column":29},"end":{"line":145,"column":5}},"line":143},"14":{"name":"(anonymous_14)","decl":{"start":{"line":146,"column":4},"end":{"line":146,"column":5}},"loc":{"start":{"line":146,"column":21},"end":{"line":154,"column":5}},"line":146},"15":{"name":"(anonymous_15)","decl":{"start":{"line":155,"column":4},"end":{"line":155,"column":5}},"loc":{"start":{"line":155,"column":29},"end":{"line":214,"column":5}},"line":155},"16":{"name":"(anonymous_16)","decl":{"start":{"line":166,"column":279},"end":{"line":166,"column":280}},"loc":{"start":{"line":166,"column":295},"end":{"line":181,"column":9}},"line":166},"17":{"name":"(anonymous_17)","decl":{"start":{"line":185,"column":35},"end":{"line":185,"column":36}},"loc":{"start":{"line":185,"column":47},"end":{"line":185,"column":74}},"line":185},"18":{"name":"(anonymous_18)","decl":{"start":{"line":192,"column":128},"end":{"line":192,"column":129}},"loc":{"start":{"line":192,"column":142},"end":{"line":195,"column":9}},"line":192},"19":{"name":"(anonymous_19)","decl":{"start":{"line":198,"column":25},"end":{"line":198,"column":26}},"loc":{"start":{"line":198,"column":31},"end":{"line":203,"column":13}},"line":198},"20":{"name":"(anonymous_20)","decl":{"start":{"line":203,"column":21},"end":{"line":203,"column":22}},"loc":{"start":{"line":203,"column":32},"end":{"line":203,"column":47}},"line":203},"21":{"name":"(anonymous_21)","decl":{"start":{"line":206,"column":20},"end":{"line":206,"column":21}},"loc":{"start":{"line":206,"column":32},"end":{"line":212,"column":13}},"line":206},"22":{"name":"(anonymous_22)","decl":{"start":{"line":215,"column":4},"end":{"line":215,"column":5}},"loc":{"start":{"line":215,"column":22},"end":{"line":217,"column":5}},"line":215},"23":{"name":"(anonymous_23)","decl":{"start":{"line":224,"column":34},"end":{"line":224,"column":35}},"loc":{"start":{"line":224,"column":75},"end":{"line":256,"column":1}},"line":224},"24":{"name":"(anonymous_24)","decl":{"start":{"line":229,"column":31},"end":{"line":229,"column":32}},"loc":{"start":{"line":229,"column":41},"end":{"line":239,"column":13}},"line":229},"25":{"name":"(anonymous_25)","decl":{"start":{"line":241,"column":67},"end":{"line":241,"column":68}},"loc":{"start":{"line":241,"column":76},"end":{"line":241,"column":100}},"line":241},"26":{"name":"(anonymous_26)","decl":{"start":{"line":242,"column":67},"end":{"line":242,"column":68}},"loc":{"start":{"line":242,"column":76},"end":{"line":242,"column":100}},"line":242},"27":{"name":"(anonymous_27)","decl":{"start":{"line":244,"column":44},"end":{"line":244,"column":45}},"loc":{"start":{"line":244,"column":54},"end":{"line":246,"column":17}},"line":244},"28":{"name":"(anonymous_28)","decl":{"start":{"line":249,"column":44},"end":{"line":249,"column":45}},"loc":{"start":{"line":249,"column":54},"end":{"line":251,"column":17}},"line":249},"29":{"name":"(anonymous_29)","decl":{"start":{"line":259,"column":28},"end":{"line":259,"column":29}},"loc":{"start":{"line":259,"column":57},"end":{"line":303,"column":1}},"line":259},"30":{"name":"(anonymous_30)","decl":{"start":{"line":264,"column":23},"end":{"line":264,"column":24}},"loc":{"start":{"line":264,"column":38},"end":{"line":270,"column":5}},"line":264},"31":{"name":"(anonymous_31)","decl":{"start":{"line":266,"column":37},"end":{"line":266,"column":38}},"loc":{"start":{"line":266,"column":47},"end":{"line":269,"column":9}},"line":266},"32":{"name":"traverse","decl":{"start":{"line":272,"column":13},"end":{"line":272,"column":21}},"loc":{"start":{"line":272,"column":57},"end":{"line":298,"column":5}},"line":272},"33":{"name":"(anonymous_33)","decl":{"start":{"line":277,"column":38},"end":{"line":277,"column":39}},"loc":{"start":{"line":277,"column":48},"end":{"line":297,"column":9}},"line":277},"34":{"name":"(anonymous_34)","decl":{"start":{"line":283,"column":29},"end":{"line":283,"column":30}},"loc":{"start":{"line":283,"column":43},"end":{"line":287,"column":17}},"line":283},"35":{"name":"(anonymous_35)","decl":{"start":{"line":300,"column":29},"end":{"line":300,"column":30}},"loc":{"start":{"line":300,"column":38},"end":{"line":300,"column":61}},"line":300},"36":{"name":"(anonymous_36)","decl":{"start":{"line":305,"column":24},"end":{"line":305,"column":25}},"loc":{"start":{"line":305,"column":90},"end":{"line":554,"column":1}},"line":305},"37":{"name":"mapAttributes","decl":{"start":{"line":312,"column":13},"end":{"line":312,"column":26}},"loc":{"start":{"line":312,"column":33},"end":{"line":340,"column":5}},"line":312},"38":{"name":"(anonymous_38)","decl":{"start":{"line":315,"column":141},"end":{"line":315,"column":142}},"loc":{"start":{"line":315,"column":161},"end":{"line":329,"column":13}},"line":315},"39":{"name":"(anonymous_39)","decl":{"start":{"line":330,"column":59},"end":{"line":330,"column":60}},"loc":{"start":{"line":330,"column":81},"end":{"line":338,"column":13}},"line":330},"40":{"name":"(anonymous_40)","decl":{"start":{"line":348,"column":34},"end":{"line":348,"column":35}},"loc":{"start":{"line":348,"column":44},"end":{"line":382,"column":9}},"line":348},"41":{"name":"(anonymous_41)","decl":{"start":{"line":350,"column":34},"end":{"line":350,"column":35}},"loc":{"start":{"line":350,"column":46},"end":{"line":350,"column":155}},"line":350},"42":{"name":"(anonymous_42)","decl":{"start":{"line":358,"column":113},"end":{"line":358,"column":114}},"loc":{"start":{"line":358,"column":125},"end":{"line":358,"column":194}},"line":358},"43":{"name":"(anonymous_43)","decl":{"start":{"line":365,"column":34},"end":{"line":365,"column":35}},"loc":{"start":{"line":365,"column":62},"end":{"line":372,"column":21}},"line":365},"44":{"name":"(anonymous_44)","decl":{"start":{"line":383,"column":60},"end":{"line":383,"column":61}},"loc":{"start":{"line":383,"column":70},"end":{"line":383,"column":125}},"line":383},"45":{"name":"(anonymous_45)","decl":{"start":{"line":384,"column":39},"end":{"line":384,"column":40}},"loc":{"start":{"line":384,"column":48},"end":{"line":384,"column":96}},"line":384},"46":{"name":"(anonymous_46)","decl":{"start":{"line":387,"column":85},"end":{"line":387,"column":86}},"loc":{"start":{"line":387,"column":100},"end":{"line":407,"column":9}},"line":387},"47":{"name":"(anonymous_47)","decl":{"start":{"line":394,"column":96},"end":{"line":394,"column":97}},"loc":{"start":{"line":394,"column":114},"end":{"line":394,"column":174}},"line":394},"48":{"name":"(anonymous_48)","decl":{"start":{"line":400,"column":117},"end":{"line":400,"column":118}},"loc":{"start":{"line":400,"column":129},"end":{"line":400,"column":198}},"line":400},"49":{"name":"(anonymous_49)","decl":{"start":{"line":411,"column":67},"end":{"line":411,"column":68}},"loc":{"start":{"line":411,"column":76},"end":{"line":424,"column":9}},"line":411},"50":{"name":"(anonymous_50)","decl":{"start":{"line":427,"column":56},"end":{"line":427,"column":57}},"loc":{"start":{"line":427,"column":66},"end":{"line":427,"column":93}},"line":427},"51":{"name":"(anonymous_51)","decl":{"start":{"line":427,"column":103},"end":{"line":427,"column":104}},"loc":{"start":{"line":427,"column":113},"end":{"line":440,"column":5}},"line":427},"52":{"name":"(anonymous_52)","decl":{"start":{"line":442,"column":29},"end":{"line":442,"column":30}},"loc":{"start":{"line":442,"column":38},"end":{"line":451,"column":9}},"line":442},"53":{"name":"(anonymous_53)","decl":{"start":{"line":451,"column":18},"end":{"line":451,"column":19}},"loc":{"start":{"line":451,"column":28},"end":{"line":453,"column":9}},"line":451},"54":{"name":"(anonymous_54)","decl":{"start":{"line":452,"column":61},"end":{"line":452,"column":62}},"loc":{"start":{"line":452,"column":71},"end":{"line":452,"column":94}},"line":452},"55":{"name":"(anonymous_55)","decl":{"start":{"line":453,"column":15},"end":{"line":453,"column":16}},"loc":{"start":{"line":453,"column":24},"end":{"line":458,"column":9}},"line":453},"56":{"name":"(anonymous_56)","decl":{"start":{"line":458,"column":19},"end":{"line":458,"column":20}},"loc":{"start":{"line":458,"column":29},"end":{"line":462,"column":9}},"line":458},"57":{"name":"(anonymous_57)","decl":{"start":{"line":460,"column":59},"end":{"line":460,"column":60}},"loc":{"start":{"line":460,"column":74},"end":{"line":460,"column":125}},"line":460},"58":{"name":"(anonymous_58)","decl":{"start":{"line":460,"column":134},"end":{"line":460,"column":135}},"loc":{"start":{"line":460,"column":145},"end":{"line":460,"column":191}},"line":460},"59":{"name":"(anonymous_59)","decl":{"start":{"line":465,"column":49},"end":{"line":465,"column":50}},"loc":{"start":{"line":465,"column":69},"end":{"line":480,"column":9}},"line":465},"60":{"name":"(anonymous_60)","decl":{"start":{"line":466,"column":89},"end":{"line":466,"column":90}},"loc":{"start":{"line":466,"column":104},"end":{"line":475,"column":13}},"line":466},"61":{"name":"(anonymous_61)","decl":{"start":{"line":469,"column":103},"end":{"line":469,"column":104}},"loc":{"start":{"line":469,"column":112},"end":{"line":469,"column":124}},"line":469},"62":{"name":"(anonymous_62)","decl":{"start":{"line":483,"column":85},"end":{"line":483,"column":86}},"loc":{"start":{"line":483,"column":100},"end":{"line":506,"column":9}},"line":483},"63":{"name":"(anonymous_63)","decl":{"start":{"line":518,"column":57},"end":{"line":518,"column":58}},"loc":{"start":{"line":518,"column":72},"end":{"line":518,"column":181}},"line":518},"64":{"name":"(anonymous_64)","decl":{"start":{"line":518,"column":119},"end":{"line":518,"column":120}},"loc":{"start":{"line":518,"column":128},"end":{"line":518,"column":180}},"line":518},"65":{"name":"(anonymous_65)","decl":{"start":{"line":520,"column":48},"end":{"line":520,"column":49}},
[...]
,"/Users/polonsky/git/dynamoose/packages/dynamoose/dist/utils/dynamoose/convertConditionArrayRequestObjectToString.js": {"path":"/Users/polonsky/git/dynamoose/packages/dynamoose/dist/utils/dynamoose/convertConditionArrayRequestObjectToString.js","statementMap":{"0":{"start":{"line":2,"column":51},"end":{"line":8,"column":1}},"1":{"start":{"line":3,"column":4},"end":{"line":7,"column":11}},"2":{"start":{"line":4,"column":27},"end":{"line":4,"column":35}},"3":{"start":{"line":5,"column":8},"end":{"line":5,"column":110}},"4":{"start":{"line":6,"column":8},"end":{"line":6,"column":53}},"5":{"start":{"line":6,"column":40},"end":{"line":6,"column":41}},"6":{"start":{"line":9,"column":0},"end":{"line":9,"column":60}}},"fnMap":{"0":{"name":"(anonymous_0)","decl":{"start":{"line":2,"column":51},"end":{"line":2,"column":52}},"loc":{"start":{"line":2,"column":67},"end":{"line":8,"column":1}},"line":2},"1":{"name":"(anonymous_1)","decl":{"start":{"line":3,"column":29},"end":{"line":3,"column":30}},"loc":{"start":{"line":3,"column":47},"end":{"line":7,"column":5}},"line":3},"2":{"name":"(anonymous_2)","decl":{"start":{"line":6,"column":33},"end":{"line":6,"column":34}},"loc":{"start":{"line":6,"column":40},"end":{"line":6,"column":41}},"line":6}},"branchMap":{"0":{"loc":{"start":{"line":5,"column":24},"end":{"line":5,"column":108}},"type":"cond-expr","locations":[{"start":{"line":5,"column":46},"end":{"line":5,"column":101}},{"start":{"line":5,"column":104},"end":{"line":5,"column":108}}],"line":5}},"s":{"0":31,"1":182,"2":148,"3":148,"4":148,"5":296,"6":31},"f":{"0":182,"1":148,"2":296},"b":{"0":[8,140]},"_coverageSchema":"1a1c01bbd47fc00a2c39e90264f33305004495a9","hash":"0687a1a51252b0cfaa4a0c9914c4087247ec7cef"}
,"/Users/polonsky/git/dynamoose/packages/dynamoose/dist/utils/dynamoose/getValueTypeCheckResult.js": {"path":"/Users/polonsky/git/dynamoose/packages/dynamoose/dist/utils/dynamoose/getValueTypeCheckResult.js","statementMap":{"0":{"start":{"line":2,"column":0},"end":{"line":2,"column":62}},"1":{"start":{"line":8,"column":0},"end":{"line":22,"column":2}},"2":{"start":{"line":9,"column":24},"end":{"line":9,"column":68}},"3":{"start":{"line":10,"column":29},"end":{"line":10,"column":85}},"4":{"start":{"line":11,"column":38},"end":{"line":16,"column":37}},"5":{"start":{"line":13,"column":8},"end":{"line":15,"column":9}},"6":{"start":{"line":13,"column":178},"end":{"line":13,"column":188}},"7":{"start":{"line":13,"column":205},"end":{"line":13,"column":231}},"8":{"start":{"line":14,"column":12},"end":{"line":14,"column":25}},"9":{"start":{"line":16,"column":21},"end":{"line":16,"column":36}},"10":{"start":{"line":17,"column":36},"end":{"line":17,"column":64}},"11":{"start":{"line":18,"column":31},"end":{"line":18,"column":72}},"12":{"start":{"line":19,"column":24},"end":{"line":19,"column":51}},"13":{"start":{"line":20,"column":22},"end":{"line":20,"column":140}},"14":{"start":{"line":21,"column":4},"end":{"line":21,"column":21}}},"fnMap":{"0":{"name":"(anonymous_0)","decl":{"start":{"line":8,"column":18},"end":{"line":8,"column":19}},"loc":{"start":{"line":8,"column":61},"end":{"line":22,"column":1}},"line":8},"1":{"name":"(anonymous_1)","decl":{"start":{"line":11,"column":59},"end":{"line":11,"column":60}},"loc":{"start":{"line":11,"column":79},"end":{"line":16,"column":5}},"line":11},"2":{"name":"(anonymous_2)","decl":{"start":{"line":13,"column":171},"end":{"line":13,"column":172}},"loc":{"start":{"line":13,"column":178},"end":{"line":13,"column":188}},"line":13},"3":{"name":"(anonymous_3)","decl":{"start":{"line":13,"column":195},"end":{"line":13,"column":196}},"loc":{"start":{"line":13,"column":205},"end":{"line":13,"column":231}},"line":13},"4":{"name":"(anonymous_4)","decl":{"start":{"line":16,"column":14},"end":{"line":16,"column":15}},"loc":{"start":{"line":16,"column":21},"end":{"line":16,"column":36}},"line":16}},"branchMap":{"0":{"loc":{"start":{"line":10,"column":29},"end":{"line":10,"column":85}},"type":"cond-expr","locations":[{"start":{"line":10,"column":58},"end":{"line":10,"column":69}},{"start":{"line":10,"column":72},"end":{"line":10,"column":85}}],"line":10},"1":{"loc":{"start":{"line":13,"column":8},"end":{"line":15,"column":9}},"type":"if","locations":[{"start":{"line":13,"column":8},"end":{"line":15,"column":9}},{"start":{},"end":{}}],"line":13},"2":{"loc":{"start":{"line":13,"column":13},"end":{"line":13,"column":144}},"type":"cond-expr","locations":[{"start":{"line":13,"column":124},"end":{"line":13,"column":130}},{"start":{"line":13,"column":133},"end":{"line":13,"column":144}}],"line":13},"3":{"loc":{"start":{"line":13,"column":13},"end":{"line":13,"column":121}},"type":"binary-expr","locations":[{"start":{"line":13,"column":13},"end":{"line":13,"column":104}},{"start":{"line":13,"column":108},"end":{"line":13,"column":121}}],"line":13},"4":{"loc":{"start":{"line":13,"column":19},"end":{"line":13,"column":94}},"type":"cond-expr","locations":[{"start":{"line":13,"column":73},"end":{"line":13,"column":79}},{"start":{"line":13,"column":82},"end":{"line":13,"column":94}}],"line":13},"5":{"loc":{"start":{"line":13,"column":19},"end":{"line":13,"column":70}},"type":"binary-expr","locations":[{"start":{"line":13,"column":19},"end":{"line":13,"column":53}},{"start":{"line":13,"column":57},"end":{"line":13,"column":70}}],"line":13}},"s":{"0":31,"1":31,"2":14010,"3":12775,"4":12775,"5":12901,"6":25802,"7":13613,"8":11386,"9":12901,"10":12775,"11":12775,"12":12775,"13":12775,"14":12775},"f":{"0":14010,"1":12901,"2":25802,"3":13613,"4":12901},"b":{"0":[126,12649],"1":[11386,1515],"2":[11636,1265],"3":[12901,12901],"4":[11636,1265],"5":[12901,12901]},"_coverageSchema":"1a1c01bbd47fc00a2c39e90264f33305004495a9","hash":"c5c33e2022158788fa78e7e962fed594859be47c"}
,"/Users/polonsky/git/dynamoose/packages/dynamoose/dist/utils/dynamoose/get_provisioned_throughput.js": {"path":"/Users/polonsky/git/dynamoose/packages/dynamoose/dist/utils/dynamoose/get_provisioned_throughput.js","statementMap":{"0":{"start":{"line":2,"column":0},"end":{"line":2,"column":62}},"1":{"start":{"line":3,"column":0},"end":{"line":20,"column":2}},"2":{"start":{"line":4,"column":4},"end":{"line":6,"column":5}},"3":{"start":{"line":5,"column":8},"end":{"line":5,"column":18}},"4":{"start":{"line":7,"column":4},"end":{"line":19,"column":5}},"5":{"start":{"line":8,"column":8},"end":{"line":10,"column":10}},"6":{"start":{"line":13,"column":8},"end":{"line":18,"column":10}}},"fnMap":{"0":{"name":"(anonymous_0)","decl":{"start":{"line":3,"column":18},"end":{"line":3,"column":19}},"loc":{"start":{"line":3,"column":31},"end":{"line":20,"column":1}},"line":3}},"branchMap":{"0":{"loc":{"start":{"line":4,"column":4},"end":{"line":6,"column":5}},"type":"if","locations":[{"start":{"line":4,"column":4},"end":{"line":6,"column":5}},{"start":{},"end":{}}],"line":4},"1":{"loc":{"start":{"line":7,"column":4},"end":{"line":19,"column":5}},"type":"if","locations":[{"start":{"line":7,"column":4},"end":{"line":19,"column":5}},{"start":{"line":12,"column":9},"end":{"line":19,"column":5}}],"line":7},"2":{"loc":{"start":{"line":15,"column":37},"end":{"line":15,"column":122}},"type":"cond-expr","locations":[{"start":{"line":15,"column":78},"end":{"line":15,"column":96}},{"start":{"line":15,"column":99},"end":{"line":15,"column":122}}],"line":15},"3":{"loc":{"start":{"line":16,"column":38},"end":{"line":16,"column":124}},"type":"cond-expr","locations":[{"start":{"line":16,"column":79},"end":{"line":16,"column":97}},{"start":{"line":16,"column":100},"end":{"line":16,"column":124}}],"line":16}},"s":{"0":31,"1":31,"2":261,"3":10,"4":251,"5":4,"6":247},"f":{"0":261},"b":{"0":[10,251],"1":[4,247],"2":[6,241],"3":[6,241]},"_coverageSchema":"1a1c01bbd47fc00a2c39e90264f33305004495a9","hash":"79b2f79f5f64204ee2367d4936bc313e02010319"}
,"/Users/polonsky/git/dynamoose/packages/dynamoose/dist/utils/dynamoose/index.js": {"path":"/Users/polonsky/git/dynamoose/packages/dynamoose/dist/utils/dynamoose/index.js","statementMap":{"0":{"start":{"line":2,"column":0},"end":{"line":2,"column":62}},"1":{"start":{"line":3,"column":37},"end":{"line":3,"column":76}},"2":{"start":{"line":4,"column":24},"end":{"line":4,"column":50}},"3":{"start":{"line":5,"column":51},"end":{"line":5,"column":106}},"4":{"start":{"line":6,"column":34},"end":{"line":6,"column":70}},"5":{"start":{"line":7,"column":21},"end":{"line":7,"column":44}},"6":{"start":{"line":8,"column":26},"end":{"line":8,"column":52}},"7":{"start":{"line":9,"column":0},"end":{"line":16,"column":2}}},"fnMap":{},"branchMap":{},"s":{"0":31,"1":31,"2":31,"3":31,"4":31,"5":31,"6":31,"7":31},"f":{},"b":{},"_coverageSchema":"1a1c01bbd47fc00a2c39e90264f33305004495a9","hash":"15e1b619ce7c247fed721bd29dcdf3eec802c407"}
,"/Users/polonsky/git/dynamoose/packages/dynamoose/dist/utils/dynamoose/index_changes.js": {"path":"/Users/polonsky/git/dynamoose/packages/dynamoose/dist/utils/dynamoose/index_changes.js","statementMap":{"0":{"start":{"line":2,"column":0},"end":{"line":2,"column":62}},"1":{"start":{"line":3,"column":0},"end":{"line":3,"column":38}},"2":{"start":{"line":4,"column":12},"end":{"line":4,"column":42}},"3":{"start":{"line":5,"column":19},"end":{"line":5,"column":44}},"4":{"start":{"line":6,"column":20},"end":{"line":6,"column":43}},"5":{"start":{"line":7,"column":31},"end":{"line":7,"column":57}},"6":{"start":{"line":9,"column":0},"end":{"line":12,"column":95}},"7":{"start":{"line":10,"column":4},"end":{"line":10,"column":40}},"8":{"start":{"line":11,"column":4},"end":{"line":11,"column":46}},"9":{"start":{"line":13,"column":22},"end":{"line":35,"column":1}},"10":{"start":{"line":14,"column":19},"end":{"line":14,"column":21}},"11":{"start":{"line":15,"column":28},"end":{"line":15,"column":94}},"12":{"start":{"line":17,"column":32},"end":{"line":17,"column":97}},"13":{"start":{"line":18,"column":26},"end":{"line":26,"column":89}},"14":{"start":{"line":19,"column":29},"end":{"line":19,"column":60}},"15":{"start":{"line":20,"column":8},"end":{"line":24,"column":11}},"16":{"start":{"line":21,"column":12},"end":{"line":23,"column":13}},"17":{"start":{"line":22,"column":16},"end":{"line":22,"column":46}},"18":{"start":{"line":25,"column":8},"end":{"line":25,"column":186}},"19":{"start":{"line":25,"column":85},"end":{"line":25,"column":184}},"20":{"start":{"line":26,"column":23},"end":{"line":26,"column":87}},"21":{"start":{"line":27,"column":4},"end":{"line":27,"column":34}},"22":{"start":{"line":29,"column":26},"end":{"line":32,"column":7}},"23":{"start":{"line":29,"column":91},"end":{"line":29,"column":192}},"24":{"start":{"line":29,"column":114},"end":{"line":29,"column":120}},"25":{"start":{"line":29,"column":153},"end":{"line":29,"column":164}},"26":{"start":{"line":29,"column":210},"end":{"line":32,"column":5}},"27":{"start":{"line":33,"column":4},"end":{"line":33,"column":34}},"28":{"start":{"line":34,"column":4},"end":{"line":34,"column":18}},"29":{"start":{"line":36,"column":0},"end":{"line":36,"column":32}}},"fnMap":{"0":{"name":"(anonymous_0)","decl":{"start":{"line":9,"column":1},"end":{"line":9,"column":2}},"loc":{"start":{"line":9,"column":33},"end":{"line":12,"column":1}},"line":9},"1":{"name":"(anonymous_1)","decl":{"start":{"line":13,"column":22},"end":{"line":13,"column":23}},"loc":{"start":{"line":13,"column":61},"end":{"line":35,"column":1}},"line":13},"2":{"name":"(anonymous_2)","decl":{"start":{"line":18,"column":49},"end":{"line":18,"column":50}},"loc":{"start":{"line":18,"column":60},"end":{"line":26,"column":5}},"line":18},"3":{"name":"(anonymous_3)","decl":{"start":{"line":20,"column":42},"end":{"line":20,"column":43}},"loc":{"start":{"line":20,"column":60},"end":{"line":24,"column":9}},"line":20},"4":{"name":"(anonymous_4)","decl":{"start":{"line":25,"column":68},"end":{"line":25,"column":69}},"loc":{"start":{"line":25,"column":85},"end":{"line":25,"column":184}},"line":25},"5":{"name":"(anonymous_5)","decl":{"start":{"line":26,"column":11},"end":{"line":26,"column":12}},"loc":{"start":{"line":26,"column":23},"end":{"line":26,"column":87}},"line":26},"6":{"name":"(anonymous_6)","decl":{"start":{"line":29,"column":80},"end":{"line":29,"column":81}},"loc":{"start":{"line":29,"column":91},"end":{"line":29,"column":192}},"line":29},"7":{"name":"(anonymous_7)","decl":{"start":{"line":29,"column":107},"end":{"line":29,"column":108}},"loc":{"start":{"line":29,"column":114},"end":{"line":29,"column":120}},"line":29},"8":{"name":"(anonymous_8)","decl":{"start":{"line":29,"column":146},"end":{"line":29,"column":147}},"loc":{"start":{"line":29,"column":153},"end":{"line":29,"column":164}},"line":29},"9":{"name":"(anonymous_9)","decl":{"start":{"line":29,"column":198},"end":{"line":29,"column":199}},"loc":{"start":{"line":29,"column":210},"end":{"line":32,"column":5}},"line":29}},"branchMap":{"0":{"loc":{"start":{"line":12,"column":26},"end":{"line":12,"column":93}},"type":"binary-expr","locations":[{"start":{"line":12,"column":26},"end":{"line":12,"column":54}},{"start":{"line":12,"column":59},"end":{"line":12,"column":92}}],"line":12},"1":{"loc":{"start":{"line":13,"column":36},"end":{"line":13,"column":56}},"type":"default-arg","locations":[{"start":{"line":13,"column":54},"end":{"line":13,"column":56}}],"line":13},"2":{"loc":{"start":{"line":21,"column":12},"end":{"line":23,"column":13}},"type":"if","locations":[{"start":{"line":21,"column":12},"end":{"line":23,"column":13}},{"start":{},"end":{}}],"line":21},"3":{"loc":{"start":{"line":25,"column":17},"end":{"line":25,"column":61}},"type":"binary-expr","locations":[{"start":{"line":25,"column":17},"end":{"line":25,"column":55}},{"start":{"line":25,"column":59},"end":{"line":25,"column":61}}],"line":25},"4":{"loc":{"start":{"line":29,"column":27},"end":{"line":29,"column":71}},"type":"binary-expr","locations":[{"start":{"line":29,"column":27},"end":{"line":29,"column":65}},{"start":{"line":29,"column":69},"end":{"line":29,"column":71}}],"line":29}},"s":{"0":31,"1":31,"2":31,"3":31,"4":31,"5":31,"6":31,"7":31,"8":31,"9":31,"10":43,"11":43,"12":43,"13":43,"14":7,"15":7,"16":81,"17":1,"18":7,"19":4,"20":4,"21":43,"22":43,"23":13,"24":1,"25":4,"26":10,"27":43,"28":43,"29":31},"f":{"0":31,"1":43,"2":7,"3":81,"4":4,"5":4,"6":13,"7":1,"8":4,"9":10},"b":{"0":[31,31],"1":[34],"2":[1,80],"3":[7,3],"4":[43,33]},"_coverageSchema":"1a1c01bbd47fc00a2c39e90264f33305004495a9","hash":"1e203d5a918ec5e90bd813e59701fb4b4f1ec899"}
,"/Users/polonsky/git/dynamoose/packages/dynamoose/dist/utils/dynamoose/itemToJSON.js": {"path":"/Users/polonsky/git/dynamoose/packages/dynamoose/dist/utils/dynamoose/itemToJSON.js","statementMap":{"0":{"start":{"line":2,"column":0},"end":{"line":2,"column":62}},"1":{"start":{"line":3,"column":0},"end":{"line":3,"column":28}},"2":{"start":{"line":6,"column":4},"end":{"line":6,"column":97}},"3":{"start":{"line":8,"column":0},"end":{"line":8,"column":32}}},"fnMap":{"0":{"name":"itemToJSON","decl":{"start":{"line":5,"column":9},"end":{"line":5,"column":19}},"loc":{"start":{"line":5,"column":22},"end":{"line":7,"column":1}},"line":5}},"branchMap":{"0":{"loc":{"start":{"line":6,"column":37},"end":{"line":6,"column":94}},"type":"cond-expr","locations":[{"start":{"line":6,"column":59},"end":{"line":6,"column":68}},{"start":{"line":6,"column":71},"end":{"line":6,"column":94}}],"line":6}},"s":{"0":31,"1":31,"2":367,"3":31},"f":{"0":367},"b":{"0":[48,319]},"_coverageSchema":"1a1c01bbd47fc00a2c39e90264f33305004495a9","hash":"774d2e55bef4c8ba6db1d7257150620d4f28277f"}
,"/Users/polonsky/git/dynamoose/packages/dynamoose/dist/utils/dynamoose/returnModel.js": {"path":"/Users/polonsky/git/dynamoose/packages/dynamoose/dist/utils/dynamoose/returnModel.js","statementMap":{"0":{"start":{"line":2,"column":0},"end":{"line":2,"column":62}},"1":{"start":{"line":3,"column":12},"end":{"line":3,"column":25}},"2":{"start":{"line":4,"column":0},"end":{"line":43,"column":2}},"3":{"start":{"line":5,"column":25},"end":{"line":5,"column":35}},"4":{"start":{"line":6,"column":17},"end":{"line":10,"column":62}},"5":{"start":{"line":10,"column":23},"end":{"line":10,"column":61}},"6":{"start":{"line":11,"column":4},"end":{"line":37,"column":7}},"7":{"start":{"line":12,"column":8},"end":{"line":36,"column":9}},"8":{"start":{"line":13,"column":25},"end":{"line":31,"column":13}},"9":{"start":{"line":14,"column":16},"end":{"line":14,"column":62}},"10":{"start":{"line":15,"column":30},"end":{"line":15,"column":64}},"11":{"start":{"line":16,"column":16},"end":{"line":30,"column":17}},"12":{"start":{"line":17,"column":20},"end":{"line":17,"column":69}},"13":{"start":{"line":20,"column":20},"end":{"line":29,"column":23}},"14":{"start":{"line":21,"column":39},"end":{"line":21,"column":57}},"15":{"start":{"line":22,"column":41},"end":{"line":22,"column":78}},"16":{"start":{"line":23,"column":24},"end":{"line":28,"column":25}},"17":{"start":{"line":24,"column":28},"end":{"line":24,"column":41}},"18":{"start":{"line":27,"column":28},"end":{"line":27,"column":95}},"19":{"start":{"line":32,"column":12},"end":{"line":32,"column":22}},"20":{"start":{"line":35,"column":12},"end":{"line":35,"column":55}},"21":{"start":{"line":38,"column":4},"end":{"line":41,"column":7}},"22":{"start":{"line":42,"column":4},"end":{"line":42,"column":24}}},"fnMap":{"0":{"name":"(anonymous_0)","decl":{"start":{"line":4,"column":18},"end":{"line":4,"column":19}},"loc":{"start":{"line":4,"column":29},"end":{"line":43,"column":1}},"line":4},"1":{"name":"(anonymous_1)","decl":{"start":{"line":10,"column":14},"end":{"line":10,"column":15}},"loc":{"start":{"line":10,"column":23},"end":{"line":10,"column":61}},"line":10},"2":{"name":"(anonymous_2)","decl":{"start":{"line":11,"column":17},"end":{"line":11,"column":18}},"loc":{"start":{"line":11,"column":26},"end":{"line":37,"column":5}},"line":11},"3":{"name":"(anonymous_3)","decl":{"start":{"line":13,"column":25},"end":{"line":13,"column":26}},"loc":{"start":{"line":13,"column":34},"end":{"line":31,"column":13}},"line":13},"4":{"name":"(anonymous_4)","decl":{"start":{"line":20,"column":47},"end":{"line":20,"column":48}},"loc":{"start":{"line":20,"column":59},"end":{"line":29,"column":21}},"line":20}},"branchMap":{"0":{"loc":{"start":{"line":12,"column":8},"end":{"line":36,"column":9}},"type":"if","locations":[{"start":{"line":12,"column":8},"end":{"line":36,"column":9}},{"start":{"line":34,"column":13},"end":{"line":36,"column":9}}],"line":12},"1":{"loc":{"start":{"line":16,"column":16},"end":{"line":30,"column":17}},"type":"if","locations":[{"start":{"line":16,"column":16},"end":{"line":30,"column":17}},{"start":{"line":19,"column":21},"end":{"line":30,"column":17}}],"line":16},"2":{"loc":{"start":{"line":16,"column":20},"end":{"line":16,"column":97}},"type":"binary-expr","locations":[{"start":{"line":16,"column":20},"end":{"line":16,"column":34}},{"start":{"line":16,"column":38},"end":{"line":16,"column":66}},{"start":{"line":16,"column":70},"end":{"line":16,"column":97}}],"line":16},"3":{"loc":{"start":{"line":23,"column":24},"end":{"line":28,"column":25}},"type":"if","locations":[{"start":{"line":23,"column":24},"end":{"line":28,"column":25}},{"start":{"line":26,"column":29},"end":{"line":28,"column":25}}],"line":23}},"s":{"0":31,"1":31,"2":31,"3":2528,"4":2528,"5":48032,"6":2528,"7":42976,"8":7584,"9":12640,"10":12640,"11":12640,"12":2528,"13":10112,"14":25280,"15":25280,"16":25280,"17":5056,"18":20224,"19":7584,"20":35392,"21":2528,"22":2528},"f":{"0":2528,"1":48032,"2":42976,"3":12640,"4":25280},"b":{"0":[7584,35392],"1":[2528,10112],"2":[12640,12640,2528],"3":[5056,20224]},"_coverageSchema":"1a1c01bbd47fc00a2c39e90264f33305004495a9","hash":"c0fb1ed97767597682d9b71107f69164aad74c19"}
}
