TN:
SF:dist/Condition.js
FN:11,(anonymous_0)
FN:11,(anonymous_1)
FN:13,(anonymous_2)
FN:27,(anonymous_3)
FN:61,(anonymous_4)
FN:64,(anonymous_5)
FN:65,(anonymous_6)
FN:78,(anonymous_7)
FN:91,(anonymous_8)
FN:95,main
FN:96,(anonymous_10)
FN:117,(anonymous_11)
FN:132,(anonymous_12)
FN:133,(anonymous_13)
FN:170,(anonymous_14)
FN:183,(anonymous_15)
FN:184,(anonymous_16)
FN:203,(anonymous_17)
FN:206,(anonymous_18)
FN:238,(anonymous_19)
FN:252,(anonymous_20)
FN:281,(anonymous_21)
FN:298,(anonymous_22)
FN:317,(anonymous_23)
FN:322,finalizePending
FN:342,(anonymous_25)
FN:347,(anonymous_26)
FN:348,(anonymous_27)
FNF:28
FNH:28
FNDA:73,(anonymous_0)
FNDA:22,(anonymous_1)
FNDA:31,(anonymous_2)
FNDA:31,(anonymous_3)
FNDA:643,(anonymous_4)
FNDA:279,(anonymous_5)
FNDA:367,(anonymous_6)
FNDA:9,(anonymous_7)
FNDA:334,(anonymous_8)
FNDA:253,main
FNDA:367,(anonymous_10)
FNDA:2,(anonymous_11)
FNDA:8,(anonymous_12)
FNDA:8,(anonymous_13)
FNDA:465,(anonymous_14)
FNDA:135,(anonymous_15)
FNDA:204,(anonymous_16)
FNDA:88,(anonymous_17)
FNDA:163,(anonymous_18)
FNDA:8,(anonymous_19)
FNDA:24,(anonymous_20)
FNDA:42,(anonymous_21)
FNDA:25,(anonymous_22)
FNDA:14,(anonymous_23)
FNDA:465,finalizePending
FNDA:215,(anonymous_25)
FNDA:341,(anonymous_26)
FNDA:465,(anonymous_27)
DA:2,31
DA:3,31
DA:4,31
DA:5,31
DA:6,31
DA:7,31
DA:8,31
DA:9,31
DA:10,31
DA:11,73
DA:13,31
DA:14,31
DA:15,31
DA:16,31
DA:17,31
DA:18,31
DA:19,31
DA:20,31
DA:21,31
DA:22,31
DA:23,31
DA:24,31
DA:27,31
DA:28,31
DA:29,31
DA:30,31
DA:31,31
DA:32,31
DA:33,31
DA:34,31
DA:35,31
DA:36,31
DA:37,31
DA:38,31
DA:39,31
DA:40,31
DA:42,31
DA:62,643
DA:63,643
DA:65,279
DA:66,367
DA:67,367
DA:74,367
DA:75,367
DA:77,279
DA:78,9
DA:79,9
DA:81,9
DA:82,3
DA:84,9
DA:87,270
DA:88,42
DA:90,228
DA:91,228
DA:92,334
DA:93,334
DA:96,253
DA:97,367
DA:98,367
DA:99,25
DA:100,25
DA:101,25
DA:102,25
DA:103,25
DA:105,342
DA:106,334
DA:107,334
DA:108,334
DA:109,334
DA:110,334
DA:111,334
DA:112,334
DA:113,334
DA:114,333
DA:117,1
DA:118,2
DA:119,2
DA:120,2
DA:121,2
DA:124,334
DA:125,334
DA:128,264
DA:129,264
DA:131,3
DA:132,8
DA:133,3
DA:134,8
DA:136,3
DA:141,37
DA:142,37
DA:144,11
DA:145,11
DA:146,11
DA:147,11
DA:148,11
DA:151,6
DA:152,6
DA:155,9
DA:156,9
DA:157,9
DA:159,4
DA:160,4
DA:164,8
DA:166,359
DA:167,359
DA:168,106
DA:170,359
DA:171,465
DA:172,89
DA:175,376
DA:178,359
DA:181,228
DA:184,135
DA:185,204
DA:186,204
DA:187,204
DA:188,204
DA:190,135
DA:193,643
DA:194,10
DA:197,633
DA:201,633
DA:202,73
DA:203,62
DA:204,88
DA:205,88
DA:206,163
DA:207,88
DA:208,3
DA:210,85
DA:219,560
DA:220,248
DA:221,248
DA:222,248
DA:224,630
DA:225,630
DA:226,630
DA:228,640
DA:239,8
DA:240,8
DA:253,24
DA:282,42
DA:283,42
DA:299,25
DA:300,25
DA:301,25
DA:302,25
DA:318,14
DA:321,31
DA:323,465
DA:325,465
DA:326,34
DA:327,9
DA:329,25
DA:332,431
DA:334,456
DA:340,456
DA:342,31
DA:343,215
DA:344,215
DA:347,31
DA:348,341
DA:349,465
DA:350,1
DA:352,465
DA:353,465
DA:354,465
DA:355,456
LF:168
LH:168
BRDA:11,0,0,73
BRDA:11,0,1,11
BRDA:11,1,0,22
BRDA:11,1,1,22
BRDA:25,2,0,31
BRDA:25,2,1,31
BRDA:41,3,0,31
BRDA:41,3,1,31
BRDA:64,4,0,51
BRDA:77,5,0,9
BRDA:77,5,1,270
BRDA:77,6,0,279
BRDA:77,6,1,199
BRDA:81,7,0,3
BRDA:81,7,1,6
BRDA:87,8,0,42
BRDA:87,8,1,228
BRDA:90,9,0,228
BRDA:90,9,1,228
BRDA:90,10,0,228
BRDA:90,10,1,226
BRDA:93,11,0,334
BRDA:93,11,1,332
BRDA:98,12,0,25
BRDA:98,12,1,342
BRDA:102,13,0,9
BRDA:102,13,1,16
BRDA:105,14,0,334
BRDA:105,14,1,8
BRDA:113,15,0,333
BRDA:113,15,1,1
BRDA:125,16,0,260
BRDA:125,16,1,264
BRDA:125,16,2,3
BRDA:125,16,3,8
BRDA:125,16,4,12
BRDA:125,16,5,20
BRDA:125,16,6,37
BRDA:125,16,7,11
BRDA:125,16,8,4
BRDA:125,16,9,6
BRDA:125,16,10,7
BRDA:125,16,11,9
BRDA:125,16,12,4
BRDA:128,17,0,260
BRDA:128,17,1,4
BRDA:141,18,0,12
BRDA:141,18,1,25
BRDA:141,19,0,21
BRDA:141,19,1,16
BRDA:151,20,0,2
BRDA:151,20,1,4
BRDA:155,21,0,2
BRDA:155,21,1,7
BRDA:167,22,0,106
BRDA:167,22,1,253
BRDA:168,23,0,8
BRDA:168,23,1,98
BRDA:171,24,0,89
BRDA:171,24,1,376
BRDA:175,25,0,9
BRDA:175,25,1,367
BRDA:179,26,0,188
BRDA:179,26,1,65
BRDA:193,27,0,10
BRDA:193,27,1,633
BRDA:201,28,0,73
BRDA:201,28,1,560
BRDA:202,29,0,62
BRDA:202,29,1,11
BRDA:205,30,0,66
BRDA:205,30,1,22
BRDA:205,31,0,88
BRDA:205,31,1,66
BRDA:207,32,0,3
BRDA:207,32,1,85
BRDA:213,33,0,63
BRDA:213,33,1,22
BRDA:213,34,0,85
BRDA:213,34,1,63
BRDA:219,35,0,248
BRDA:219,35,1,312
BRDA:299,36,0,11
BRDA:299,36,1,14
BRDA:325,37,0,34
BRDA:325,37,1,431
BRDA:326,38,0,9
BRDA:326,38,1,25
BRDA:349,39,0,1
BRDA:349,39,1,464
BRDA:352,40,0,20
BRDA:352,40,1,445
BRF:92
BRH:92
end_of_record
TN:
SF:dist/Error.js
FNF:0
FNH:0
DA:2,31
DA:3,31
DA:4,31
LF:3
LH:3
BRF:0
BRH:0
end_of_record
TN:
SF:dist/General.js
FN:5,(anonymous_0)
FNF:1
FNH:1
FNDA:31,(anonymous_0)
DA:2,31
DA:3,31
DA:5,31
DA:9,31
DA:13,31
LF:5
LH:5
BRDA:14,0,0,31
BRDA:14,0,1,31
BRF:2
BRH:2
end_of_record
TN:
SF:dist/Instance.js
FN:16,(anonymous_0)
FN:23,getInstanceTable
FN:25,(anonymous_2)
FNF:3
FNH:3
FNDA:56,(anonymous_0)
FNDA:56,getInstanceTable
FNDA:2407,(anonymous_2)
DA:2,31
DA:3,31
DA:4,31
DA:5,31
DA:17,56
DA:18,56
DA:21,31
DA:22,31
DA:26,2407
DA:29,56
LF:10
LH:10
BRF:0
BRH:0
end_of_record
TN:
SF:dist/Internal.js
FNF:0
FNH:0
DA:2,31
DA:3,31
LF:2
LH:2
BRF:0
BRH:0
end_of_record
TN:
SF:dist/InternalPropertiesClass.js
FN:2,(anonymous_0)
FN:7,(anonymous_1)
FN:20,(anonymous_2)
FN:23,(anonymous_3)
FN:31,(anonymous_4)
FNF:5
FNH:5
FNDA:627843,(anonymous_0)
FNDA:22019,(anonymous_1)
FNDA:12986,(anonymous_2)
FNDA:627844,(anonymous_3)
FNDA:22020,(anonymous_4)
DA:2,31
DA:3,627843
DA:4,627843
DA:5,627843
DA:7,31
DA:8,22019
DA:9,22019
DA:10,22019
DA:11,22019
DA:14,31
DA:15,31
DA:16,31
DA:17,31
DA:18,31
DA:21,12986
DA:24,627844
DA:25,1
DA:28,627843
DA:32,22020
DA:33,1
DA:36,22019
DA:40,31
DA:41,31
LF:23
LH:23
BRDA:2,0,0,31
BRDA:2,0,1,31
BRDA:2,0,2,31
BRDA:3,1,0,0
BRDA:3,1,1,627843
BRDA:3,2,0,627843
BRDA:3,2,1,0
BRDA:4,3,0,0
BRDA:4,3,1,627843
BRDA:4,4,0,0
BRDA:4,4,1,627843
BRDA:4,5,0,0
BRDA:4,5,1,0
BRDA:5,6,0,0
BRDA:5,6,1,627843
BRDA:5,7,0,0
BRDA:5,7,1,627843
BRDA:5,8,0,0
BRDA:5,8,1,627843
BRDA:7,9,0,31
BRDA:7,9,1,31
BRDA:7,9,2,31
BRDA:8,10,0,0
BRDA:8,10,1,22019
BRDA:9,11,0,0
BRDA:9,11,1,22019
BRDA:9,12,0,22019
BRDA:9,12,1,0
BRDA:10,13,0,0
BRDA:10,13,1,22019
BRDA:10,14,0,0
BRDA:10,14,1,22019
BRDA:10,15,0,0
BRDA:10,15,1,0
BRDA:11,16,0,0
BRDA:11,16,1,22019
BRDA:11,17,0,0
BRDA:11,17,1,22019
BRDA:24,18,0,1
BRDA:24,18,1,627843
BRDA:32,19,0,1
BRDA:32,19,1,22019
BRF:42
BRH:24
end_of_record
TN:
SF:dist/Item.js
FN:23,(anonymous_0)
FN:26,(anonymous_1)
FN:34,(anonymous_2)
FN:41,(anonymous_3)
FN:43,(anonymous_4)
FN:51,(anonymous_5)
FN:52,isValid
FN:58,(anonymous_7)
FN:69,(anonymous_8)
FN:73,(anonymous_9)
FN:92,(anonymous_10)
FN:115,(anonymous_11)
FN:135,(anonymous_12)
FN:143,(anonymous_13)
FN:146,(anonymous_14)
FN:155,(anonymous_15)
FN:166,(anonymous_16)
FN:185,(anonymous_17)
FN:192,(anonymous_18)
FN:198,(anonymous_19)
FN:203,(anonymous_20)
FN:206,(anonymous_21)
FN:215,(anonymous_22)
FN:224,(anonymous_23)
FN:229,(anonymous_24)
FN:241,(anonymous_25)
FN:242,(anonymous_26)
FN:244,(anonymous_27)
FN:249,(anonymous_28)
FN:259,(anonymous_29)
FN:264,(anonymous_30)
FN:266,(anonymous_31)
FN:272,traverse
FN:277,(anonymous_33)
FN:283,(anonymous_34)
FN:300,(anonymous_35)
FN:305,(anonymous_36)
FN:312,mapAttributes
FN:315,(anonymous_38)
FN:330,(anonymous_39)
FN:348,(anonymous_40)
FN:350,(anonymous_41)
FN:358,(anonymous_42)
FN:365,(anonymous_43)
FN:383,(anonymous_44)
FN:384,(anonymous_45)
FN:387,(anonymous_46)
FN:394,(anonymous_47)
FN:400,(anonymous_48)
FN:411,(anonymous_49)
FN:427,(anonymous_50)
FN:427,(anonymous_51)
FN:442,(anonymous_52)
FN:451,(anonymous_53)
FN:452,(anonymous_54)
FN:453,(anonymous_55)
FN:458,(anonymous_56)
FN:460,(anonymous_57)
FN:460,(anonymous_58)
FN:465,(anonymous_59)
FN:466,(anonymous_60)
FN:469,(anonymous_61)
FN:483,(anonymous_62)
FN:518,(anonymous_63)
FN:518,(anonymous_64)
FN:520,(anonymous_65)
FN:521,(anonymous_66)
FN:540,(anonymous_67)
FN:555,(anonymous_68)
FN:562,(anonymous_69)
FNF:70
FNH:70
FNDA:1425,(anonymous_0)
FNDA:3061,(anonymous_1)
FNDA:1333,(anonymous_2)
FNDA:598,(anonymous_3)
FNDA:1628,(anonymous_4)
FNDA:1678,(anonymous_5)
FNDA:2458,isValid
FNDA:123,(anonymous_7)
FNDA:2337,(anonymous_8)
FNDA:348,(anonymous_9)
FNDA:29,(anonymous_10)
FNDA:319,(anonymous_11)
FNDA:2,(anonymous_12)
FNDA:156,(anonymous_13)
FNDA:6,(anonymous_14)
FNDA:279,(anonymous_15)
FNDA:231,(anonymous_16)
FNDA:1,(anonymous_17)
FNDA:222,(anonymous_18)
FNDA:109,(anonymous_19)
FNDA:25,(anonymous_20)
FNDA:138,(anonymous_21)
FNDA:38,(anonymous_22)
FNDA:853,(anonymous_23)
FNDA:120,(anonymous_24)
FNDA:164,(anonymous_25)
FNDA:164,(anonymous_26)
FNDA:40,(anonymous_27)
FNDA:80,(anonymous_28)
FNDA:4765,(anonymous_29)
FNDA:13376,(anonymous_30)
FNDA:14697,(anonymous_31)
FNDA:18471,traverse
FNDA:13550,(anonymous_33)
FNDA:447,(anonymous_34)
FNDA:18471,(anonymous_35)
FNDA:2580,(anonymous_36)
FNDA:5022,mapAttributes
FNDA:688,(anonymous_38)
FNDA:142,(anonymous_39)
FNDA:2668,(anonymous_40)
FNDA:346,(anonymous_41)
FNDA:63,(anonymous_42)
FNDA:143,(anonymous_43)
FNDA:2620,(anonymous_44)
FNDA:79,(anonymous_45)
FNDA:1468,(anonymous_46)
FNDA:4,(anonymous_47)
FNDA:3,(anonymous_48)
FNDA:2788,(anonymous_49)
FNDA:4184,(anonymous_50)
FNDA:592,(anonymous_51)
FNDA:887,(anonymous_52)
FNDA:887,(anonymous_53)
FNDA:3,(anonymous_54)
FNDA:18,(anonymous_55)
FNDA:17,(anonymous_56)
FNDA:34,(anonymous_57)
FNDA:34,(anonymous_58)
FNDA:1964,(anonymous_59)
FNDA:5371,(anonymous_60)
FNDA:24,(anonymous_61)
FNDA:1366,(anonymous_62)
FNDA:459,(anonymous_63)
FNDA:453,(anonymous_64)
FNDA:1057,(anonymous_65)
FNDA:1045,(anonymous_66)
FNDA:1246,(anonymous_67)
FNDA:315,(anonymous_68)
FNDA:352,(anonymous_69)
DA:2,31
DA:3,31
DA:4,31
DA:5,31
DA:6,31
DA:7,31
DA:8,31
DA:9,31
DA:10,31
DA:11,31
DA:12,31
DA:13,31
DA:14,31
DA:24,1425
DA:25,1425
DA:26,3061
DA:27,1425
DA:35,1333
DA:36,9
DA:38,1324
DA:39,1324
DA:42,598
DA:43,598
DA:44,1628
DA:45,5
DA:48,598
DA:53,2458
DA:54,6
DA:56,2452
DA:57,2452
DA:58,2452
DA:59,2452
DA:60,2452
DA:61,2452
DA:63,1678
DA:64,1678
DA:65,1678
DA:66,85
DA:69,2337
DA:74,348
DA:75,16
DA:77,332
DA:93,29
DA:116,319
DA:136,2
DA:144,156
DA:147,6
DA:148,6
DA:149,6
DA:150,6
DA:151,2
DA:153,6
DA:156,279
DA:157,116
DA:158,116
DA:160,279
DA:161,118
DA:163,279
DA:165,279
DA:166,279
DA:167,231
DA:168,231
DA:172,231
DA:173,4
DA:175,231
DA:176,36
DA:177,36
DA:178,36
DA:180,231
DA:182,279
DA:183,7
DA:184,1
DA:185,1
DA:186,1
DA:189,6
DA:192,272
DA:193,222
DA:194,222
DA:196,272
DA:197,134
DA:198,134
DA:199,109
DA:200,109
DA:201,109
DA:202,109
DA:203,25
DA:206,138
DA:207,138
DA:208,111
DA:209,111
DA:210,111
DA:211,111
DA:216,38
DA:219,31
DA:222,31
DA:224,31
DA:225,853
DA:226,497
DA:227,497
DA:228,60
DA:229,60
DA:230,120
DA:231,120
DA:232,2
DA:234,118
DA:235,6
DA:236,6
DA:237,106
DA:240,60
DA:241,164
DA:242,164
DA:243,60
DA:244,29
DA:245,40
DA:248,58
DA:249,57
DA:250,80
DA:255,851
DA:259,31
DA:260,4765
DA:261,4765
DA:263,4765
DA:264,4765
DA:265,13376
DA:266,13376
DA:267,14697
DA:268,14697
DA:273,18471
DA:274,18471
DA:275,12983
DA:277,5488
DA:278,13550
DA:280,291
DA:281,56
DA:283,291
DA:284,447
DA:285,447
DA:286,447
DA:290,13259
DA:291,44
DA:293,13259
DA:294,13259
DA:295,13259
DA:299,4765
DA:300,18471
DA:301,4765
DA:302,4765
DA:305,31
DA:306,2580
DA:307,7
DA:309,2573
DA:310,2573
DA:311,2573
DA:313,5022
DA:314,2300
DA:315,2300
DA:316,688
DA:317,688
DA:318,12
DA:319,12
DA:320,4
DA:321,1
DA:325,8
DA:328,688
DA:330,2300
DA:331,142
DA:332,2
DA:334,140
DA:335,69
DA:336,69
DA:342,2573
DA:344,2571
DA:345,2571
DA:346,1216
DA:347,1216
DA:348,1216
DA:349,2668
DA:350,2668
DA:351,216
DA:353,2452
DA:354,2452
DA:355,2452
DA:356,2251
DA:357,2249
DA:358,63
DA:360,2189
DA:361,126
DA:363,2063
DA:365,87
DA:366,143
DA:367,92
DA:369,51
DA:370,2
DA:373,76
DA:378,201
DA:379,77
DA:383,2620
DA:384,1154
DA:386,2509
DA:387,490
DA:388,1468
DA:389,1468
DA:390,3
DA:393,1465
DA:394,1465
DA:395,1465
DA:396,1465
DA:397,1465
DA:398,51
DA:399,51
DA:400,3
DA:402,48
DA:403,45
DA:410,2506
DA:411,983
DA:412,2788
DA:413,2788
DA:414,2788
DA:415,1808
DA:416,1808
DA:417,1808
DA:418,1808
DA:419,1808
DA:420,132
DA:421,132
DA:427,4184
DA:428,592
DA:430,592
DA:431,592
DA:434,77
DA:435,77
DA:437,592
DA:438,32
DA:441,2506
DA:442,297
DA:443,887
DA:444,887
DA:445,887
DA:452,887
DA:454,18
DA:455,1
DA:457,17
DA:459,17
DA:460,34
DA:461,17
DA:464,2505
DA:465,1964
DA:466,1964
DA:467,5371
DA:468,5371
DA:469,5371
DA:470,5371
DA:471,5371
DA:472,64
DA:473,64
DA:476,1954
DA:477,1954
DA:478,2
DA:482,2495
DA:483,459
DA:484,1366
DA:485,1366
DA:486,1366
DA:487,1004
DA:488,1004
DA:490,35
DA:491,10
DA:492,6
DA:495,4
DA:499,25
DA:501,31
DA:502,15
DA:507,440
DA:508,440
DA:509,5
DA:510,4
DA:511,2
DA:515,2473
DA:516,442
DA:517,442
DA:518,459
DA:520,442
DA:521,1057
DA:522,1045
DA:523,1045
DA:525,1057
DA:526,1057
DA:527,1057
DA:528,195
DA:529,195
DA:530,195
DA:531,183
DA:535,862
DA:539,2453
DA:540,417
DA:541,1246
DA:542,1246
DA:543,1246
DA:544,904
DA:545,904
DA:546,4
DA:552,2449
DA:553,2449
DA:555,31
DA:556,315
DA:557,315
DA:558,313
DA:559,267
DA:562,31
DA:563,352
DA:564,352
DA:565,348
DA:567,352
DA:568,352
DA:569,352
DA:570,338
DA:571,6
DA:573,332
DA:574,332
DA:575,256
DA:576,256
DA:577,256
DA:578,256
DA:579,4
DA:580,4
DA:581,4
DA:585,332
DA:586,1427
DA:587,677
DA:589,750
DA:590,107
DA:593,332
LF:332
LH:332
BRDA:25,0,0,546
BRDA:25,0,1,879
BRDA:34,1,0,942
BRDA:35,2,0,9
BRDA:35,2,1,1324
BRDA:38,3,0,382
BRDA:38,3,1,942
BRDA:39,4,0,382
BRDA:39,4,1,942
BRDA:44,5,0,5
BRDA:44,5,1,1623
BRDA:53,6,0,6
BRDA:53,6,1,2452
BRDA:53,7,0,2458
BRDA:53,7,1,2453
BRDA:58,8,0,193
BRDA:58,8,1,2259
BRDA:58,9,0,2452
BRDA:58,9,1,198
BRDA:58,9,2,193
BRDA:58,10,0,99
BRDA:58,10,1,94
BRDA:61,11,0,2452
BRDA:61,11,1,1604
BRDA:61,11,2,1595
BRDA:61,11,3,1591
BRDA:61,11,4,58
BRDA:61,11,5,53
BRDA:65,12,0,85
BRDA:65,12,1,1593
BRDA:69,13,0,121
BRDA:69,13,1,1472
BRDA:74,14,0,16
BRDA:74,14,1,332
BRDA:93,15,0,20
BRDA:93,15,1,9
BRDA:150,16,0,2
BRDA:150,16,1,4
BRDA:156,17,0,116
BRDA:156,17,1,163
BRDA:156,18,0,279
BRDA:156,18,1,234
BRDA:160,19,0,118
BRDA:160,19,1,161
BRDA:172,20,0,4
BRDA:172,20,1,227
BRDA:175,21,0,36
BRDA:175,21,1,195
BRDA:177,22,0,2
BRDA:177,22,1,34
BRDA:178,23,0,36
BRDA:178,23,1,34
BRDA:182,24,0,7
BRDA:182,24,1,272
BRDA:183,25,0,1
BRDA:183,25,1,6
BRDA:196,26,0,134
BRDA:196,26,1,138
BRDA:225,27,0,497
BRDA:225,27,1,356
BRDA:227,28,0,60
BRDA:227,28,1,437
BRDA:227,29,0,497
BRDA:227,29,1,61
BRDA:231,30,0,2
BRDA:231,30,1,118
BRDA:234,31,0,6
BRDA:234,31,1,6
BRDA:234,31,2,106
BRDA:243,32,0,29
BRDA:243,32,1,31
BRDA:243,33,0,60
BRDA:243,33,1,53
BRDA:243,33,2,53
BRDA:243,33,3,30
BRDA:243,33,4,3
BRDA:248,34,0,57
BRDA:248,34,1,1
BRDA:248,35,0,58
BRDA:248,35,1,9
BRDA:267,36,0,14697
BRDA:267,36,1,13376
BRDA:274,37,0,12983
BRDA:274,37,1,5488
BRDA:278,38,0,291
BRDA:278,38,1,13259
BRDA:280,39,0,56
BRDA:280,39,1,235
BRDA:280,40,0,291
BRDA:280,40,1,237
BRDA:280,40,2,236
BRDA:280,40,3,236
BRDA:290,41,0,44
BRDA:290,41,1,13215
BRDA:305,42,0,28
BRDA:306,43,0,7
BRDA:306,43,1,2573
BRDA:306,44,0,2580
BRDA:306,44,1,342
BRDA:306,44,2,14
BRDA:306,44,3,7
BRDA:306,44,4,7
BRDA:306,45,0,14
BRDA:306,45,1,7
BRDA:310,46,0,2573
BRDA:310,46,1,2573
BRDA:313,47,0,2300
BRDA:313,47,1,2722
BRDA:313,48,0,5022
BRDA:313,48,1,4538
BRDA:315,49,0,2036
BRDA:315,49,1,264
BRDA:317,50,0,12
BRDA:317,50,1,676
BRDA:317,51,0,688
BRDA:317,51,1,688
BRDA:319,52,0,4
BRDA:319,52,1,8
BRDA:320,53,0,1
BRDA:320,53,1,3
BRDA:331,54,0,2
BRDA:331,54,1,140
BRDA:331,55,0,142
BRDA:331,55,1,71
BRDA:334,56,0,69
BRDA:334,56,1,71
BRDA:345,57,0,1216
BRDA:345,57,1,1355
BRDA:345,58,0,2571
BRDA:345,58,1,1355
BRDA:350,59,0,216
BRDA:350,59,1,2452
BRDA:350,60,0,346
BRDA:350,60,1,306
BRDA:350,60,2,202
BRDA:355,61,0,2251
BRDA:355,61,1,201
BRDA:357,62,0,60
BRDA:357,62,1,2189
BRDA:358,63,0,11
BRDA:358,63,1,52
BRDA:360,64,0,126
BRDA:360,64,1,2063
BRDA:360,65,0,2189
BRDA:360,65,1,2129
BRDA:360,65,2,2067
BRDA:360,65,3,1948
BRDA:360,65,4,208
BRDA:363,66,0,87
BRDA:363,66,1,1976
BRDA:366,67,0,92
BRDA:366,67,1,51
BRDA:366,68,0,143
BRDA:366,68,1,56
BRDA:369,69,0,2
BRDA:369,69,1,49
BRDA:369,70,0,51
BRDA:369,70,1,2
BRDA:378,71,0,77
BRDA:378,71,1,124
BRDA:378,72,0,201
BRDA:378,72,1,180
BRDA:383,73,0,2620
BRDA:383,73,1,2606
BRDA:386,74,0,490
BRDA:386,74,1,2019
BRDA:386,75,0,2509
BRDA:386,75,1,2201
BRDA:389,76,0,3
BRDA:389,76,1,1465
BRDA:394,77,0,4
BRDA:394,77,1,1461
BRDA:394,78,0,4
BRDA:394,78,1,4
BRDA:394,79,0,1461
BRDA:394,79,1,47
BRDA:396,80,0,1270
BRDA:396,80,1,195
BRDA:397,81,0,51
BRDA:397,81,1,1414
BRDA:399,82,0,3
BRDA:399,82,1,48
BRDA:400,83,0,1
BRDA:400,83,1,2
BRDA:402,84,0,45
BRDA:402,84,1,3
BRDA:402,85,0,48
BRDA:402,85,1,45
BRDA:410,86,0,983
BRDA:410,86,1,1523
BRDA:413,87,0,2788
BRDA:413,87,1,1810
BRDA:414,88,0,1808
BRDA:414,88,1,980
BRDA:418,89,0,1028
BRDA:418,89,1,780
BRDA:419,90,0,132
BRDA:419,90,1,1676
BRDA:419,91,0,1808
BRDA:419,91,1,278
BRDA:419,91,2,277
BRDA:437,92,0,32
BRDA:437,92,1,560
BRDA:437,93,0,592
BRDA:437,93,1,394
BRDA:441,94,0,297
BRDA:441,94,1,2209
BRDA:452,95,0,2
BRDA:452,95,1,885
BRDA:454,96,0,1
BRDA:454,96,1,17
BRDA:454,97,0,18
BRDA:454,97,1,18
BRDA:460,98,0,34
BRDA:460,98,1,32
BRDA:464,99,0,1964
BRDA:464,99,1,541
BRDA:469,100,0,12
BRDA:469,100,1,5359
BRDA:470,101,0,5371
BRDA:470,101,1,2943
BRDA:471,102,0,64
BRDA:471,102,1,5307
BRDA:471,103,0,5371
BRDA:471,103,1,80
BRDA:472,104,0,22
BRDA:472,104,1,42
BRDA:477,105,0,2
BRDA:477,105,1,1952
BRDA:482,106,0,459
BRDA:482,106,1,2036
BRDA:485,107,0,1366
BRDA:485,107,1,1006
BRDA:486,108,0,1004
BRDA:486,108,1,362
BRDA:488,109,0,35
BRDA:488,109,1,969
BRDA:490,110,0,10
BRDA:490,110,1,25
BRDA:491,111,0,6
BRDA:491,111,1,4
BRDA:499,112,0,19
BRDA:499,112,1,6
BRDA:501,113,0,15
BRDA:501,113,1,16
BRDA:508,114,0,5
BRDA:508,114,1,435
BRDA:510,115,0,2
BRDA:510,115,1,2
BRDA:515,116,0,442
BRDA:515,116,1,2031
BRDA:517,117,0,153
BRDA:517,117,1,289
BRDA:518,118,0,453
BRDA:518,118,1,312
BRDA:527,119,0,195
BRDA:527,119,1,862
BRDA:529,120,0,195
BRDA:529,120,1,183
BRDA:530,121,0,183
BRDA:530,121,1,12
BRDA:539,122,0,417
BRDA:539,122,1,2036
BRDA:542,123,0,1246
BRDA:542,123,1,906
BRDA:543,124,0,904
BRDA:543,124,1,342
BRDA:545,125,0,4
BRDA:545,125,1,900
BRDA:545,126,0,904
BRDA:545,126,1,8
BRDA:555,127,0,2
BRDA:562,128,0,8
BRDA:564,129,0,348
BRDA:564,129,1,4
BRDA:570,130,0,6
BRDA:570,130,1,332
BRDA:574,131,0,256
BRDA:574,131,1,76
BRDA:580,132,0,4
BRDA:580,132,1,0
BRDA:586,133,0,677
BRDA:586,133,1,750
BRDA:589,134,0,107
BRDA:589,134,1,643
BRF:285
BRH:284
end_of_record
TN:
SF:dist/ItemRetriever.js
FN:15,(anonymous_0)
FN:22,(anonymous_1)
FN:42,(anonymous_2)
FN:46,(anonymous_3)
FN:56,(anonymous_4)
FN:58,(anonymous_5)
FN:59,(anonymous_6)
FN:67,(anonymous_7)
FN:67,(anonymous_8)
FN:68,(anonymous_9)
FN:72,(anonymous_10)
FN:96,(anonymous_11)
FN:103,(anonymous_12)
FN:103,(anonymous_13)
FN:103,(anonymous_14)
FN:106,(anonymous_15)
FN:114,(anonymous_16)
FN:116,(anonymous_17)
FN:122,(anonymous_18)
FN:146,moveParameterNames
FN:147,(anonymous_20)
FN:152,(anonymous_21)
FN:160,(anonymous_22)
FN:160,(anonymous_23)
FN:173,(anonymous_24)
FN:174,(anonymous_25)
FN:199,(anonymous_26)
FN:201,(anonymous_27)
FN:203,(anonymous_28)
FN:203,(anonymous_29)
FN:203,(anonymous_30)
FN:226,(anonymous_31)
FN:227,(anonymous_32)
FN:233,(anonymous_33)
FN:237,(anonymous_34)
FN:242,(anonymous_35)
FN:245,(anonymous_36)
FN:249,(anonymous_37)
FN:255,(anonymous_38)
FN:258,(anonymous_39)
FN:262,(anonymous_40)
FNF:41
FNH:40
FNDA:31,(anonymous_0)
FNDA:547,(anonymous_1)
FNDA:225,(anonymous_2)
FNDA:213,(anonymous_3)
FNDA:90,(anonymous_4)
FNDA:90,(anonymous_5)
FNDA:5,(anonymous_6)
FNDA:221,(anonymous_7)
FNDA:217,(anonymous_8)
FNDA:225,(anonymous_9)
FNDA:4,(anonymous_10)
FNDA:10,(anonymous_11)
FNDA:80,(anonymous_12)
FNDA:80,(anonymous_13)
FNDA:6,(anonymous_14)
FNDA:139,(anonymous_15)
FNDA:620,(anonymous_16)
FNDA:591,(anonymous_17)
FNDA:221,(anonymous_18)
FNDA:166,moveParameterNames
FNDA:181,(anonymous_20)
FNDA:171,(anonymous_21)
FNDA:260,(anonymous_22)
FNDA:157,(anonymous_23)
FNDA:151,(anonymous_24)
FNDA:166,(anonymous_25)
FNDA:21,(anonymous_26)
FNDA:27,(anonymous_27)
FNDA:17,(anonymous_28)
FNDA:17,(anonymous_29)
FNDA:12,(anonymous_30)
FNDA:186,(anonymous_31)
FNDA:41,(anonymous_32)
FNDA:12,(anonymous_33)
FNDA:0,(anonymous_34)
FNDA:85,(anonymous_35)
FNDA:3,(anonymous_36)
FNDA:226,(anonymous_37)
FNDA:140,(anonymous_38)
FNDA:4,(anonymous_39)
FNDA:321,(anonymous_40)
DA:2,31
DA:3,31
DA:4,31
DA:5,31
DA:6,31
DA:7,31
DA:8,31
DA:9,31
DA:10,31
DA:11,31
DA:12,31
DA:13,31
DA:15,31
DA:16,31
DA:17,31
DA:23,547
DA:25,547
DA:26,547
DA:29,2
DA:30,2
DA:32,545
DA:43,225
DA:44,225
DA:45,225
DA:46,225
DA:47,213
DA:48,2
DA:50,213
DA:51,4
DA:56,209
DA:58,90
DA:59,209
DA:60,209
DA:61,209
DA:62,209
DA:63,209
DA:64,209
DA:65,209
DA:67,225
DA:68,217
DA:69,225
DA:70,225
DA:71,225
DA:72,4
DA:73,4
DA:74,2
DA:76,4
DA:77,4
DA:78,4
DA:79,4
DA:80,2
DA:82,4
DA:83,4
DA:84,4
DA:86,4
DA:87,4
DA:88,4
DA:90,4
DA:93,225
DA:95,217
DA:96,10
DA:99,215
DA:102,225
DA:103,86
DA:106,139
DA:107,139
DA:108,133
DA:109,133
DA:114,31
DA:115,620
DA:116,589
DA:117,591
DA:118,585
DA:122,31
DA:123,221
DA:124,221
DA:125,221
DA:126,221
DA:127,2
DA:129,221
DA:130,4
DA:132,221
DA:133,221
DA:134,4
DA:136,217
DA:137,135
DA:138,135
DA:139,135
DA:140,116
DA:141,4
DA:143,112
DA:147,181
DA:148,166
DA:149,7
DA:151,159
DA:152,171
DA:153,159
DA:154,159
DA:155,4
DA:157,155
DA:158,155
DA:159,155
DA:160,260
DA:161,157
DA:162,157
DA:164,155
DA:165,155
DA:166,155
DA:167,155
DA:168,155
DA:169,63
DA:172,217
DA:173,151
DA:174,134
DA:175,166
DA:176,166
DA:178,134
DA:179,134
DA:180,32
DA:183,217
DA:184,2
DA:186,217
DA:187,4
DA:189,217
DA:190,2
DA:192,217
DA:193,1
DA:195,217
DA:196,9
DA:197,1
DA:199,9
DA:200,21
DA:201,27
DA:202,21
DA:203,17
DA:204,13
DA:205,13
DA:207,21
DA:210,217
DA:211,174
DA:213,217
DA:214,92
DA:216,217
DA:218,31
DA:226,31
DA:227,186
DA:228,41
DA:229,41
DA:230,41
DA:233,31
DA:234,12
DA:235,12
DA:237,31
DA:238,0
DA:239,0
DA:243,85
DA:246,3
DA:247,3
DA:250,226
DA:253,31
DA:256,140
DA:259,4
DA:260,4
DA:263,321
DA:266,31
LF:165
LH:163
BRDA:18,0,0,31
BRDA:18,0,1,31
BRDA:47,1,0,2
BRDA:47,1,1,211
BRDA:50,2,0,4
BRDA:50,2,1,209
BRDA:56,3,0,0
BRDA:56,3,1,90
BRDA:59,4,0,7
BRDA:59,4,1,202
BRDA:59,5,0,1
BRDA:59,5,1,6
BRDA:68,6,0,215
BRDA:71,7,0,4
BRDA:71,7,1,221
BRDA:73,8,0,2
BRDA:73,8,1,2
BRDA:73,9,0,4
BRDA:73,9,1,2
BRDA:78,10,0,8
BRDA:78,10,1,6
BRDA:78,10,2,4
BRDA:79,11,0,2
BRDA:79,11,1,2
BRDA:79,12,0,4
BRDA:79,12,1,2
BRDA:95,13,0,2
BRDA:95,13,1,215
BRDA:102,14,0,86
BRDA:102,14,1,139
BRDA:115,15,0,589
BRDA:115,15,1,31
BRDA:126,16,0,2
BRDA:126,16,1,219
BRDA:129,17,0,4
BRDA:129,17,1,217
BRDA:130,18,0,2
BRDA:130,18,1,2
BRDA:133,19,0,4
BRDA:133,19,1,217
BRDA:136,20,0,135
BRDA:136,20,1,82
BRDA:139,21,0,116
BRDA:139,21,1,19
BRDA:140,22,0,4
BRDA:140,22,1,112
BRDA:148,23,0,7
BRDA:148,23,1,159
BRDA:154,24,0,4
BRDA:154,24,1,155
BRDA:154,25,0,159
BRDA:154,25,1,157
BRDA:165,26,0,155
BRDA:165,26,1,131
BRDA:165,27,0,24
BRDA:165,27,1,131
BRDA:167,28,0,149
BRDA:167,28,1,6
BRDA:168,29,0,63
BRDA:168,29,1,92
BRDA:172,30,0,134
BRDA:172,30,1,83
BRDA:173,31,0,134
BRDA:173,31,1,3
BRDA:179,32,0,32
BRDA:179,32,1,102
BRDA:183,33,0,2
BRDA:183,33,1,215
BRDA:186,34,0,4
BRDA:186,34,1,213
BRDA:189,35,0,2
BRDA:189,35,1,215
BRDA:192,36,0,1
BRDA:192,36,1,216
BRDA:195,37,0,9
BRDA:195,37,1,208
BRDA:196,38,0,1
BRDA:196,38,1,8
BRDA:201,39,0,21
BRDA:201,39,1,13
BRDA:202,40,0,13
BRDA:202,40,1,8
BRDA:203,41,0,13
BRDA:203,41,1,7
BRDA:210,42,0,174
BRDA:210,42,1,43
BRDA:210,43,0,217
BRDA:210,43,1,178
BRDA:213,44,0,92
BRDA:213,44,1,125
BRDA:227,45,0,186
BRDA:227,45,1,93
BRDA:228,46,0,41
BRDA:228,46,1,33
BRDA:228,46,2,23
BRDA:229,47,0,10
BRDA:229,47,1,31
BRDA:233,48,0,6
BRDA:233,49,0,8
BRF:99
BRH:98
end_of_record
TN:
SF:dist/ModelStore.js
FN:8,(anonymous_0)
FN:20,(anonymous_1)
FN:28,(anonymous_2)
FN:29,(anonymous_3)
FNF:4
FNH:4
FNDA:5030,(anonymous_0)
FNDA:2355,(anonymous_1)
FNDA:2545,(anonymous_2)
FNDA:2777,(anonymous_3)
DA:2,31
DA:3,31
DA:4,31
DA:5,31
DA:6,31
DA:7,31
DA:8,31
DA:9,5030
DA:10,2511
DA:11,2511
DA:13,2519
DA:14,2518
DA:17,1
DA:20,31
DA:21,2355
DA:28,31
DA:29,2777
DA:30,2545
DA:32,31
LF:19
LH:19
BRDA:9,0,0,2511
BRDA:9,0,1,2519
BRDA:13,1,0,2518
BRDA:13,1,1,1
BRDA:30,2,0,4
BRDA:30,2,1,2541
BRF:6
BRH:6
end_of_record
TN:
SF:dist/Populate.js
FN:7,PopulateItem
FN:19,(anonymous_1)
FN:19,(anonymous_2)
FN:19,(anonymous_3)
FN:19,(anonymous_4)
FN:20,(anonymous_5)
FN:22,(anonymous_6)
FN:31,(anonymous_7)
FN:41,(anonymous_8)
FN:42,(anonymous_9)
FN:52,(anonymous_10)
FN:52,(anonymous_11)
FN:55,(anonymous_12)
FN:62,PopulateItems
FN:67,(anonymous_14)
FN:71,(anonymous_15)
FN:71,(anonymous_16)
FN:74,(anonymous_17)
FNF:18
FNH:18
FNDA:140,PopulateItem
FNDA:398,(anonymous_1)
FNDA:398,(anonymous_2)
FNDA:4,(anonymous_3)
FNDA:110,(anonymous_4)
FNDA:110,(anonymous_5)
FNDA:4,(anonymous_6)
FNDA:144,(anonymous_7)
FNDA:24,(anonymous_8)
FNDA:24,(anonymous_9)
FNDA:10,(anonymous_10)
FNDA:1,(anonymous_11)
FNDA:129,(anonymous_12)
FNDA:36,PopulateItems
FNDA:36,(anonymous_14)
FNDA:5,(anonymous_15)
FNDA:1,(anonymous_16)
FNDA:30,(anonymous_17)
DA:2,31
DA:3,31
DA:4,31
DA:5,31
DA:6,31
DA:8,140
DA:9,5
DA:10,5
DA:12,140
DA:13,74
DA:15,140
DA:16,140
DA:17,140
DA:19,398
DA:20,140
DA:21,110
DA:22,110
DA:23,110
DA:24,110
DA:25,110
DA:26,110
DA:27,110
DA:28,110
DA:29,38
DA:31,144
DA:32,72
DA:33,72
DA:34,72
DA:35,72
DA:36,10
DA:38,62
DA:39,62
DA:40,62
DA:41,24
DA:42,24
DA:43,16
DA:46,46
DA:47,42
DA:48,42
DA:51,140
DA:52,11
DA:55,129
DA:56,129
DA:57,126
DA:61,31
DA:63,36
DA:64,1
DA:65,1
DA:67,36
DA:68,36
DA:70,36
DA:71,6
DA:74,30
DA:75,30
DA:76,29
DA:80,31
LF:56
LH:56
BRDA:8,0,0,5
BRDA:8,0,1,135
BRDA:12,1,0,74
BRDA:12,1,1,66
BRDA:19,2,0,4
BRDA:19,2,1,394
BRDA:19,3,0,394
BRDA:19,3,1,296
BRDA:22,4,0,4
BRDA:22,4,1,106
BRDA:24,5,0,86
BRDA:24,5,1,24
BRDA:25,6,0,8
BRDA:25,6,1,102
BRDA:27,7,0,110
BRDA:27,7,1,76
BRDA:28,8,0,38
BRDA:28,8,1,72
BRDA:28,9,0,110
BRDA:28,9,1,76
BRDA:32,10,0,72
BRDA:32,10,1,28
BRDA:32,11,0,28
BRDA:32,11,1,44
BRDA:32,12,0,72
BRDA:32,12,1,72
BRDA:33,13,0,12
BRDA:33,13,1,60
BRDA:33,14,0,72
BRDA:33,14,1,60
BRDA:33,15,0,28
BRDA:33,15,1,44
BRDA:33,16,0,72
BRDA:33,16,1,72
BRDA:33,17,0,28
BRDA:33,17,1,32
BRDA:33,18,0,60
BRDA:33,18,1,60
BRDA:33,19,0,28
BRDA:33,19,1,32
BRDA:33,20,0,60
BRDA:33,20,1,60
BRDA:34,21,0,28
BRDA:34,21,1,44
BRDA:35,22,0,10
BRDA:35,22,1,62
BRDA:40,23,0,16
BRDA:40,23,1,46
BRDA:40,24,0,62
BRDA:40,24,1,54
BRDA:51,25,0,11
BRDA:51,25,1,129
BRDA:63,26,0,1
BRDA:63,26,1,35
BRDA:70,27,0,6
BRDA:70,27,1,30
BRF:56
BRH:56
end_of_record
TN:
SF:dist/Schema.js
FN:12,(anonymous_0)
FN:13,(anonymous_1)
FN:17,(anonymous_2)
FN:21,(anonymous_3)
FN:33,(anonymous_4)
FN:44,(anonymous_5)
FN:65,(anonymous_6)
FN:65,(anonymous_7)
FN:66,(anonymous_8)
FN:66,(anonymous_9)
FN:72,(anonymous_10)
FN:84,(anonymous_11)
FN:86,(anonymous_12)
FN:86,(anonymous_13)
FN:92,(anonymous_14)
FN:96,(anonymous_15)
FN:101,(anonymous_16)
FN:102,(anonymous_17)
FN:103,(anonymous_18)
FN:105,(anonymous_19)
FN:118,(anonymous_20)
FN:123,(anonymous_21)
FN:124,(anonymous_22)
FN:128,(anonymous_23)
FN:131,(anonymous_24)
FN:139,(anonymous_25)
FN:140,(anonymous_26)
FN:151,(anonymous_27)
FN:162,(anonymous_28)
FN:178,(anonymous_29)
FN:181,(anonymous_30)
FN:182,(anonymous_31)
FN:184,(anonymous_32)
FN:184,(anonymous_33)
FN:194,(anonymous_34)
FN:194,(anonymous_35)
FN:199,(anonymous_36)
FN:201,(anonymous_37)
FN:202,(anonymous_38)
FN:203,(anonymous_39)
FN:218,(anonymous_40)
FN:219,(anonymous_41)
FN:235,(anonymous_42)
FN:235,(anonymous_43)
FN:235,(anonymous_44)
FN:235,(anonymous_45)
FN:237,(anonymous_46)
FN:247,getTimestampAttributes
FN:254,forEachFunc
FN:255,(anonymous_49)
FN:264,(anonymous_50)
FN:408,(anonymous_51)
FN:424,(anonymous_52)
FN:433,(anonymous_53)
FN:433,(anonymous_54)
FN:443,(anonymous_55)
FN:447,(anonymous_56)
FN:450,(anonymous_57)
FN:452,(anonymous_58)
FN:461,(anonymous_59)
FN:469,(anonymous_60)
FN:489,(anonymous_61)
FN:489,(anonymous_62)
FN:489,(anonymous_63)
FN:492,(anonymous_64)
FN:496,(anonymous_65)
FN:497,(anonymous_66)
FN:499,(anonymous_67)
FN:501,(anonymous_68)
FN:507,(anonymous_69)
FN:515,(anonymous_70)
FN:517,(anonymous_71)
FN:521,(anonymous_72)
FN:521,(anonymous_73)
FN:522,(anonymous_74)
FN:524,(anonymous_75)
FN:534,(anonymous_76)
FN:536,(anonymous_77)
FN:537,(anonymous_78)
FN:548,(anonymous_79)
FN:555,(anonymous_80)
FN:559,(anonymous_81)
FN:560,(anonymous_82)
FN:563,(anonymous_83)
FN:564,(anonymous_84)
FN:577,(anonymous_85)
FN:581,(anonymous_86)
FN:588,(anonymous_87)
FN:590,(anonymous_88)
FN:594,(anonymous_89)
FN:604,(anonymous_90)
FN:605,(anonymous_91)
FN:605,(anonymous_92)
FN:610,(anonymous_93)
FN:611,(anonymous_94)
FN:614,(anonymous_95)
FN:618,(anonymous_96)
FN:623,(anonymous_97)
FN:630,(anonymous_98)
FN:636,(anonymous_99)
FN:654,(anonymous_100)
FN:655,(anonymous_101)
FN:657,(anonymous_102)
FN:684,(anonymous_103)
FN:684,(anonymous_104)
FN:708,(anonymous_105)
FN:715,(anonymous_106)
FN:718,(anonymous_107)
FN:737,(anonymous_108)
FN:738,(anonymous_109)
FN:752,(anonymous_110)
FN:753,(anonymous_111)
FN:756,(anonymous_112)
FN:774,(anonymous_113)
FN:775,func
FN:787,(anonymous_115)
FN:788,(anonymous_116)
FN:790,(anonymous_117)
FN:810,(anonymous_118)
FN:811,(anonymous_119)
FN:829,(anonymous_120)
FN:831,(anonymous_121)
FN:831,(anonymous_122)
FN:836,(anonymous_123)
FN:859,(anonymous_124)
FN:859,(anonymous_125)
FN:860,(anonymous_126)
FN:860,(anonymous_127)
FN:863,(anonymous_128)
FN:865,(anonymous_129)
FN:869,(anonymous_130)
FN:871,(anonymous_131)
FN:871,(anonymous_132)
FN:871,(anonymous_133)
FN:873,(anonymous_134)
FN:874,(anonymous_135)
FN:914,(anonymous_136)
FN:917,(anonymous_137)
FN:919,(anonymous_138)
FN:920,(anonymous_139)
FN:933,recursive
FN:954,(anonymous_141)
FN:956,(anonymous_142)
FN:963,(anonymous_143)
FN:977,retrieveTypeInfo
FN:978,(anonymous_145)
FN:989,(anonymous_146)
FN:1001,(anonymous_147)
FN:1011,(anonymous_148)
FN:1013,(anonymous_149)
FN:1014,(anonymous_150)
FN:1045,(anonymous_151)
FNF:152
FNH:152
FNDA:372,(anonymous_0)
FNDA:1488,(anonymous_1)
FNDA:134221,(anonymous_2)
FNDA:134221,(anonymous_3)
FNDA:134221,(anonymous_4)
FNDA:134221,(anonymous_5)
FNDA:1483,(anonymous_6)
FNDA:12759,(anonymous_7)
FNDA:25518,(anonymous_8)
FNDA:13599,(anonymous_9)
FNDA:11,(anonymous_10)
FNDA:249,(anonymous_11)
FNDA:196,(anonymous_12)
FNDA:48,(anonymous_13)
FNDA:34,(anonymous_14)
FNDA:1,(anonymous_15)
FNDA:6,(anonymous_16)
FNDA:18,(anonymous_17)
FNDA:123,(anonymous_18)
FNDA:60,(anonymous_19)
FNDA:31,(anonymous_20)
FNDA:102,(anonymous_21)
FNDA:12,(anonymous_22)
FNDA:785,(anonymous_23)
FNDA:17541,(anonymous_24)
FNDA:5847,(anonymous_25)
FNDA:29,(anonymous_26)
FNDA:29,(anonymous_27)
FNDA:838,(anonymous_28)
FNDA:3,(anonymous_29)
FNDA:93,(anonymous_30)
FNDA:22,(anonymous_31)
FNDA:10,(anonymous_32)
FNDA:279,(anonymous_33)
FNDA:9,(anonymous_34)
FNDA:9033,(anonymous_35)
FNDA:3011,(anonymous_36)
FNDA:88,(anonymous_37)
FNDA:3011,(anonymous_38)
FNDA:12,(anonymous_39)
FNDA:78,(anonymous_40)
FNDA:342,(anonymous_41)
FNDA:372,(anonymous_42)
FNDA:279,(anonymous_43)
FNDA:279,(anonymous_44)
FNDA:558,(anonymous_45)
FNDA:31,(anonymous_46)
FNDA:112,getTimestampAttributes
FNDA:222,forEachFunc
FNDA:296,(anonymous_49)
FNDA:30,(anonymous_50)
FNDA:2925,(anonymous_51)
FNDA:111,(anonymous_52)
FNDA:15120,(anonymous_53)
FNDA:17,(anonymous_54)
FNDA:8,(anonymous_55)
FNDA:1,(anonymous_56)
FNDA:12,(anonymous_57)
FNDA:8,(anonymous_58)
FNDA:15184,(anonymous_59)
FNDA:1404,(anonymous_60)
FNDA:40830,(anonymous_61)
FNDA:122490,(anonymous_62)
FNDA:71772,(anonymous_63)
FNDA:2814,(anonymous_64)
FNDA:71772,(anonymous_65)
FNDA:2294,(anonymous_66)
FNDA:6327,(anonymous_67)
FNDA:141,(anonymous_68)
FNDA:12,(anonymous_69)
FNDA:445,(anonymous_70)
FNDA:989,(anonymous_71)
FNDA:989,(anonymous_72)
FNDA:16,(anonymous_73)
FNDA:248,(anonymous_74)
FNDA:22,(anonymous_75)
FNDA:61,(anonymous_76)
FNDA:3691,(anonymous_77)
FNDA:8651,(anonymous_78)
FNDA:8486,(anonymous_79)
FNDA:8565,(anonymous_80)
FNDA:8486,(anonymous_81)
FNDA:8479,(anonymous_82)
FNDA:212,(anonymous_83)
FNDA:212,(anonymous_84)
FNDA:5828,(anonymous_85)
FNDA:83,(anonymous_86)
FNDA:8464,(anonymous_87)
FNDA:16,(anonymous_88)
FNDA:8458,(anonymous_89)
FNDA:8453,(anonymous_90)
FNDA:25359,(anonymous_91)
FNDA:25359,(anonymous_92)
FNDA:8446,(anonymous_93)
FNDA:16892,(anonymous_94)
FNDA:844,(anonymous_95)
FNDA:16892,(anonymous_96)
FNDA:16667,(anonymous_97)
FNDA:8436,(anonymous_98)
FNDA:97,(anonymous_99)
FNDA:7,(anonymous_100)
FNDA:8,(anonymous_101)
FNDA:56,(anonymous_102)
FNDA:25,(anonymous_103)
FNDA:25,(anonymous_104)
FNDA:84,(anonymous_105)
FNDA:115766,(anonymous_106)
FNDA:6744,(anonymous_107)
FNDA:15350,(anonymous_108)
FNDA:36707,(anonymous_109)
FNDA:17995,(anonymous_110)
FNDA:43997,(anonymous_111)
FNDA:2074,(anonymous_112)
FNDA:147267,(anonymous_113)
FNDA:150093,func
FNDA:6269,(anonymous_115)
FNDA:8808,(anonymous_116)
FNDA:17616,(anonymous_117)
FNDA:86,(anonymous_118)
FNDA:190,(anonymous_119)
FNDA:43,(anonymous_120)
FNDA:48,(anonymous_121)
FNDA:48,(anonymous_122)
FNDA:86,(anonymous_123)
FNDA:2645,(anonymous_124)
FNDA:17175,(anonymous_125)
FNDA:77,(anonymous_126)
FNDA:77,(anonymous_127)
FNDA:1063,(anonymous_128)
FNDA:2,(anonymous_129)
FNDA:52,(anonymous_130)
FNDA:23,(anonymous_131)
FNDA:23,(anonymous_132)
FNDA:2,(anonymous_133)
FNDA:327,(anonymous_134)
FNDA:196,(anonymous_135)
FNDA:183,(anonymous_136)
FNDA:31461,(anonymous_137)
FNDA:36721,(anonymous_138)
FNDA:89625,(anonymous_139)
FNDA:91080,recursive
FNDA:279380,(anonymous_141)
FNDA:308137,(anonymous_142)
FNDA:7341,(anonymous_143)
FNDA:133948,retrieveTypeInfo
FNDA:982067,(anonymous_145)
FNDA:131744,(anonymous_146)
FNDA:138798,(anonymous_147)
FNDA:15314,(anonymous_148)
FNDA:4609,(anonymous_149)
FNDA:6096,(anonymous_150)
FNDA:133972,(anonymous_151)
DA:2,31
DA:3,31
DA:4,31
DA:5,31
DA:6,31
DA:7,31
DA:8,31
DA:9,31
DA:10,31
DA:13,372
DA:14,1488
DA:21,134221
DA:22,134221
DA:23,618
DA:25,133603
DA:26,8951
DA:27,8951
DA:28,5847
DA:31,127756
DA:33,134221
DA:34,134221
DA:35,618
DA:37,133603
DA:38,8951
DA:39,8951
DA:40,5847
DA:44,134221
DA:45,134221
DA:46,618
DA:48,133603
DA:49,8951
DA:50,8951
DA:51,5847
DA:54,3104
DA:58,124652
DA:61,134221
DA:65,1483
DA:66,25518
DA:71,134221
DA:72,3104
DA:74,134221
DA:75,8951
DA:76,8951
DA:78,134221
DA:79,134221
DA:80,119948
DA:85,249
DA:86,196
DA:89,103
DA:92,34
DA:95,119948
DA:96,2817
DA:98,119948
DA:99,8664
DA:101,6
DA:102,18
DA:104,123
DA:105,60
DA:108,74
DA:115,134221
DA:118,31
DA:119,31
DA:120,31
DA:121,31
DA:122,31
DA:123,102
DA:124,12
DA:128,785
DA:132,17541
DA:133,882
DA:136,16659
DA:139,5847
DA:141,29
DA:142,9
DA:144,20
DA:145,2
DA:148,18
DA:152,29
DA:153,9
DA:155,20
DA:156,2
DA:159,18
DA:163,838
DA:164,729
DA:167,109
DA:168,12
DA:171,97
DA:179,3
DA:181,93
DA:182,22
DA:184,10
DA:185,279
DA:187,78
DA:189,78
DA:191,123
DA:194,9
DA:195,9033
DA:196,9033
DA:197,9033
DA:198,9033
DA:200,3011
DA:201,88
DA:202,3011
DA:205,12
DA:206,12
DA:207,12
DA:208,12
DA:209,4
DA:215,8
DA:218,78
DA:221,342
DA:222,342
DA:223,342
DA:224,342
DA:225,32
DA:228,310
DA:235,558
DA:237,31
DA:241,31
DA:245,31
DA:248,112
DA:249,1
DA:251,111
DA:252,111
DA:253,111
DA:255,222
DA:256,296
DA:257,250
DA:263,46
DA:264,30
DA:265,30
DA:274,111
DA:275,111
DA:276,111
DA:409,2925
DA:410,2925
DA:411,1
DA:413,2924
DA:414,1
DA:416,2923
DA:417,20
DA:422,2923
DA:423,51
DA:424,51
DA:425,111
DA:426,4
DA:428,107
DA:431,2919
DA:432,2919
DA:433,15120
DA:434,17
DA:435,17
DA:439,17
DA:440,3
DA:442,17
DA:443,17
DA:444,8
DA:445,8
DA:447,2
DA:448,2
DA:450,6
DA:451,12
DA:452,12
DA:453,12
DA:455,6
DA:458,17
DA:459,17
DA:461,2919
DA:462,15184
DA:463,15184
DA:464,15184
DA:465,11039
DA:466,45
DA:468,10994
DA:469,1110
DA:470,1404
DA:471,28
DA:477,2919
DA:482,2919
DA:486,2919
DA:489,122490
DA:490,71772
DA:491,71772
DA:492,2814
DA:493,1407
DA:495,70365
DA:496,71772
DA:498,2294
DA:499,2294
DA:500,6327
DA:501,6327
DA:502,141
DA:504,6327
DA:508,12
DA:509,21
DA:510,21
DA:511,4
DA:516,445
DA:517,989
DA:521,989
DA:523,248
DA:524,12
DA:525,22
DA:529,236
DA:531,248
DA:534,61
DA:536,2919
DA:537,3691
DA:538,8651
DA:539,2
DA:542,8649
DA:543,772
DA:547,2919
DA:548,2917
DA:549,8486
DA:550,8486
DA:551,8486
DA:552,8323
DA:555,8565
DA:556,2
DA:559,8486
DA:560,2915
DA:561,8479
DA:562,8479
DA:563,8479
DA:564,8479
DA:565,8479
DA:566,25
DA:568,8479
DA:569,62
DA:571,8479
DA:572,1
DA:574,8479
DA:576,2915
DA:577,2915
DA:578,5828
DA:579,2
DA:581,5826
DA:582,2
DA:585,2911
DA:586,1
DA:588,2910
DA:589,8464
DA:590,8464
DA:591,2
DA:594,2908
DA:595,8458
DA:596,8458
DA:599,163
DA:600,5
DA:604,2903
DA:605,25359
DA:606,8453
DA:607,3
DA:610,2900
DA:611,8446
DA:612,16892
DA:613,16892
DA:614,844
DA:615,422
DA:617,16470
DA:618,16892
DA:619,8446
DA:620,4
DA:622,8442
DA:623,16667
DA:624,8442
DA:625,14
DA:626,6
DA:630,8436
DA:631,2890
DA:632,2890
DA:633,2890
DA:634,3
DA:636,2887
DA:637,3
DA:655,8
DA:658,56
DA:659,56
DA:665,54
DA:666,54
DA:672,54
DA:673,54
DA:674,4
DA:678,2
DA:679,2
DA:684,52
DA:685,25
DA:686,1
DA:688,24
DA:689,24
DA:694,52
DA:698,52
DA:699,52
DA:700,17
DA:702,52
DA:703,1
DA:705,52
DA:709,84
DA:710,84
DA:711,4
DA:713,80
DA:716,115766
DA:717,115766
DA:718,114246
DA:721,1520
DA:722,24
DA:725,1496
DA:738,36707
DA:753,43997
DA:757,2074
DA:758,2074
DA:759,168
DA:761,168
DA:762,168
DA:765,2
DA:767,168
DA:768,168
DA:769,168
DA:770,73
DA:776,150093
DA:777,150093
DA:779,147267
DA:780,147267
DA:781,2826
DA:784,144441
DA:788,6269
DA:789,8808
DA:790,17616
DA:792,8808
DA:793,8808
DA:796,1119
DA:797,19
DA:803,1119
DA:805,7689
DA:806,7689
DA:807,7689
DA:808,7689
DA:809,121
DA:810,43
DA:811,86
DA:812,190
DA:813,190
DA:814,190
DA:815,153
DA:818,37
DA:821,86
DA:830,43
DA:831,48
DA:834,21
DA:836,86
DA:838,121
DA:839,78
DA:842,7568
DA:843,103
DA:844,103
DA:850,7689
DA:851,1058
DA:853,7689
DA:857,31
DA:858,31
DA:859,17175
DA:860,77
DA:863,31
DA:864,1063
DA:865,1063
DA:866,22
DA:869,31
DA:870,52
DA:871,52
DA:873,31
DA:874,327
DA:875,196
DA:876,196
DA:877,196
DA:878,196
DA:883,196
DA:884,195
DA:886,196
DA:887,189
DA:888,189
DA:889,36
DA:891,189
DA:892,189
DA:893,179
DA:897,7
DA:898,7
DA:900,196
DA:901,196
DA:902,179
DA:904,196
DA:905,196
DA:907,327
DA:908,327
DA:909,327
DA:910,20
DA:912,327
DA:914,31
DA:915,183
DA:917,31
DA:918,31461
DA:919,31461
DA:920,36721
DA:921,89625
DA:922,89625
DA:923,89625
DA:924,6
DA:927,89625
DA:928,89625
DA:929,88495
DA:934,91080
DA:935,5260
DA:938,89625
DA:939,88495
DA:940,52
DA:941,52
DA:942,52
DA:945,88443
DA:949,89625
DA:952,31461
DA:954,31
DA:955,279380
DA:956,279380
DA:957,308137
DA:958,6174
DA:959,6174
DA:960,227
DA:963,7341
DA:966,308137
DA:967,308137
DA:969,279366
DA:970,5311
DA:971,5311
DA:972,103
DA:975,279366
DA:978,982067
DA:979,133948
DA:980,6
DA:982,133942
DA:983,133942
DA:984,1438
DA:986,132504
DA:989,31
DA:990,131744
DA:991,131736
DA:992,131722
DA:993,1267
DA:995,130455
DA:996,130455
DA:997,130455
DA:998,1294
DA:999,1294
DA:1001,130455
DA:1003,138798
DA:1004,138798
DA:1005,138798
DA:1006,138798
DA:1007,132855
DA:1008,3011
DA:1009,3011
DA:1010,1487
DA:1011,15314
DA:1013,4609
DA:1014,6096
DA:1017,1487
DA:1020,1524
DA:1024,129844
DA:1025,129844
DA:1028,5943
DA:1029,60
DA:1031,5883
DA:1032,95
DA:1034,5788
DA:1035,12
DA:1037,5776
DA:1038,12
DA:1041,5764
DA:1043,138774
DA:1045,130455
DA:1046,133972
DA:1047,133972
DA:1048,98
DA:1049,98
DA:1051,133972
DA:1052,133948
DA:1053,133948
DA:1054,4826
DA:1055,4826
DA:1056,147
DA:1058,4826
DA:1059,4826
DA:1061,133948
DA:1062,132504
DA:1064,128987
DA:1065,128987
LF:495
LH:495
BRDA:22,0,0,618
BRDA:22,0,1,133603
BRDA:25,1,0,8951
BRDA:25,1,1,124652
BRDA:27,2,0,5847
BRDA:27,2,1,3104
BRDA:34,3,0,618
BRDA:34,3,1,133603
BRDA:37,4,0,8951
BRDA:37,4,1,124652
BRDA:39,5,0,5847
BRDA:39,5,1,3104
BRDA:45,6,0,618
BRDA:45,6,1,133603
BRDA:48,7,0,8951
BRDA:48,7,1,124652
BRDA:50,8,0,5847
BRDA:50,8,1,3104
BRDA:65,9,0,15630
BRDA:65,9,1,118591
BRDA:66,10,0,882
BRDA:66,10,1,11877
BRDA:66,11,0,12652
BRDA:66,11,1,947
BRDA:71,12,0,3104
BRDA:71,12,1,131117
BRDA:74,13,0,8951
BRDA:74,13,1,125270
BRDA:78,14,0,3011
BRDA:78,14,1,131210
BRDA:79,15,0,119948
BRDA:79,15,1,14273
BRDA:84,16,0,249
BRDA:85,17,0,146
BRDA:85,17,1,103
BRDA:86,18,0,146
BRDA:86,18,1,146
BRDA:86,18,2,119
BRDA:86,18,3,27
BRDA:86,18,4,24
BRDA:92,19,0,31
BRDA:92,19,1,3
BRDA:95,20,0,2817
BRDA:95,20,1,117131
BRDA:98,21,0,8664
BRDA:98,21,1,111284
BRDA:104,22,0,49
BRDA:104,22,1,74
BRDA:105,23,0,49
BRDA:105,23,1,31
BRDA:105,23,2,30
BRDA:105,23,3,48
BRDA:128,24,0,785
BRDA:128,24,1,785
BRDA:128,24,2,773
BRDA:132,25,0,882
BRDA:132,25,1,16659
BRDA:132,26,0,17541
BRDA:132,26,1,17541
BRDA:141,27,0,9
BRDA:141,27,1,20
BRDA:144,28,0,2
BRDA:144,28,1,18
BRDA:152,29,0,9
BRDA:152,29,1,20
BRDA:155,30,0,2
BRDA:155,30,1,18
BRDA:163,31,0,729
BRDA:163,31,1,109
BRDA:167,32,0,12
BRDA:167,32,1,97
BRDA:185,33,0,78
BRDA:185,33,1,78
BRDA:185,33,2,123
BRDA:198,34,0,582
BRDA:198,34,1,8451
BRDA:208,35,0,4
BRDA:208,35,1,8
BRDA:215,36,0,4
BRDA:215,36,1,4
BRDA:215,37,0,8
BRDA:215,37,1,8
BRDA:224,38,0,32
BRDA:224,38,1,310
BRDA:225,39,0,32
BRDA:225,39,1,26
BRDA:225,39,2,26
BRDA:228,40,0,60
BRDA:228,40,1,250
BRDA:228,41,0,310
BRDA:228,41,1,310
BRDA:246,42,0,31
BRDA:246,42,1,31
BRDA:248,43,0,1
BRDA:248,43,1,111
BRDA:251,44,0,29
BRDA:251,44,1,82
BRDA:252,45,0,29
BRDA:252,45,1,82
BRDA:256,46,0,250
BRDA:256,46,1,46
BRDA:263,47,0,30
BRDA:263,47,1,16
BRDA:408,48,0,2795
BRDA:410,49,0,1
BRDA:410,49,1,2924
BRDA:410,50,0,2925
BRDA:410,50,1,2924
BRDA:410,50,2,2924
BRDA:413,51,0,1
BRDA:413,51,1,2923
BRDA:416,52,0,20
BRDA:416,52,1,2903
BRDA:422,53,0,51
BRDA:422,53,1,2872
BRDA:425,54,0,4
BRDA:425,54,1,107
BRDA:439,55,0,3
BRDA:439,55,1,14
BRDA:445,56,0,2
BRDA:445,56,1,6
BRDA:447,57,0,1
BRDA:447,57,1,1
BRDA:452,58,0,4
BRDA:452,58,1,8
BRDA:464,59,0,11039
BRDA:464,59,1,4145
BRDA:464,60,0,15184
BRDA:464,60,1,12285
BRDA:465,61,0,45
BRDA:465,61,1,10994
BRDA:465,62,0,11039
BRDA:465,62,1,11025
BRDA:465,62,2,45
BRDA:468,63,0,1110
BRDA:468,63,1,9884
BRDA:468,64,0,10994
BRDA:468,64,1,10980
BRDA:470,65,0,28
BRDA:470,65,1,1376
BRDA:470,66,0,1404
BRDA:470,66,1,1404
BRDA:470,66,2,28
BRDA:489,67,0,122490
BRDA:489,67,1,76077
BRDA:491,68,0,1407
BRDA:491,68,1,70365
BRDA:493,69,0,1324
BRDA:493,69,1,83
BRDA:510,70,0,4
BRDA:510,70,1,17
BRDA:521,71,0,14
BRDA:521,71,1,975
BRDA:523,72,0,12
BRDA:523,72,1,236
BRDA:538,73,0,2
BRDA:538,73,1,8649
BRDA:542,74,0,772
BRDA:542,74,1,7877
BRDA:542,75,0,8649
BRDA:542,75,1,2390
BRDA:542,75,2,2390
BRDA:552,76,0,348
BRDA:552,76,1,7975
BRDA:555,77,0,2
BRDA:555,77,1,8484
BRDA:555,78,0,8486
BRDA:555,78,1,377
BRDA:555,79,0,377
BRDA:555,79,1,283
BRDA:563,80,0,212
BRDA:563,80,1,8267
BRDA:564,81,0,212
BRDA:564,81,1,8267
BRDA:565,82,0,25
BRDA:565,82,1,8454
BRDA:568,83,0,62
BRDA:568,83,1,8417
BRDA:571,84,0,1
BRDA:571,84,1,8478
BRDA:571,85,0,8479
BRDA:571,85,1,25
BRDA:578,86,0,2
BRDA:578,86,1,5826
BRDA:581,87,0,2
BRDA:581,87,1,5824
BRDA:585,88,0,1
BRDA:585,88,1,2910
BRDA:590,89,0,2
BRDA:590,89,1,8462
BRDA:590,90,0,8464
BRDA:590,90,1,823
BRDA:590,91,0,8
BRDA:590,91,1,815
BRDA:599,92,0,5
BRDA:599,92,1,158
BRDA:605,93,0,25359
BRDA:605,93,1,25359
BRDA:605,93,2,25359
BRDA:606,94,0,3
BRDA:606,94,1,8450
BRDA:613,95,0,422
BRDA:613,95,1,16470
BRDA:615,96,0,420
BRDA:615,96,1,2
BRDA:619,97,0,4
BRDA:619,97,1,8442
BRDA:624,98,0,14
BRDA:624,98,1,8428
BRDA:625,99,0,6
BRDA:625,99,1,8
BRDA:625,100,0,14
BRDA:625,100,1,11
BRDA:633,101,0,3
BRDA:633,101,1,2887
BRDA:636,102,0,3
BRDA:636,102,1,2884
BRDA:673,103,0,4
BRDA:673,103,1,50
BRDA:685,104,0,1
BRDA:685,104,1,24
BRDA:699,105,0,17
BRDA:699,105,1,35
BRDA:702,106,0,1
BRDA:702,106,1,51
BRDA:710,107,0,4
BRDA:710,107,1,80
BRDA:718,108,0,3372
BRDA:718,108,1,110874
BRDA:721,109,0,24
BRDA:721,109,1,1496
BRDA:721,110,0,1520
BRDA:721,110,1,28
BRDA:721,110,2,28
BRDA:721,111,0,1492
BRDA:721,111,1,28
BRDA:721,112,0,1520
BRDA:721,112,1,1520
BRDA:738,113,0,15350
BRDA:738,113,1,14677
BRDA:757,114,0,2074
BRDA:757,114,1,1005
BRDA:758,115,0,168
BRDA:758,115,1,1906
BRDA:758,116,0,2074
BRDA:758,116,1,953
BRDA:758,116,2,1948
BRDA:758,116,3,1932
BRDA:767,117,0,16
BRDA:767,117,1,152
BRDA:767,118,0,168
BRDA:767,118,1,28
BRDA:768,119,0,168
BRDA:768,119,1,73
BRDA:769,120,0,73
BRDA:769,120,1,95
BRDA:774,121,0,139981
BRDA:776,122,0,150093
BRDA:776,122,1,15
BRDA:777,123,0,22
BRDA:777,123,1,150071
BRDA:777,124,0,150093
BRDA:777,124,1,124
BRDA:780,125,0,2826
BRDA:780,125,1,144441
BRDA:787,126,0,2581
BRDA:796,127,0,19
BRDA:796,127,1,1100
BRDA:796,128,0,1119
BRDA:796,128,1,1119
BRDA:807,129,0,7689
BRDA:807,129,1,1085
BRDA:807,129,2,1066
BRDA:808,130,0,121
BRDA:808,130,1,7568
BRDA:809,131,0,43
BRDA:809,131,1,78
BRDA:809,132,0,121
BRDA:809,132,1,43
BRDA:815,133,0,108
BRDA:815,133,1,45
BRDA:830,134,0,22
BRDA:830,134,1,21
BRDA:838,135,0,78
BRDA:838,135,1,43
BRDA:842,136,0,103
BRDA:842,136,1,7465
BRDA:843,137,0,97
BRDA:843,137,1,6
BRDA:850,138,0,1058
BRDA:850,138,1,6631
BRDA:865,139,0,22
BRDA:865,139,1,1041
BRDA:865,140,0,1063
BRDA:865,140,1,984
BRDA:865,140,2,81
BRDA:865,141,0,1
BRDA:865,141,1,80
BRDA:877,142,0,196
BRDA:877,142,1,12
BRDA:879,143,0,196
BRDA:879,143,1,163
BRDA:879,144,0,162
BRDA:879,144,1,1
BRDA:883,145,0,195
BRDA:883,145,1,1
BRDA:883,146,0,196
BRDA:883,146,1,191
BRDA:883,146,2,3
BRDA:884,147,0,1
BRDA:884,147,1,194
BRDA:886,148,0,189
BRDA:886,148,1,7
BRDA:888,149,0,36
BRDA:888,149,1,153
BRDA:891,150,0,2
BRDA:891,150,1,187
BRDA:891,151,0,10
BRDA:891,151,1,177
BRDA:892,152,0,179
BRDA:892,152,1,10
BRDA:900,153,0,189
BRDA:900,153,1,7
BRDA:901,154,0,179
BRDA:901,154,1,17
BRDA:909,155,0,20
BRDA:909,155,1,307
BRDA:918,156,0,31461
BRDA:918,156,1,2573
BRDA:919,157,0,31461
BRDA:921,158,0,7595
BRDA:921,158,1,82030
BRDA:923,159,0,6
BRDA:923,159,1,89619
BRDA:923,160,0,89619
BRDA:923,160,1,6
BRDA:923,161,0,89625
BRDA:923,161,1,89625
BRDA:929,162,0,2637
BRDA:929,162,1,85858
BRDA:934,163,0,5260
BRDA:934,163,1,85820
BRDA:934,164,0,91080
BRDA:934,164,1,86750
BRDA:934,164,2,8180
BRDA:934,165,0,8180
BRDA:934,165,1,6254
BRDA:935,166,0,5260
BRDA:935,166,1,3572
BRDA:938,167,0,88495
BRDA:938,167,1,1130
BRDA:939,168,0,52
BRDA:939,168,1,88443
BRDA:939,169,0,88495
BRDA:939,169,1,6968
BRDA:956,170,0,131736
BRDA:956,170,1,147644
BRDA:956,171,0,377
BRDA:956,171,1,279003
BRDA:956,172,0,279380
BRDA:956,172,1,279380
BRDA:957,173,0,6174
BRDA:957,173,1,301963
BRDA:958,174,0,6174
BRDA:958,174,1,6174
BRDA:958,174,2,227
BRDA:959,175,0,227
BRDA:959,175,1,5947
BRDA:963,176,0,7341
BRDA:963,176,1,7341
BRDA:969,177,0,5311
BRDA:969,177,1,274055
BRDA:970,178,0,5311
BRDA:970,178,1,5203
BRDA:970,178,2,118
BRDA:971,179,0,103
BRDA:971,179,1,5208
BRDA:979,180,0,6
BRDA:979,180,1,133942
BRDA:983,181,0,1438
BRDA:983,181,1,132504
BRDA:983,182,0,133942
BRDA:983,182,1,14118
BRDA:986,183,0,3388
BRDA:986,183,1,129116
BRDA:989,184,0,117734
BRDA:990,185,0,2251
BRDA:990,185,1,129493
BRDA:992,186,0,1267
BRDA:992,186,1,130455
BRDA:995,187,0,31135
BRDA:995,187,1,99320
BRDA:995,188,0,130455
BRDA:995,188,1,33418
BRDA:995,188,2,31144
BRDA:997,189,0,1294
BRDA:997,189,1,129161
BRDA:997,190,0,130455
BRDA:997,190,1,4811
BRDA:998,191,0,1294
BRDA:998,191,1,13
BRDA:1006,192,0,132855
BRDA:1006,192,1,5943
BRDA:1006,193,0,138798
BRDA:1006,193,1,7430
BRDA:1007,194,0,3011
BRDA:1007,194,1,129844
BRDA:1007,195,0,132855
BRDA:1007,195,1,131331
BRDA:1009,196,0,1487
BRDA:1009,196,1,1524
BRDA:1028,197,0,60
BRDA:1028,197,1,5883
BRDA:1031,198,0,95
BRDA:1031,198,1,5788
BRDA:1034,199,0,12
BRDA:1034,199,1,5776
BRDA:1037,200,0,12
BRDA:1037,200,1,5764
BRDA:1045,201,0,3517
BRDA:1045,201,1,126938
BRDA:1046,202,0,4173
BRDA:1046,202,1,129799
BRDA:1046,203,0,133972
BRDA:1046,203,1,4271
BRDA:1046,203,2,4271
BRDA:1047,204,0,98
BRDA:1047,204,1,133874
BRDA:1047,205,0,133972
BRDA:1047,205,1,98
BRDA:1048,206,0,98
BRDA:1048,206,1,26
BRDA:1053,207,0,4826
BRDA:1053,207,1,129122
BRDA:1055,208,0,147
BRDA:1055,208,1,4679
BRDA:1059,209,0,505
BRDA:1059,209,1,4321
BRDA:1059,210,0,4826
BRDA:1059,210,1,505
BRDA:1064,211,0,125470
BRDA:1064,211,1,3517
BRF:442
BRH:442
end_of_record
TN:
SF:dist/Serializer.js
FN:10,(anonymous_0)
FN:13,(anonymous_1)
FN:28,(anonymous_2)
FN:31,(anonymous_3)
FN:35,(anonymous_4)
FN:44,(anonymous_5)
FN:61,(anonymous_6)
FN:65,(anonymous_7)
FN:69,(anonymous_8)
FN:71,(anonymous_9)
FN:71,(anonymous_10)
FN:76,(anonymous_11)
FN:85,(anonymous_12)
FNF:13
FNH:13
FNDA:2511,(anonymous_0)
FNDA:2586,(anonymous_1)
FNDA:80,(anonymous_2)
FNDA:60,(anonymous_3)
FNDA:104,(anonymous_4)
FNDA:210,(anonymous_5)
FNDA:48,(anonymous_6)
FNDA:54,(anonymous_7)
FNDA:98,(anonymous_8)
FNDA:510,(anonymous_9)
FNDA:200,(anonymous_10)
FNDA:49,(anonymous_11)
FNDA:14,(anonymous_12)
DA:2,31
DA:3,31
DA:4,31
DA:5,31
DA:6,31
DA:7,31
DA:8,31
DA:11,2511
DA:12,2511
DA:14,2586
DA:15,2569
DA:17,2586
DA:18,1
DA:20,2585
DA:21,2581
DA:25,2511
DA:28,80
DA:32,60
DA:33,2
DA:35,58
DA:36,104
DA:37,104
DA:40,54
DA:46,210
DA:47,126
DA:50,84
DA:52,210
DA:53,10
DA:55,200
DA:56,30
DA:58,170
DA:61,48
DA:65,54
DA:69,98
DA:71,510
DA:74,2511
DA:77,49
DA:78,3
DA:80,46
DA:81,3
DA:83,43
DA:86,14
DA:87,2
DA:89,12
DA:90,1
DA:93,11
DA:94,7
DA:97,11
DA:98,4
DA:102,31
DA:103,31
LF:51
LH:51
BRDA:14,0,0,2569
BRDA:14,0,1,17
BRDA:14,1,0,2586
BRDA:14,1,1,17
BRDA:17,2,0,1
BRDA:17,2,1,2585
BRDA:17,3,0,2586
BRDA:17,3,1,2586
BRDA:20,4,0,2581
BRDA:20,4,1,4
BRDA:32,5,0,2
BRDA:32,5,1,58
BRDA:32,6,0,60
BRDA:32,6,1,60
BRDA:44,7,0,86
BRDA:46,8,0,126
BRDA:46,8,1,84
BRDA:52,9,0,10
BRDA:52,9,1,200
BRDA:52,10,0,210
BRDA:52,10,1,200
BRDA:52,11,0,200
BRDA:52,11,1,170
BRDA:55,12,0,30
BRDA:55,12,1,170
BRDA:77,13,0,3
BRDA:77,13,1,46
BRDA:77,14,0,49
BRDA:77,14,1,48
BRDA:80,15,0,3
BRDA:80,15,1,43
BRDA:80,16,0,46
BRDA:80,16,1,45
BRDA:80,17,0,45
BRDA:80,17,1,14
BRDA:86,18,0,2
BRDA:86,18,1,12
BRDA:86,19,0,14
BRDA:86,19,1,13
BRDA:89,20,0,1
BRDA:89,20,1,11
BRDA:93,21,0,7
BRDA:93,21,1,4
BRDA:97,22,0,4
BRDA:97,22,1,7
BRF:45
BRH:45
end_of_record
TN:
SF:dist/Transaction.js
FN:12,(anonymous_0)
FN:17,(anonymous_1)
FN:21,Transaction
FN:31,(anonymous_3)
FN:56,(anonymous_4)
FN:56,(anonymous_5)
FN:58,(anonymous_6)
FN:60,(anonymous_7)
FN:61,(anonymous_8)
FN:62,(anonymous_9)
FN:67,(anonymous_10)
FN:68,(anonymous_11)
FN:80,(anonymous_12)
FN:82,(anonymous_13)
FN:88,(anonymous_14)
FN:88,(anonymous_15)
FNF:16
FNH:16
FNDA:15,(anonymous_0)
FNDA:15,(anonymous_1)
FNDA:34,Transaction
FNDA:34,(anonymous_3)
FNDA:44,(anonymous_4)
FNDA:42,(anonymous_5)
FNDA:52,(anonymous_6)
FNDA:34,(anonymous_7)
FNDA:34,(anonymous_8)
FNDA:32,(anonymous_9)
FNDA:30,(anonymous_10)
FNDA:30,(anonymous_11)
FNDA:12,(anonymous_12)
FNDA:12,(anonymous_13)
FNDA:12,(anonymous_14)
FNDA:5,(anonymous_15)
DA:2,15
DA:3,15
DA:4,15
DA:5,15
DA:6,15
DA:7,15
DA:8,15
DA:9,15
DA:10,15
DA:12,15
DA:13,15
DA:14,15
DA:17,15
DA:18,15
DA:19,15
DA:22,34
DA:23,34
DA:24,12
DA:25,12
DA:27,34
DA:28,1
DA:29,1
DA:31,34
DA:32,34
DA:33,4
DA:35,30
DA:36,30
DA:39,30
DA:40,2
DA:43,28
DA:44,6
DA:46,2
DA:47,2
DA:49,2
DA:50,2
DA:52,2
DA:56,44
DA:58,52
DA:59,26
DA:60,34
DA:61,34
DA:62,26
DA:63,32
DA:64,2
DA:67,30
DA:68,24
DA:69,30
DA:70,30
DA:71,24
DA:73,6
DA:74,2
DA:76,4
DA:79,22
DA:80,22
DA:81,12
DA:82,12
DA:83,12
DA:84,12
DA:87,34
DA:88,17
DA:91,17
DA:94,15
LF:62
LH:62
BRDA:15,0,0,15
BRDA:15,0,1,15
BRDA:20,1,0,15
BRDA:20,1,1,15
BRDA:22,2,0,20
BRDA:22,2,1,14
BRDA:22,3,0,34
BRDA:22,3,1,34
BRDA:23,4,0,12
BRDA:23,4,1,22
BRDA:27,5,0,1
BRDA:27,5,1,33
BRDA:32,6,0,4
BRDA:32,6,1,30
BRDA:32,7,0,34
BRDA:32,7,1,32
BRDA:39,8,0,2
BRDA:39,8,1,28
BRDA:43,9,0,6
BRDA:43,9,1,22
BRDA:44,10,0,2
BRDA:44,10,1,2
BRDA:44,10,2,2
BRDA:56,11,0,20
BRDA:56,11,1,2
BRDA:60,12,0,4
BRDA:60,12,1,30
BRDA:60,13,0,34
BRDA:60,13,1,34
BRDA:63,14,0,2
BRDA:63,14,1,30
BRDA:70,15,0,24
BRDA:70,15,1,6
BRDA:73,16,0,2
BRDA:73,16,1,4
BRDA:80,17,0,6
BRDA:80,17,1,16
BRDA:87,18,0,17
BRDA:87,18,1,17
BRF:39
BRH:39
end_of_record
TN:
SF:dist/index.js
FN:14,(anonymous_0)
FN:99,(anonymous_1)
FNF:2
FNH:2
FNDA:2519,(anonymous_0)
FNDA:347,(anonymous_1)
DA:2,15
DA:3,15
DA:4,15
DA:5,15
DA:6,15
DA:7,15
DA:8,15
DA:9,15
DA:10,15
DA:11,15
DA:12,15
DA:13,15
DA:14,15
DA:17,2519
DA:18,2517
DA:24,2519
DA:25,1
DA:28,2518
DA:30,2512
DA:32,15
DA:33,15
DA:100,347
DA:101,347
DA:104,1
LF:24
LH:24
BRDA:17,0,0,2517
BRDA:17,0,1,2
BRDA:24,1,0,1
BRDA:24,1,1,2518
BRDA:24,2,0,2519
BRDA:24,2,1,5
BRF:6
BRH:6
end_of_record
TN:
SF:dist/type.js
FN:90,(anonymous_0)
FN:108,(anonymous_1)
FNF:2
FNH:2
FNDA:1,(anonymous_0)
FNDA:2,(anonymous_1)
DA:2,31
DA:3,31
DA:4,31
DA:90,1
DA:109,2
DA:110,2
DA:111,1
DA:113,2
LF:8
LH:8
BRDA:110,0,0,1
BRDA:110,0,1,1
BRF:2
BRH:2
end_of_record
TN:
SF:dist/Model/index.js
FN:87,(anonymous_0)
FN:93,(anonymous_1)
FN:94,(anonymous_2)
FN:94,(anonymous_3)
FN:95,(anonymous_4)
FN:106,(anonymous_5)
FN:128,(anonymous_6)
FN:129,(anonymous_7)
FN:131,(anonymous_8)
FN:132,(anonymous_9)
FN:141,(anonymous_10)
FN:141,(anonymous_11)
FN:141,(anonymous_12)
FN:145,(anonymous_13)
FN:155,(anonymous_14)
FN:159,(anonymous_15)
FN:163,(anonymous_16)
FN:166,(anonymous_17)
FN:169,(anonymous_18)
FN:188,(anonymous_19)
FN:197,(anonymous_20)
FN:200,(anonymous_21)
FN:200,(anonymous_22)
FN:206,(anonymous_23)
FN:220,(anonymous_24)
FN:224,(anonymous_25)
FN:225,(anonymous_26)
FN:230,(anonymous_27)
FN:249,(anonymous_28)
FN:268,(anonymous_29)
FN:282,(anonymous_30)
FN:285,(anonymous_31)
FN:295,(anonymous_32)
FN:296,(anonymous_33)
FN:297,(anonymous_34)
FN:298,(anonymous_35)
FN:300,(anonymous_36)
FN:306,(anonymous_37)
FN:308,(anonymous_38)
FN:308,(anonymous_39)
FN:313,(anonymous_40)
FN:313,(anonymous_41)
FN:321,(anonymous_42)
FN:325,(anonymous_43)
FN:337,(anonymous_44)
FN:337,(anonymous_45)
FN:341,(anonymous_46)
FN:347,(anonymous_47)
FN:347,(anonymous_48)
FN:350,(anonymous_49)
FN:350,(anonymous_50)
FN:350,(anonymous_51)
FN:353,(anonymous_52)
FN:359,(anonymous_53)
FN:368,(anonymous_54)
FN:370,(anonymous_55)
FN:371,(anonymous_56)
FN:372,(anonymous_57)
FN:372,(anonymous_58)
FN:379,(anonymous_59)
FN:381,(anonymous_60)
FN:391,(anonymous_61)
FN:398,(anonymous_62)
FN:398,(anonymous_63)
FN:401,(anonymous_64)
FN:401,(anonymous_65)
FN:401,(anonymous_66)
FN:404,(anonymous_67)
FN:410,(anonymous_68)
FN:418,(anonymous_69)
FN:421,(anonymous_70)
FN:423,(anonymous_71)
FN:424,(anonymous_72)
FN:425,(anonymous_73)
FN:425,(anonymous_74)
FN:432,(anonymous_75)
FN:434,(anonymous_76)
FN:444,(anonymous_77)
FN:444,(anonymous_78)
FN:448,(anonymous_79)
FN:454,(anonymous_80)
FN:454,(anonymous_81)
FN:457,(anonymous_82)
FN:457,(anonymous_83)
FN:457,(anonymous_84)
FN:460,(anonymous_85)
FN:466,(anonymous_86)
FN:483,(anonymous_87)
FN:492,(anonymous_88)
FN:494,(anonymous_89)
FN:497,(anonymous_90)
FN:505,(anonymous_91)
FN:520,(anonymous_92)
FN:530,(anonymous_93)
FN:543,(anonymous_94)
FN:550,(anonymous_95)
FN:554,(anonymous_96)
FN:554,(anonymous_97)
FN:561,(anonymous_98)
FN:563,(anonymous_99)
FN:571,(anonymous_100)
FN:571,(anonymous_101)
FN:572,(anonymous_102)
FN:573,(anonymous_103)
FN:579,(anonymous_104)
FN:580,(anonymous_105)
FN:581,(anonymous_106)
FN:593,(anonymous_107)
FN:595,(anonymous_108)
FN:596,(anonymous_109)
FN:598,(anonymous_110)
FN:602,(anonymous_111)
FN:605,(anonymous_112)
FN:612,(anonymous_113)
FN:629,(anonymous_114)
FN:639,(anonymous_115)
FN:641,(anonymous_116)
FN:641,(anonymous_117)
FN:647,(anonymous_118)
FN:654,(anonymous_119)
FN:656,(anonymous_120)
FN:656,(anonymous_121)
FN:656,(anonymous_122)
FN:659,(anonymous_123)
FN:665,(anonymous_124)
FN:672,(anonymous_125)
FN:684,(anonymous_126)
FN:697,(anonymous_127)
FN:697,(anonymous_128)
FN:701,(anonymous_129)
FN:707,(anonymous_130)
FN:707,(anonymous_131)
FN:709,(anonymous_132)
FN:709,(anonymous_133)
FN:712,(anonymous_134)
FN:717,(anonymous_135)
FN:726,(anonymous_136)
FN:728,(anonymous_137)
FN:737,(anonymous_138)
FN:738,(anonymous_139)
FN:745,(anonymous_140)
FN:745,(anonymous_141)
FN:749,(anonymous_142)
FN:755,(anonymous_143)
FN:757,(anonymous_144)
FN:760,(anonymous_145)
FN:760,(anonymous_146)
FN:760,(anonymous_147)
FN:763,(anonymous_148)
FN:770,(anonymous_149)
FN:775,(anonymous_150)
FN:778,(anonymous_151)
FN:782,(anonymous_152)
FN:783,(anonymous_153)
FN:785,(anonymous_154)
FN:788,(anonymous_155)
FN:794,(anonymous_156)
FN:794,(anonymous_157)
FN:798,(anonymous_158)
FN:799,(anonymous_159)
FN:816,(anonymous_160)
FNF:161
FNH:161
FNDA:2518,(anonymous_0)
FNDA:274,(anonymous_1)
FNDA:275,(anonymous_2)
FNDA:275,(anonymous_3)
FNDA:436,(anonymous_4)
FNDA:568,(anonymous_5)
FNDA:43,(anonymous_6)
FNDA:55,(anonymous_7)
FNDA:115,(anonymous_8)
FNDA:1,(anonymous_9)
FNDA:55,(anonymous_10)
FNDA:115,(anonymous_11)
FNDA:55,(anonymous_12)
FNDA:8107,(anonymous_13)
FNDA:279,(anonymous_14)
FNDA:40,(anonymous_15)
FNDA:7823,(anonymous_16)
FNDA:8992,(anonymous_17)
FNDA:2727,(anonymous_18)
FNDA:26,(anonymous_19)
FNDA:2526,(anonymous_20)
FNDA:2524,(anonymous_21)
FNDA:2524,(anonymous_22)
FNDA:1425,(anonymous_23)
FNDA:5,(anonymous_24)
FNDA:5,(anonymous_25)
FNDA:12555,(anonymous_26)
FNDA:22,(anonymous_27)
FNDA:2511,(anonymous_28)
FNDA:5049,(anonymous_29)
FNDA:16,(anonymous_30)
FNDA:42,(anonymous_31)
FNDA:78,(anonymous_32)
FNDA:48,(anonymous_33)
FNDA:34,(anonymous_34)
FNDA:48,(anonymous_35)
FNDA:14,(anonymous_36)
FNDA:66,(anonymous_37)
FNDA:84,(anonymous_38)
FNDA:84,(anonymous_39)
FNDA:22,(anonymous_40)
FNDA:22,(anonymous_41)
FNDA:40,(anonymous_42)
FNDA:74,(anonymous_43)
FNDA:1,(anonymous_44)
FNDA:1,(anonymous_45)
FNDA:2,(anonymous_46)
FNDA:36,(anonymous_47)
FNDA:36,(anonymous_48)
FNDA:17,(anonymous_49)
FNDA:17,(anonymous_50)
FNDA:2,(anonymous_51)
FNDA:19,(anonymous_52)
FNDA:16,(anonymous_53)
FNDA:10,(anonymous_54)
FNDA:6,(anonymous_55)
FNDA:22,(anonymous_56)
FNDA:14,(anonymous_57)
FNDA:20,(anonymous_58)
FNDA:16,(anonymous_59)
FNDA:34,(anonymous_60)
FNDA:1,(anonymous_61)
FNDA:12,(anonymous_62)
FNDA:12,(anonymous_63)
FNDA:5,(anonymous_64)
FNDA:5,(anonymous_65)
FNDA:2,(anonymous_66)
FNDA:7,(anonymous_67)
FNDA:20,(anonymous_68)
FNDA:40,(anonymous_69)
FNDA:12,(anonymous_70)
FNDA:6,(anonymous_71)
FNDA:26,(anonymous_72)
FNDA:14,(anonymous_73)
FNDA:14,(anonymous_74)
FNDA:18,(anonymous_75)
FNDA:32,(anonymous_76)
FNDA:1,(anonymous_77)
FNDA:1,(anonymous_78)
FNDA:2,(anonymous_79)
FNDA:14,(anonymous_80)
FNDA:14,(anonymous_81)
FNDA:6,(anonymous_82)
FNDA:6,(anonymous_83)
FNDA:2,(anonymous_84)
FNDA:8,(anonymous_85)
FNDA:177,(anonymous_86)
FNDA:175,(anonymous_87)
FNDA:38,(anonymous_88)
FNDA:213,(anonymous_89)
FNDA:352,(anonymous_90)
FNDA:776,(anonymous_91)
FNDA:20,(anonymous_92)
FNDA:48,(anonymous_93)
FNDA:24,(anonymous_94)
FNDA:175,(anonymous_95)
FNDA:700,(anonymous_96)
FNDA:700,(anonymous_97)
FNDA:8,(anonymous_98)
FNDA:32,(anonymous_99)
FNDA:444,(anonymous_100)
FNDA:444,(anonymous_101)
FNDA:10,(anonymous_102)
FNDA:8,(anonymous_103)
FNDA:6,(anonymous_104)
FNDA:12,(anonymous_105)
FNDA:16,(anonymous_106)
FNDA:8,(anonymous_107)
FNDA:8,(anonymous_108)
FNDA:12,(anonymous_109)
FNDA:8,(anonymous_110)
FNDA:428,(anonymous_111)
FNDA:8,(anonymous_112)
FNDA:193,(anonymous_113)
FNDA:612,(anonymous_114)
FNDA:6,(anonymous_115)
FNDA:175,(anonymous_116)
FNDA:2,(anonymous_117)
FNDA:1,(anonymous_118)
FNDA:146,(anonymous_119)
FNDA:72,(anonymous_120)
FNDA:72,(anonymous_121)
FNDA:13,(anonymous_122)
FNDA:85,(anonymous_123)
FNDA:37,(anonymous_124)
FNDA:35,(anonymous_125)
FNDA:33,(anonymous_126)
FNDA:1,(anonymous_127)
FNDA:1,(anonymous_128)
FNDA:6,(anonymous_129)
FNDA:25,(anonymous_130)
FNDA:25,(anonymous_131)
FNDA:11,(anonymous_132)
FNDA:3,(anonymous_133)
FNDA:13,(anonymous_134)
FNDA:205,(anonymous_135)
FNDA:184,(anonymous_136)
FNDA:203,(anonymous_137)
FNDA:6,(anonymous_138)
FNDA:6,(anonymous_139)
FNDA:3,(anonymous_140)
FNDA:1,(anonymous_141)
FNDA:7,(anonymous_142)
FNDA:192,(anonymous_143)
FNDA:192,(anonymous_144)
FNDA:59,(anonymous_145)
FNDA:53,(anonymous_146)
FNDA:8,(anonymous_147)
FNDA:133,(anonymous_148)
FNDA:60,(anonymous_149)
FNDA:226,(anonymous_150)
FNDA:321,(anonymous_151)
FNDA:62,(anonymous_152)
FNDA:187,(anonymous_153)
FNDA:58,(anonymous_154)
FNDA:48,(anonymous_155)
FNDA:10,(anonymous_156)
FNDA:2,(anonymous_157)
FNDA:24,(anonymous_158)
FNDA:12,(anonymous_159)
FNDA:6,(anonymous_160)
DA:2,31
DA:3,31
DA:4,31
DA:5,31
DA:6,31
DA:7,31
DA:8,31
DA:9,31
DA:10,31
DA:11,31
DA:12,31
DA:13,31
DA:14,31
DA:15,31
DA:16,31
DA:17,31
DA:18,31
DA:88,2518
DA:90,2518
DA:94,275
DA:95,275
DA:96,436
DA:97,275
DA:100,161
DA:103,275
DA:108,568
DA:109,568
DA:110,568
DA:112,250
DA:113,250
DA:114,250
DA:117,250
DA:118,23
DA:122,318
DA:126,558
DA:129,43
DA:130,55
DA:131,115
DA:132,55
DA:134,1
DA:140,55
DA:141,115
DA:142,43
DA:146,8107
DA:147,8107
DA:148,8098
DA:150,9
DA:151,9
DA:152,9
DA:156,279
DA:157,279
DA:161,40
DA:164,7823
DA:167,8992
DA:170,2727
DA:171,2727
DA:172,10
DA:173,10
DA:174,10
DA:175,10
DA:177,2717
DA:183,2518
DA:184,5
DA:186,2513
DA:187,2340
DA:188,26
DA:191,2327
DA:195,173
DA:197,2526
DA:198,1
DA:200,2524
DA:201,1
DA:203,2511
DA:204,2511
DA:207,1425
DA:210,2511
DA:211,2511
DA:212,2511
DA:213,2511
DA:221,5
DA:222,5
DA:224,5
DA:226,12555
DA:227,12555
DA:228,12555
DA:229,12555
DA:230,12555
DA:231,22
DA:232,6
DA:233,6
DA:235,22
DA:236,17
DA:238,22
DA:239,22
DA:240,5
DA:242,22
DA:244,12555
DA:246,2511
DA:248,2511
DA:249,2511
DA:250,2511
DA:251,2511
DA:252,3
DA:253,3
DA:269,5049
DA:283,16
DA:286,42
DA:287,18
DA:288,18
DA:290,42
DA:291,18
DA:293,42
DA:294,42
DA:295,78
DA:296,48
DA:297,42
DA:298,48
DA:299,34
DA:300,34
DA:301,34
DA:306,34
DA:307,66
DA:308,84
DA:309,66
DA:310,48
DA:313,22
DA:314,18
DA:315,14
DA:318,66
DA:321,42
DA:322,40
DA:325,74
DA:329,38
DA:330,2
DA:332,38
DA:334,42
DA:335,4
DA:336,2
DA:337,2
DA:338,2
DA:341,2
DA:342,2
DA:343,1
DA:347,38
DA:348,38
DA:349,19
DA:350,19
DA:353,19
DA:354,19
DA:355,17
DA:360,16
DA:361,7
DA:362,7
DA:364,16
DA:365,7
DA:367,16
DA:368,16
DA:369,10
DA:370,10
DA:371,10
DA:372,22
DA:373,22
DA:374,6
DA:376,22
DA:379,16
DA:381,34
DA:388,16
DA:389,2
DA:390,1
DA:391,1
DA:392,1
DA:395,1
DA:398,14
DA:399,14
DA:400,7
DA:401,7
DA:404,7
DA:405,7
DA:406,5
DA:411,20
DA:412,8
DA:413,8
DA:415,20
DA:416,8
DA:418,40
DA:419,20
DA:420,20
DA:421,20
DA:422,12
DA:423,12
DA:424,12
DA:425,26
DA:426,26
DA:427,6
DA:429,26
DA:432,20
DA:434,32
DA:441,20
DA:442,4
DA:443,2
DA:444,2
DA:445,2
DA:448,2
DA:449,2
DA:450,1
DA:454,16
DA:455,16
DA:456,8
DA:457,8
DA:460,8
DA:461,8
DA:462,6
DA:467,177
DA:468,15
DA:469,15
DA:470,15
DA:472,177
DA:473,68
DA:474,68
DA:476,177
DA:477,83
DA:479,177
DA:480,177
DA:481,177
DA:482,177
DA:483,177
DA:484,175
DA:490,175
DA:491,34
DA:492,38
DA:494,175
DA:495,213
DA:496,213
DA:497,352
DA:498,141
DA:499,141
DA:501,213
DA:502,213
DA:503,215
DA:504,215
DA:505,776
DA:506,215
DA:507,215
DA:509,215
DA:510,215
DA:513,215
DA:514,215
DA:515,215
DA:516,195
DA:518,199
DA:519,22
DA:520,20
DA:523,12
DA:526,187
DA:527,181
DA:528,181
DA:529,12
DA:530,48
DA:533,187
DA:534,18
DA:536,185
DA:537,185
DA:538,185
DA:539,169
DA:541,185
DA:542,6
DA:543,24
DA:545,185
DA:546,185
DA:547,185
DA:549,195
DA:551,175
DA:554,700
DA:555,700
DA:556,700
DA:559,175
DA:560,175
DA:561,175
DA:562,8
DA:563,32
DA:564,8
DA:565,8
DA:566,8
DA:567,8
DA:569,175
DA:571,444
DA:572,444
DA:574,8
DA:575,8
DA:576,2
DA:578,6
DA:580,6
DA:581,16
DA:582,12
DA:583,12
DA:584,12
DA:585,2
DA:587,12
DA:589,6
DA:590,2
DA:593,8
DA:594,4
DA:595,4
DA:596,12
DA:597,8
DA:598,8
DA:599,4
DA:602,153
DA:603,428
DA:604,428
DA:605,8
DA:606,2
DA:607,2
DA:608,2
DA:609,2
DA:612,153
DA:613,193
DA:614,193
DA:616,193
DA:617,193
DA:620,193
DA:621,193
DA:622,2
DA:625,153
DA:626,153
DA:627,14
DA:629,153
DA:630,612
DA:631,612
DA:632,161
DA:635,451
DA:639,177
DA:640,177
DA:641,177
DA:642,2
DA:644,177
DA:645,7
DA:646,1
DA:647,1
DA:648,1
DA:651,6
DA:654,170
DA:655,170
DA:656,85
DA:659,85
DA:660,85
DA:661,72
DA:666,37
DA:667,14
DA:668,14
DA:670,37
DA:673,35
DA:674,13
DA:675,13
DA:677,35
DA:678,12
DA:680,35
DA:681,27
DA:683,35
DA:684,35
DA:685,33
DA:689,31
DA:690,2
DA:692,31
DA:694,35
DA:695,8
DA:696,2
DA:697,2
DA:698,2
DA:701,6
DA:702,6
DA:703,5
DA:707,27
DA:708,27
DA:709,14
DA:712,13
DA:713,13
DA:718,205
DA:719,57
DA:720,57
DA:722,205
DA:723,129
DA:725,205
DA:726,205
DA:727,205
DA:728,205
DA:729,203
DA:733,201
DA:734,8
DA:736,201
DA:737,6
DA:738,6
DA:740,201
DA:742,205
DA:743,11
DA:744,4
DA:745,4
DA:746,4
DA:749,7
DA:750,7
DA:751,6
DA:755,194
DA:756,192
DA:757,192
DA:758,194
DA:759,61
DA:760,61
DA:763,133
DA:764,133
DA:765,127
DA:771,60
DA:774,31
DA:775,31
DA:776,226
DA:778,31
DA:779,321
DA:782,31
DA:783,187
DA:784,62
DA:786,58
DA:787,58
DA:788,54
DA:789,48
DA:790,48
DA:791,48
DA:792,24
DA:793,24
DA:794,12
DA:798,24
DA:799,24
DA:800,12
DA:801,2
DA:804,10
DA:807,24
DA:808,12
DA:813,54
DA:817,6
DA:818,6
DA:819,2
DA:824,31
LF:440
LH:440
BRDA:96,0,0,275
BRDA:96,0,1,161
BRDA:100,1,0,1
BRDA:100,1,1,160
BRDA:110,2,0,250
BRDA:110,2,1,318
BRDA:117,3,0,23
BRDA:117,3,1,227
BRDA:117,4,0,250
BRDA:117,4,1,23
BRDA:117,4,2,23
BRDA:141,5,0,115
BRDA:141,5,1,7
BRDA:141,6,0,2
BRDA:141,6,1,113
BRDA:141,7,0,115
BRDA:141,7,1,115
BRDA:147,8,0,8098
BRDA:147,8,1,9
BRDA:171,9,0,10
BRDA:171,9,1,2717
BRDA:179,10,0,2518
BRDA:179,10,1,2511
BRDA:179,11,0,2096
BRDA:179,11,1,422
BRDA:179,12,0,2518
BRDA:179,12,1,2518
BRDA:183,13,0,5
BRDA:183,13,1,2513
BRDA:183,14,0,2518
BRDA:183,14,1,2514
BRDA:183,14,2,14
BRDA:186,15,0,2340
BRDA:186,15,1,173
BRDA:187,16,0,13
BRDA:187,16,1,2327
BRDA:188,17,0,4
BRDA:188,17,1,22
BRDA:197,18,0,1
BRDA:197,18,1,2512
BRDA:200,19,0,1
BRDA:200,19,1,2511
BRDA:206,20,0,70
BRDA:206,21,0,1079
BRDA:224,22,0,1
BRDA:224,22,1,4
BRDA:227,23,0,12555
BRDA:227,23,1,7533
BRDA:228,24,0,12555
BRDA:228,24,1,7533
BRDA:229,25,0,12555
BRDA:229,25,1,10044
BRDA:231,26,0,6
BRDA:231,26,1,16
BRDA:235,27,0,17
BRDA:235,27,1,5
BRDA:236,28,0,17
BRDA:236,28,1,13
BRDA:239,29,0,5
BRDA:239,29,1,17
BRDA:249,30,0,2511
BRDA:249,30,1,3
BRDA:250,31,0,2508
BRDA:250,31,1,3
BRDA:250,32,0,2511
BRDA:250,32,1,2511
BRDA:251,33,0,3
BRDA:251,33,1,2508
BRDA:286,34,0,18
BRDA:286,34,1,24
BRDA:290,35,0,18
BRDA:290,35,1,24
BRDA:299,36,0,10
BRDA:299,36,1,24
BRDA:309,37,0,48
BRDA:309,37,1,18
BRDA:314,38,0,14
BRDA:314,38,1,4
BRDA:329,39,0,2
BRDA:329,39,1,36
BRDA:334,40,0,4
BRDA:334,40,1,38
BRDA:335,41,0,2
BRDA:335,41,1,2
BRDA:348,42,0,19
BRDA:348,42,1,19
BRDA:360,43,0,7
BRDA:360,43,1,9
BRDA:364,44,0,7
BRDA:364,44,1,9
BRDA:369,45,0,4
BRDA:369,45,1,6
BRDA:369,46,0,10
BRDA:369,46,1,10
BRDA:373,47,0,6
BRDA:373,47,1,16
BRDA:388,48,0,2
BRDA:388,48,1,14
BRDA:389,49,0,1
BRDA:389,49,1,1
BRDA:399,50,0,7
BRDA:399,50,1,7
BRDA:411,51,0,8
BRDA:411,51,1,12
BRDA:415,52,0,8
BRDA:415,52,1,12
BRDA:422,53,0,4
BRDA:422,53,1,8
BRDA:422,54,0,12
BRDA:422,54,1,12
BRDA:426,55,0,6
BRDA:426,55,1,20
BRDA:441,56,0,4
BRDA:441,56,1,16
BRDA:442,57,0,2
BRDA:442,57,1,2
BRDA:455,58,0,8
BRDA:455,58,1,8
BRDA:467,59,0,15
BRDA:467,59,1,162
BRDA:472,60,0,68
BRDA:472,60,1,109
BRDA:476,61,0,83
BRDA:476,61,1,94
BRDA:490,62,0,34
BRDA:490,62,1,141
BRDA:497,63,0,141
BRDA:497,63,1,72
BRDA:497,64,0,213
BRDA:497,64,1,88
BRDA:507,65,0,8
BRDA:507,65,1,207
BRDA:515,66,0,195
BRDA:515,66,1,20
BRDA:515,67,0,215
BRDA:515,67,1,199
BRDA:516,68,0,4
BRDA:516,68,1,191
BRDA:516,69,0,195
BRDA:516,69,1,18
BRDA:518,70,0,22
BRDA:518,70,1,177
BRDA:518,71,0,199
BRDA:518,71,1,193
BRDA:519,72,0,10
BRDA:519,72,1,12
BRDA:526,73,0,181
BRDA:526,73,1,6
BRDA:528,74,0,12
BRDA:528,74,1,169
BRDA:533,75,0,18
BRDA:533,75,1,169
BRDA:536,76,0,16
BRDA:536,76,1,169
BRDA:538,77,0,169
BRDA:538,77,1,16
BRDA:541,78,0,6
BRDA:541,78,1,179
BRDA:541,79,0,185
BRDA:541,79,1,12
BRDA:545,80,0,185
BRDA:545,80,1,40
BRDA:545,81,0,16
BRDA:545,81,1,24
BRDA:572,82,0,6
BRDA:572,82,1,438
BRDA:575,83,0,2
BRDA:575,83,1,6
BRDA:583,84,0,12
BRDA:583,84,1,10
BRDA:584,85,0,2
BRDA:584,85,1,10
BRDA:589,86,0,2
BRDA:589,86,1,4
BRDA:598,87,0,8
BRDA:598,87,1,6
BRDA:604,88,0,2
BRDA:604,88,1,426
BRDA:604,89,0,428
BRDA:604,89,1,10
BRDA:621,90,0,2
BRDA:621,90,1,191
BRDA:621,91,0,193
BRDA:621,91,1,14
BRDA:621,92,0,4
BRDA:621,92,1,189
BRDA:621,93,0,193
BRDA:621,93,1,193
BRDA:626,94,0,14
BRDA:626,94,1,139
BRDA:631,95,0,161
BRDA:631,95,1,451
BRDA:632,96,0,8
BRDA:632,96,1,153
BRDA:641,97,0,175
BRDA:641,97,1,173
BRDA:641,98,0,2
BRDA:641,98,1,173
BRDA:644,99,0,7
BRDA:644,99,1,170
BRDA:645,100,0,1
BRDA:645,100,1,6
BRDA:655,101,0,85
BRDA:655,101,1,85
BRDA:656,102,0,3
BRDA:656,102,1,69
BRDA:661,103,0,3
BRDA:661,103,1,69
BRDA:666,104,0,14
BRDA:666,104,1,23
BRDA:666,105,0,37
BRDA:666,105,1,14
BRDA:673,106,0,13
BRDA:673,106,1,22
BRDA:677,107,0,12
BRDA:677,107,1,23
BRDA:680,108,0,27
BRDA:680,108,1,8
BRDA:680,109,0,35
BRDA:680,109,1,35
BRDA:689,110,0,2
BRDA:689,110,1,29
BRDA:694,111,0,8
BRDA:694,111,1,27
BRDA:695,112,0,2
BRDA:695,112,1,6
BRDA:708,113,0,14
BRDA:708,113,1,13
BRDA:718,114,0,57
BRDA:718,114,1,148
BRDA:722,115,0,129
BRDA:722,115,1,76
BRDA:733,116,0,8
BRDA:733,116,1,193
BRDA:733,117,0,201
BRDA:733,117,1,8
BRDA:736,118,0,4
BRDA:736,118,1,197
BRDA:742,119,0,11
BRDA:742,119,1,194
BRDA:743,120,0,4
BRDA:743,120,1,7
BRDA:758,121,0,61
BRDA:758,121,1,133
BRDA:760,122,0,58
BRDA:760,122,1,1
BRDA:765,123,0,126
BRDA:765,123,1,1
BRDA:770,124,0,2
BRDA:783,125,0,94
BRDA:783,125,1,93
BRDA:787,126,0,54
BRDA:787,126,1,4
BRDA:787,127,0,58
BRDA:787,127,1,4
BRDA:787,127,2,2
BRDA:789,128,0,24
BRDA:789,128,1,24
BRDA:790,129,0,24
BRDA:790,129,1,24
BRDA:791,130,0,24
BRDA:791,130,1,24
BRDA:793,131,0,12
BRDA:793,131,1,12
BRDA:800,132,0,2
BRDA:800,132,1,10
BRDA:807,133,0,12
BRDA:807,133,1,12
BRDA:818,134,0,2
BRDA:818,134,1,4
BRDA:818,135,0,6
BRDA:818,135,1,4
BRDA:818,135,2,3
BRF:273
BRH:273
end_of_record
TN:
SF:dist/Table/defaults.js
FN:35,(anonymous_0)
FN:38,(anonymous_1)
FNF:2
FNH:2
FNDA:4539,(anonymous_0)
FNDA:2413,(anonymous_1)
DA:2,31
DA:3,31
DA:4,31
DA:5,31
DA:33,31
DA:34,31
DA:36,4539
DA:38,2413
DA:40,31
LF:9
LH:9
BRF:0
BRH:0
end_of_record
TN:
SF:dist/Table/index.js
FN:84,(anonymous_0)
FN:97,(anonymous_1)
FN:114,(anonymous_2)
FN:119,(anonymous_3)
FN:123,(anonymous_4)
FN:130,(anonymous_5)
FN:131,(anonymous_6)
FN:131,(anonymous_7)
FN:132,(anonymous_8)
FN:144,(anonymous_9)
FN:149,(anonymous_10)
FN:154,(anonymous_11)
FN:158,(anonymous_12)
FN:161,(anonymous_13)
FN:164,(anonymous_14)
FN:172,(anonymous_15)
FN:176,(anonymous_16)
FN:180,(anonymous_17)
FN:184,(anonymous_18)
FN:188,(anonymous_19)
FN:189,(anonymous_20)
FN:189,(anonymous_21)
FN:196,(anonymous_22)
FN:200,(anonymous_23)
FN:203,(anonymous_24)
FN:203,(anonymous_25)
FN:214,(anonymous_26)
FN:214,(anonymous_27)
FN:222,(anonymous_28)
FN:279,(anonymous_29)
FN:294,(anonymous_30)
FN:315,(anonymous_31)
FN:371,(anonymous_32)
FN:377,(anonymous_33)
FN:377,(anonymous_34)
FN:408,(anonymous_35)
FN:410,(anonymous_36)
FN:410,(anonymous_37)
FN:420,(anonymous_38)
FNF:39
FNH:39
FNDA:2417,(anonymous_0)
FNDA:2434,(anonymous_1)
FNDA:1010,(anonymous_2)
FNDA:582,(anonymous_3)
FNDA:2433,(anonymous_4)
FNDA:47,(anonymous_5)
FNDA:51,(anonymous_6)
FNDA:51,(anonymous_7)
FNDA:69,(anonymous_8)
FNDA:18,(anonymous_9)
FNDA:34,(anonymous_10)
FNDA:40,(anonymous_11)
FNDA:3,(anonymous_12)
FNDA:4,(anonymous_13)
FNDA:2377,(anonymous_14)
FNDA:26,(anonymous_15)
FNDA:62,(anonymous_16)
FNDA:3,(anonymous_17)
FNDA:50,(anonymous_18)
FNDA:141,(anonymous_19)
FNDA:141,(anonymous_20)
FNDA:138,(anonymous_21)
FNDA:582,(anonymous_22)
FNDA:2432,(anonymous_23)
FNDA:2430,(anonymous_24)
FNDA:2430,(anonymous_25)
FNDA:25,(anonymous_26)
FNDA:25,(anonymous_27)
FNDA:6,(anonymous_28)
FNDA:1,(anonymous_29)
FNDA:2,(anonymous_30)
FNDA:48,(anonymous_31)
FNDA:11,(anonymous_32)
FNDA:2,(anonymous_33)
FNDA:2,(anonymous_34)
FNDA:11,(anonymous_35)
FNDA:1,(anonymous_36)
FNDA:1,(anonymous_37)
FNDA:31,(anonymous_38)
DA:2,31
DA:3,31
DA:4,31
DA:5,31
DA:6,31
DA:7,31
DA:8,31
DA:9,31
DA:10,31
DA:11,31
DA:85,2417
DA:87,2417
DA:88,1
DA:90,2416
DA:91,1
DA:94,2415
DA:95,1
DA:97,2434
DA:98,3
DA:100,2411
DA:101,2411
DA:115,1010
DA:116,1010
DA:117,19
DA:119,991
DA:120,582
DA:124,2433
DA:125,1
DA:127,2432
DA:128,2432
DA:131,51
DA:132,51
DA:133,69
DA:134,51
DA:137,18
DA:140,51
DA:145,18
DA:146,18
DA:147,1
DA:149,34
DA:150,17
DA:151,17
DA:152,17
DA:156,40
DA:159,3
DA:162,4
DA:165,2377
DA:166,2
DA:169,2375
DA:171,2375
DA:172,26
DA:175,2375
DA:176,62
DA:179,2375
DA:180,3
DA:183,2375
DA:184,50
DA:187,2375
DA:188,2375
DA:189,141
DA:190,138
DA:193,2375
DA:194,2370
DA:195,2370
DA:196,2370
DA:197,2370
DA:200,2432
DA:201,1
DA:203,2430
DA:204,1
DA:206,2408
DA:207,25
DA:208,8
DA:213,25
DA:214,25
DA:215,25
DA:222,6
DA:226,2408
DA:227,2366
DA:280,1
DA:295,2
DA:316,48
DA:372,11
DA:373,1
DA:375,11
DA:376,11
DA:377,4
DA:380,7
DA:409,11
DA:410,2
DA:413,9
DA:417,31
DA:418,31
DA:420,31
DA:421,31
DA:422,31
DA:423,31
DA:424,31
DA:425,31
LF:99
LH:99
BRDA:84,0,0,1822
BRDA:87,1,0,1
BRDA:87,1,1,2416
BRDA:90,2,0,1
BRDA:90,2,1,2415
BRDA:94,3,0,1
BRDA:94,3,1,2414
BRDA:97,4,0,3
BRDA:97,4,1,2411
BRDA:97,5,0,2414
BRDA:97,5,1,2413
BRDA:97,5,2,2412
BRDA:97,6,0,2434
BRDA:97,6,1,2433
BRDA:116,7,0,19
BRDA:116,7,1,991
BRDA:116,8,0,1010
BRDA:116,8,1,428
BRDA:119,9,0,409
BRDA:119,9,1,582
BRDA:124,10,0,1
BRDA:124,10,1,2432
BRDA:133,11,0,51
BRDA:133,11,1,18
BRDA:137,12,0,4
BRDA:137,12,1,14
BRDA:146,13,0,1
BRDA:146,13,1,17
BRDA:165,14,0,2
BRDA:165,14,1,2375
BRDA:171,15,0,26
BRDA:171,15,1,2349
BRDA:175,16,0,62
BRDA:175,16,1,2313
BRDA:175,17,0,2375
BRDA:175,17,1,2374
BRDA:179,18,0,3
BRDA:179,18,1,2372
BRDA:179,19,0,2375
BRDA:179,19,1,2349
BRDA:179,19,2,59
BRDA:179,20,0,17
BRDA:179,20,1,2332
BRDA:183,21,0,50
BRDA:183,21,1,2325
BRDA:183,22,0,2375
BRDA:183,22,1,50
BRDA:190,23,0,65
BRDA:190,23,1,73
BRDA:200,24,0,1
BRDA:200,24,1,2409
BRDA:203,25,0,1
BRDA:203,25,1,2408
BRDA:206,26,0,25
BRDA:206,26,1,2383
BRDA:207,27,0,8
BRDA:207,27,1,17
BRDA:226,28,0,2366
BRDA:226,28,1,42
BRDA:226,29,0,2408
BRDA:226,29,1,2408
BRDA:372,30,0,1
BRDA:372,30,1,10
BRDA:375,31,0,9
BRDA:375,31,1,2
BRDA:375,32,0,1
BRDA:375,32,1,10
BRDA:375,33,0,11
BRDA:375,33,1,11
BRDA:376,34,0,4
BRDA:376,34,1,7
BRDA:409,35,0,2
BRDA:409,35,1,9
BRDA:426,36,0,31
BRDA:426,36,1,31
BRF:75
BRH:75
end_of_record
TN:
SF:dist/Table/types.js
FN:5,(anonymous_0)
FNF:1
FNH:1
FNDA:31,(anonymous_0)
DA:2,31
DA:3,31
DA:5,31
DA:6,31
DA:7,31
LF:5
LH:5
BRDA:8,0,0,31
BRDA:8,0,1,31
BRF:2
BRH:2
end_of_record
TN:
SF:dist/Table/utilities.js
FN:15,getTableDetails
FN:16,(anonymous_1)
FN:34,getExpectedTags
FN:40,(anonymous_3)
FN:46,getTagDetails
FN:65,createTableRequest
FN:77,createTable
FN:82,(anonymous_7)
FN:87,updateTimeToLive
FN:90,updateDetails
FN:96,updateTTL
FN:121,waitForActive
FN:122,(anonymous_12)
FN:122,(anonymous_13)
FN:124,check
FN:132,(anonymous_15)
FN:154,updateTable
FN:173,(anonymous_17)
FN:195,(anonymous_18)
FN:195,(anonymous_19)
FN:203,(anonymous_20)
FN:203,(anonymous_21)
FN:208,(anonymous_22)
FNF:23
FNH:23
FNDA:299,getTableDetails
FNDA:144,(anonymous_1)
FNDA:30,getExpectedTags
FNDA:6,(anonymous_3)
FNDA:40,getTagDetails
FNDA:34,createTableRequest
FNDA:28,createTable
FNDA:3,(anonymous_7)
FNDA:3,updateTimeToLive
FNDA:4,updateDetails
FNDA:3,updateTTL
FNDA:83,waitForActive
FNDA:83,(anonymous_12)
FNDA:83,(anonymous_13)
FNDA:117,check
FNDA:16,(anonymous_15)
FNDA:50,updateTable
FNDA:8,(anonymous_17)
FNDA:14,(anonymous_18)
FNDA:12,(anonymous_19)
FNDA:6,(anonymous_20)
FNDA:2,(anonymous_21)
FNDA:4,(anonymous_22)
DA:2,31
DA:3,31
DA:4,31
DA:5,31
DA:6,31
DA:7,31
DA:8,31
DA:9,31
DA:10,31
DA:11,31
DA:12,31
DA:13,31
DA:16,299
DA:17,144
DA:18,141
DA:20,299
DA:21,144
DA:22,28
DA:23,28
DA:28,116
DA:31,298
DA:33,31
DA:35,30
DA:36,30
DA:37,26
DA:40,6
DA:47,40
DA:48,40
DA:49,40
DA:52,36
DA:55,2
DA:59,2
DA:60,2
DA:62,36
DA:64,31
DA:66,34
DA:67,30
DA:68,2
DA:70,30
DA:71,30
DA:72,4
DA:74,30
DA:76,31
DA:79,28
DA:80,28
DA:81,3
DA:82,3
DA:84,25
DA:86,31
DA:89,3
DA:91,4
DA:95,3
DA:97,3
DA:105,3
DA:107,1
DA:108,1
DA:109,1
DA:113,3
DA:114,3
DA:120,31
DA:122,83
DA:123,83
DA:126,117
DA:127,117
DA:128,116
DA:129,116
DA:131,116
DA:132,115
DA:133,80
DA:137,1
DA:139,35
DA:140,21
DA:142,35
DA:143,1
DA:146,34
DA:150,83
DA:153,31
DA:155,50
DA:156,50
DA:158,50
DA:159,38
DA:160,38
DA:161,38
DA:162,38
DA:163,7
DA:164,7
DA:165,7
DA:169,49
DA:170,36
DA:171,36
DA:172,36
DA:173,36
DA:174,8
DA:175,8
DA:178,8
DA:179,6
DA:180,6
DA:183,2
DA:185,8
DA:186,8
DA:190,49
DA:191,40
DA:192,40
DA:193,36
DA:195,36
DA:196,36
DA:197,8
DA:198,8
DA:203,36
DA:204,36
DA:205,4
DA:206,4
DA:208,4
DA:216,4
DA:217,2
DA:220,2
DA:225,47
DA:226,31
DA:227,31
DA:228,31
DA:229,6
DA:233,6
DA:234,6
DA:238,31
LF:124
LH:124
BRDA:15,0,0,155
BRDA:20,1,0,144
BRDA:20,1,1,155
BRDA:20,2,0,299
BRDA:20,2,1,245
BRDA:21,3,0,28
BRDA:21,3,1,116
BRDA:36,4,0,26
BRDA:36,4,1,4
BRDA:67,5,0,2
BRDA:67,5,1,28
BRDA:71,6,0,4
BRDA:71,6,1,26
BRDA:77,7,0,26
BRDA:79,8,0,25
BRDA:79,8,1,3
BRDA:79,9,0,28
BRDA:79,9,1,28
BRDA:79,10,0,4
BRDA:79,10,1,24
BRDA:79,11,0,28
BRDA:79,11,1,28
BRDA:80,12,0,3
BRDA:80,12,1,25
BRDA:80,13,0,28
BRDA:80,13,1,26
BRDA:105,14,0,1
BRDA:105,14,1,3
BRDA:121,15,0,21
BRDA:127,16,0,116
BRDA:127,16,1,1
BRDA:127,17,0,117
BRDA:127,17,1,2
BRDA:128,18,0,1
BRDA:128,18,1,115
BRDA:131,19,0,24
BRDA:131,19,1,92
BRDA:132,20,0,80
BRDA:132,20,1,35
BRDA:132,21,0,115
BRDA:132,21,1,84
BRDA:132,22,0,12
BRDA:132,22,1,72
BRDA:132,23,0,84
BRDA:132,23,1,84
BRDA:139,24,0,21
BRDA:139,24,1,14
BRDA:140,25,0,14
BRDA:140,25,1,7
BRDA:142,26,0,1
BRDA:142,26,1,34
BRDA:155,27,0,50
BRDA:155,27,1,33
BRDA:158,28,0,38
BRDA:158,28,1,12
BRDA:158,29,0,50
BRDA:158,29,1,17
BRDA:161,30,0,38
BRDA:161,30,1,36
BRDA:161,30,2,38
BRDA:161,30,3,31
BRDA:161,31,0,38
BRDA:161,31,1,38
BRDA:161,32,0,38
BRDA:161,32,1,2
BRDA:161,33,0,38
BRDA:161,33,1,2
BRDA:162,34,0,7
BRDA:162,34,1,31
BRDA:169,35,0,36
BRDA:169,35,1,13
BRDA:169,36,0,49
BRDA:169,36,1,17
BRDA:178,37,0,6
BRDA:178,37,1,2
BRDA:190,38,0,40
BRDA:190,38,1,9
BRDA:190,39,0,49
BRDA:190,39,1,17
BRDA:196,40,0,8
BRDA:196,40,1,28
BRDA:203,41,0,6
BRDA:203,41,1,4
BRDA:204,42,0,4
BRDA:204,42,1,32
BRDA:205,43,0,4
BRDA:205,43,1,2
BRDA:216,44,0,2
BRDA:216,44,1,2
BRDA:216,45,0,4
BRDA:216,45,1,2
BRDA:225,46,0,31
BRDA:225,46,1,16
BRDA:225,47,0,47
BRDA:225,47,1,16
BRDA:227,48,0,6
BRDA:227,48,1,25
BRDA:228,49,0,6
BRDA:228,49,1,25
BRDA:228,50,0,31
BRDA:228,50,1,21
BRDA:228,50,2,29
BRDA:228,50,3,10
BRF:103
BRH:103
end_of_record
TN:
SF:dist/aws/converter.js
FN:11,main
FN:14,(anonymous_1)
FN:17,(anonymous_2)
FNF:3
FNH:3
FNDA:1953,main
FNDA:3,(anonymous_1)
FNDA:5,(anonymous_2)
DA:2,31
DA:3,31
DA:5,31
DA:12,1953
DA:14,31
DA:15,3
DA:17,31
DA:18,5
DA:20,31
LF:9
LH:9
BRDA:12,0,0,1953
BRDA:12,0,1,1951
BRF:2
BRH:2
end_of_record
TN:
SF:dist/aws/index.js
FN:7,(anonymous_0)
FNF:1
FNH:1
FNDA:57,(anonymous_0)
DA:2,31
DA:3,31
DA:4,31
DA:5,31
DA:8,57
DA:9,57
DA:12,31
LF:7
LH:7
BRF:0
BRH:0
end_of_record
TN:
SF:dist/aws/ddb/index.js
FN:4,default_1
FN:6,(anonymous_1)
FN:8,(anonymous_2)
FN:11,(anonymous_3)
FN:14,(anonymous_4)
FNF:5
FNH:5
FNDA:57,default_1
FNDA:1157,(anonymous_1)
FNDA:1295,(anonymous_2)
FNDA:1382,(anonymous_3)
FNDA:2,(anonymous_4)
DA:2,31
DA:3,31
DA:5,57
DA:6,1157
DA:7,57
DA:8,57
DA:9,1295
DA:11,57
DA:12,1382
DA:14,57
DA:15,2
DA:19,57
DA:21,31
LF:13
LH:13
BRDA:14,0,0,1
BRF:1
BRH:1
end_of_record
TN:
SF:dist/aws/ddb/internal.js
FN:4,main
FNF:1
FNH:1
FNDA:1149,main
DA:2,31
DA:3,31
DA:5,1149
DA:6,1149
DA:7,1118
DA:8,1118
DA:10,31
LF:7
LH:7
BRDA:7,0,0,281
BRDA:7,0,1,837
BRF:2
BRH:2
end_of_record
TN:
SF:dist/utils/all_elements_match.js
FN:3,(anonymous_0)
FN:3,(anonymous_1)
FNF:2
FNH:2
FNDA:9848,(anonymous_0)
FNDA:5071,(anonymous_1)
DA:2,31
DA:3,9848
LF:2
LH:2
BRDA:3,0,0,5032
BRDA:3,0,1,39
BRF:2
BRH:2
end_of_record
TN:
SF:dist/utils/array_flatten.js
FN:4,(anonymous_0)
FNF:1
FNH:1
FNDA:55250,(anonymous_0)
DA:2,31
DA:4,55250
LF:2
LH:2
BRF:0
BRH:0
end_of_record
TN:
SF:dist/utils/async_reduce.js
FN:3,default_1
FN:4,(anonymous_1)
FNF:2
FNH:2
FNDA:264,default_1
FNDA:382,(anonymous_1)
DA:2,31
DA:4,264
DA:5,382
DA:6,382
DA:8,264
DA:10,31
LF:6
LH:6
BRF:0
BRH:0
end_of_record
TN:
SF:dist/utils/capitalize_first_letter.js
FN:4,(anonymous_0)
FNF:1
FNH:1
FNDA:7962,(anonymous_0)
DA:2,31
DA:4,7962
LF:2
LH:2
BRF:0
BRH:0
end_of_record
TN:
SF:dist/utils/childKey.js
FN:3,default_1
FNF:1
FNH:1
FNDA:2,default_1
DA:2,31
DA:4,2
DA:5,2
DA:7,31
LF:4
LH:4
BRF:0
BRH:0
end_of_record
TN:
SF:dist/utils/combine_objects.js
FN:3,(anonymous_0)
FN:5,(anonymous_1)
FN:20,(anonymous_2)
FNF:3
FNH:3
FNDA:2508,(anonymous_0)
FNDA:7430,(anonymous_1)
FNDA:31584,(anonymous_2)
DA:3,31
DA:5,2508
DA:6,7430
DA:7,1
DA:9,7429
DA:10,2507
DA:13,4922
DA:14,2
DA:16,4920
DA:17,3
DA:20,4917
DA:21,31584
DA:22,58
DA:24,31526
DA:25,25615
DA:31,2505
DA:33,31
LF:17
LH:17
BRDA:6,0,0,1
BRDA:6,0,1,7429
BRDA:9,1,0,2507
BRDA:9,1,1,4922
BRDA:13,2,0,2
BRDA:13,2,1,4920
BRDA:16,3,0,3
BRDA:16,3,1,4917
BRDA:21,4,0,58
BRDA:21,4,1,31526
BRDA:21,5,0,31584
BRDA:21,5,1,125
BRDA:21,5,2,58
BRDA:24,6,0,25615
BRDA:24,6,1,5911
BRF:15
BRH:15
end_of_record
TN:
SF:dist/utils/deep_copy.js
FN:4,deep_copy
FN:14,(anonymous_1)
FNF:2
FNH:2
FNDA:19034,deep_copy
FNDA:661,(anonymous_1)
DA:2,31
DA:3,31
DA:7,19034
DA:8,42
DA:9,42
DA:10,42
DA:13,18992
DA:14,661
DA:15,416
DA:18,18576
DA:19,107
DA:20,107
DA:23,18469
DA:24,1
DA:25,1
DA:28,18468
DA:29,46
DA:30,46
DA:33,18422
DA:34,1
DA:35,1
DA:37,18421
DA:39,1
DA:42,18420
DA:43,7903
DA:44,884
DA:47,7019
DA:49,7903
DA:50,14644
DA:51,12895
DA:54,7903
DA:56,10517
DA:58,31
LF:33
LH:33
BRDA:7,0,0,42
BRDA:7,0,1,18992
BRDA:13,1,0,416
BRDA:13,1,1,18576
BRDA:18,2,0,107
BRDA:18,2,1,18469
BRDA:23,3,0,1
BRDA:23,3,1,18468
BRDA:28,4,0,46
BRDA:28,4,1,18422
BRDA:33,5,0,1
BRDA:33,5,1,18421
BRDA:37,6,0,1
BRDA:37,6,1,18420
BRDA:42,7,0,7903
BRDA:42,7,1,10517
BRDA:43,8,0,884
BRDA:43,8,1,7019
BRDA:50,9,0,12895
BRDA:50,9,1,1749
BRDA:50,10,0,14644
BRDA:50,10,1,12896
BRF:22
BRH:22
end_of_record
TN:
SF:dist/utils/find_best_index.js
FN:4,default_1
FN:7,(anonymous_1)
FN:9,(anonymous_2)
FN:10,(anonymous_3)
FN:20,(anonymous_4)
FN:21,(anonymous_5)
FN:21,(anonymous_6)
FNF:7
FNH:7
FNDA:163,default_1
FNDA:318,(anonymous_1)
FNDA:396,(anonymous_2)
FNDA:510,(anonymous_3)
FNDA:396,(anonymous_4)
FNDA:177,(anonymous_5)
FNDA:129,(anonymous_6)
DA:2,31
DA:3,31
DA:6,163
DA:8,318
DA:9,318
DA:10,396
DA:11,510
DA:12,510
DA:14,396
DA:15,396
DA:16,396
DA:17,396
DA:20,396
DA:21,177
DA:22,163
DA:24,31
LF:16
LH:16
BRDA:8,0,0,161
BRDA:8,0,1,157
BRDA:20,1,0,175
BRDA:20,1,1,221
BRDA:20,2,0,396
BRDA:20,2,1,396
BRDA:21,3,0,163
BRDA:21,3,1,128
BRDA:21,3,2,115
BRDA:22,4,0,150
BRDA:22,4,1,13
BRDA:22,5,0,163
BRDA:22,5,1,163
BRDA:22,6,0,13
BRDA:22,6,1,150
BRDA:22,7,0,163
BRDA:22,7,1,163
BRDA:22,8,0,128
BRDA:22,8,1,35
BRDA:22,9,0,163
BRDA:22,9,1,163
BRDA:22,10,0,13
BRDA:22,10,1,150
BRDA:22,11,0,163
BRDA:22,11,1,163
BRF:25
BRH:25
end_of_record
TN:
SF:dist/utils/importPackage.js
FN:5,(anonymous_0)
FN:10,(anonymous_1)
FN:14,(anonymous_2)
FN:18,(anonymous_3)
FNF:4
FNH:4
FNDA:2656,(anonymous_0)
FNDA:2654,(anonymous_1)
FNDA:2,(anonymous_2)
FNDA:138,(anonymous_3)
DA:2,31
DA:3,31
DA:4,31
DA:5,31
DA:6,2656
DA:7,2
DA:10,2654
DA:11,2654
DA:14,31
DA:15,2
DA:17,31
DA:18,31
DA:19,138
DA:21,31
LF:14
LH:14
BRDA:6,0,0,2
BRDA:6,0,1,2654
BRF:2
BRH:2
end_of_record
TN:
SF:dist/utils/index.js
FNF:0
FNH:0
DA:2,31
DA:3,31
DA:4,31
DA:5,31
DA:6,31
DA:7,31
DA:8,31
DA:9,31
DA:10,31
DA:11,31
DA:12,31
DA:13,31
DA:14,31
DA:15,31
DA:16,31
DA:17,31
DA:18,31
DA:19,31
DA:20,31
DA:21,31
DA:22,31
LF:21
LH:21
BRF:0
BRH:0
end_of_record
TN:
SF:dist/utils/log.js
FN:4,(anonymous_0)
FNF:1
FNH:1
FNDA:2309,(anonymous_0)
DA:2,31
DA:3,31
DA:4,31
DA:6,2309
DA:7,2309
DA:10,2309
DA:11,2308
LF:7
LH:7
BRDA:10,0,0,2308
BRDA:10,0,1,1
BRDA:10,1,0,2309
BRDA:10,1,1,2308
BRF:4
BRH:4
end_of_record
TN:
SF:dist/utils/merge_objects.js
FN:4,(anonymous_0)
FN:9,(anonymous_1)
FN:9,(anonymous_2)
FN:11,(anonymous_3)
FN:22,(anonymous_4)
FNF:5
FNH:5
FNDA:31,(anonymous_0)
FNDA:259,(anonymous_1)
FNDA:237,(anonymous_2)
FNDA:483,(anonymous_3)
FNDA:597,(anonymous_4)
DA:4,31
DA:5,31
DA:6,31
DA:7,31
DA:9,259
DA:11,237
DA:12,483
DA:13,1
DA:15,482
DA:16,236
DA:19,246
DA:20,2
DA:22,244
DA:23,597
DA:24,70
DA:25,58
DA:27,12
DA:28,7
DA:31,5
DA:34,527
DA:35,32
DA:37,495
DA:38,4
DA:40,491
DA:41,47
DA:42,10
DA:44,37
DA:45,18
DA:48,19
DA:52,444
DA:57,234
DA:59,31
DA:60,31
DA:61,31
LF:34
LH:34
BRDA:8,0,0,31
BRDA:8,0,1,31
BRDA:9,1,0,31
BRDA:12,2,0,1
BRDA:12,2,1,482
BRDA:15,3,0,236
BRDA:15,3,1,246
BRDA:19,4,0,2
BRDA:19,4,1,244
BRDA:23,5,0,70
BRDA:23,5,1,527
BRDA:23,6,0,597
BRDA:23,6,1,106
BRDA:23,6,2,106
BRDA:23,6,3,70
BRDA:23,6,4,70
BRDA:24,7,0,58
BRDA:24,7,1,12
BRDA:27,8,0,7
BRDA:27,8,1,5
BRDA:34,9,0,32
BRDA:34,9,1,495
BRDA:34,10,0,527
BRDA:34,10,1,36
BRDA:37,11,0,4
BRDA:37,11,1,491
BRDA:40,12,0,47
BRDA:40,12,1,444
BRDA:41,13,0,10
BRDA:41,13,1,37
BRDA:44,14,0,18
BRDA:44,14,1,19
BRF:32
BRH:32
end_of_record
TN:
SF:dist/utils/parentKey.js
FN:3,default_1
FNF:1
FNH:1
FNDA:1467,default_1
DA:2,31
DA:4,1467
DA:6,31
LF:3
LH:3
BRF:0
BRH:0
end_of_record
TN:
SF:dist/utils/set_immediate_promise.js
FN:4,(anonymous_0)
FN:4,(anonymous_1)
FNF:2
FNH:2
FNDA:125,(anonymous_0)
FNDA:125,(anonymous_1)
DA:2,31
DA:4,125
LF:2
LH:2
BRF:0
BRH:0
end_of_record
TN:
SF:dist/utils/timeout.js
FN:3,(anonymous_0)
FN:5,(anonymous_1)
FN:9,(anonymous_2)
FNF:3
FNH:3
FNDA:40,(anonymous_0)
FNDA:40,(anonymous_1)
FNDA:39,(anonymous_2)
DA:2,31
DA:3,31
DA:4,40
DA:5,40
DA:6,40
DA:7,1
DA:9,40
LF:7
LH:7
BRDA:4,0,0,1
BRDA:4,0,1,39
BRDA:6,1,0,1
BRDA:6,1,1,39
BRF:4
BRH:4
end_of_record
TN:
SF:dist/utils/type_name.js
FN:4,(anonymous_0)
FN:19,(anonymous_1)
FNF:2
FNH:2
FNDA:60,(anonymous_0)
FNDA:63,(anonymous_1)
DA:2,31
DA:4,31
DA:5,60
DA:6,60
DA:7,1
DA:11,59
DA:12,2
DA:15,57
DA:19,63
DA:20,60
LF:10
LH:10
BRDA:6,0,0,1
BRDA:6,0,1,59
BRDA:11,1,0,2
BRDA:11,1,1,57
BRDA:11,2,0,59
BRDA:11,2,1,4
BRDA:11,2,2,4
BRDA:19,3,0,3
BRDA:19,3,1,57
BRF:9
BRH:9
end_of_record
TN:
SF:dist/utils/unique_array_elements.js
FN:4,(anonymous_0)
FN:4,(anonymous_1)
FN:4,(anonymous_2)
FNF:3
FNH:3
FNDA:39,(anonymous_0)
FNDA:80,(anonymous_1)
FNDA:98,(anonymous_2)
DA:2,31
DA:3,31
DA:4,98
LF:3
LH:3
BRF:0
BRH:0
end_of_record
TN:
SF:dist/utils/dynamoose/convertConditionArrayRequestObjectToString.js
FN:2,(anonymous_0)
FN:3,(anonymous_1)
FN:6,(anonymous_2)
FNF:3
FNH:3
FNDA:182,(anonymous_0)
FNDA:148,(anonymous_1)
FNDA:296,(anonymous_2)
DA:2,31
DA:3,182
DA:4,148
DA:5,148
DA:6,296
DA:9,31
LF:6
LH:6
BRDA:5,0,0,8
BRDA:5,0,1,140
BRF:2
BRH:2
end_of_record
TN:
SF:dist/utils/dynamoose/getValueTypeCheckResult.js
FN:8,(anonymous_0)
FN:11,(anonymous_1)
FN:13,(anonymous_2)
FN:13,(anonymous_3)
FN:16,(anonymous_4)
FNF:5
FNH:5
FNDA:14010,(anonymous_0)
FNDA:12901,(anonymous_1)
FNDA:25802,(anonymous_2)
FNDA:13613,(anonymous_3)
FNDA:12901,(anonymous_4)
DA:2,31
DA:8,31
DA:9,14010
DA:10,12775
DA:11,12775
DA:13,25802
DA:14,11386
DA:16,12901
DA:17,12775
DA:18,12775
DA:19,12775
DA:20,12775
DA:21,12775
LF:13
LH:13
BRDA:10,0,0,126
BRDA:10,0,1,12649
BRDA:13,1,0,11386
BRDA:13,1,1,1515
BRDA:13,2,0,11636
BRDA:13,2,1,1265
BRDA:13,3,0,12901
BRDA:13,3,1,12901
BRDA:13,4,0,11636
BRDA:13,4,1,1265
BRDA:13,5,0,12901
BRDA:13,5,1,12901
BRF:12
BRH:12
end_of_record
TN:
SF:dist/utils/dynamoose/get_provisioned_throughput.js
FN:3,(anonymous_0)
FNF:1
FNH:1
FNDA:261,(anonymous_0)
DA:2,31
DA:3,31
DA:4,261
DA:5,10
DA:7,251
DA:8,4
DA:13,247
LF:7
LH:7
BRDA:4,0,0,10
BRDA:4,0,1,251
BRDA:7,1,0,4
BRDA:7,1,1,247
BRDA:15,2,0,6
BRDA:15,2,1,241
BRDA:16,3,0,6
BRDA:16,3,1,241
BRF:8
BRH:8
end_of_record
TN:
SF:dist/utils/dynamoose/index.js
FNF:0
FNH:0
DA:2,31
DA:3,31
DA:4,31
DA:5,31
DA:6,31
DA:7,31
DA:8,31
DA:9,31
LF:8
LH:8
BRF:0
BRH:0
end_of_record
TN:
SF:dist/utils/dynamoose/index_changes.js
FN:9,(anonymous_0)
FN:13,(anonymous_1)
FN:18,(anonymous_2)
FN:20,(anonymous_3)
FN:25,(anonymous_4)
FN:26,(anonymous_5)
FN:29,(anonymous_6)
FN:29,(anonymous_7)
FN:29,(anonymous_8)
FN:29,(anonymous_9)
FNF:10
FNH:10
FNDA:31,(anonymous_0)
FNDA:43,(anonymous_1)
FNDA:7,(anonymous_2)
FNDA:81,(anonymous_3)
FNDA:4,(anonymous_4)
FNDA:4,(anonymous_5)
FNDA:13,(anonymous_6)
FNDA:1,(anonymous_7)
FNDA:4,(anonymous_8)
FNDA:10,(anonymous_9)
DA:2,31
DA:3,31
DA:4,31
DA:5,31
DA:6,31
DA:7,31
DA:9,31
DA:10,31
DA:11,31
DA:13,31
DA:14,43
DA:15,43
DA:17,43
DA:18,43
DA:19,7
DA:20,7
DA:21,81
DA:22,1
DA:25,7
DA:26,4
DA:27,43
DA:29,43
DA:33,43
DA:34,43
DA:36,31
LF:25
LH:25
BRDA:12,0,0,31
BRDA:12,0,1,31
BRDA:13,1,0,34
BRDA:21,2,0,1
BRDA:21,2,1,80
BRDA:25,3,0,7
BRDA:25,3,1,3
BRDA:29,4,0,43
BRDA:29,4,1,33
BRF:9
BRH:9
end_of_record
TN:
SF:dist/utils/dynamoose/itemToJSON.js
FN:5,itemToJSON
FNF:1
FNH:1
FNDA:367,itemToJSON
DA:2,31
DA:3,31
DA:6,367
DA:8,31
LF:4
LH:4
BRDA:6,0,0,48
BRDA:6,0,1,319
BRF:2
BRH:2
end_of_record
TN:
SF:dist/utils/dynamoose/returnModel.js
FN:4,(anonymous_0)
FN:10,(anonymous_1)
FN:11,(anonymous_2)
FN:13,(anonymous_3)
FN:20,(anonymous_4)
FNF:5
FNH:5
FNDA:2528,(anonymous_0)
FNDA:48032,(anonymous_1)
FNDA:42976,(anonymous_2)
FNDA:12640,(anonymous_3)
FNDA:25280,(anonymous_4)
DA:2,31
DA:3,31
DA:4,31
DA:5,2528
DA:6,2528
DA:10,48032
DA:11,2528
DA:12,42976
DA:13,7584
DA:14,12640
DA:15,12640
DA:16,12640
DA:17,2528
DA:20,10112
DA:21,25280
DA:22,25280
DA:23,25280
DA:24,5056
DA:27,20224
DA:32,7584
DA:35,35392
DA:38,2528
DA:42,2528
LF:23
LH:23
BRDA:12,0,0,7584
BRDA:12,0,1,35392
BRDA:16,1,0,2528
BRDA:16,1,1,10112
BRDA:16,2,0,12640
BRDA:16,2,1,12640
BRDA:16,2,2,2528
BRDA:23,3,0,5056
BRDA:23,3,1,20224
BRF:9
BRH:9
end_of_record
